mode: set
lab1/main.go:31.13,33.16 2 0
lab1/main.go:33.16,34.13 1 0
lab1/main.go:36.2,37.16 2 0
lab1/main.go:37.16,38.13 1 0
lab1/main.go:41.2,53.91 10 0
lab1/main.go:53.91,56.3 1 0
lab1/main.go:58.2,58.91 1 0
lab1/main.go:58.91,61.3 1 0
lab1/main.go:63.2,66.52 4 0
lab1/main.go:66.52,68.3 1 0
lab1/main.go:70.2,73.52 4 0
lab1/main.go:73.52,75.3 1 0
lab1/main.go:77.2,84.55 6 0
lab1/main.go:84.55,86.3 1 0
lab1/main.go:88.2,89.52 2 0
lab1/main.go:89.52,91.3 1 0
lab1/main.go:91.8,93.3 1 0
lab1/main.go:95.2,125.16 25 0
lab1/main.go:125.16,126.13 1 0
lab1/main.go:128.2,132.16 4 0
lab1/main.go:132.16,133.13 1 0
lab1/main.go:135.2,135.105 1 0
lab1/main.go:31.13,33.16 2 0
lab1/main.go:33.16,34.13 1 0
lab1/main.go:36.2,37.16 2 0
lab1/main.go:37.16,38.13 1 0
lab1/main.go:41.2,53.91 10 0
lab1/main.go:53.91,56.3 1 0
lab1/main.go:58.2,58.91 1 0
lab1/main.go:58.91,61.3 1 0
lab1/main.go:63.2,66.52 4 0
lab1/main.go:66.52,68.3 1 0
lab1/main.go:70.2,73.52 4 0
lab1/main.go:73.52,75.3 1 0
lab1/main.go:77.2,84.55 6 0
lab1/main.go:84.55,86.3 1 0
lab1/main.go:88.2,89.52 2 0
lab1/main.go:89.52,91.3 1 0
lab1/main.go:91.8,93.3 1 0
lab1/main.go:95.2,125.16 25 0
lab1/main.go:125.16,126.13 1 0
lab1/main.go:128.2,132.16 4 0
lab1/main.go:132.16,133.13 1 0
lab1/main.go:135.2,135.105 1 0
lab1/task1/errors.go:11.37,12.12 1 0
lab1/task1/errors.go:12.12,14.3 1 0
lab1/task1/errors.go:15.2,15.13 1 0
lab1/task1/errors.go:18.24,19.11 1 0
lab1/task1/errors.go:19.11,21.3 1 0
lab1/task1/errors.go:22.2,22.10 1 0
lab1/task1/errors.go:25.24,26.11 1 0
lab1/task1/errors.go:26.11,28.3 1 0
lab1/task1/errors.go:29.2,29.10 1 0
lab1/task1/rectangle.go:12.58,15.36 3 0
lab1/task1/rectangle.go:15.36,17.3 1 0
lab1/task1/rectangle.go:18.2,18.75 1 0
lab1/task1/rectangle.go:21.36,23.2 1 0
lab1/task1/rectangle.go:25.48,30.2 1 0
lab1/task1/rectangle.go:32.32,34.2 1 0
lab1/task1/rectangle.go:36.33,38.2 1 0
lab1/task1/rectangle.go:40.40,47.2 1 0
lab1/task1/rectangle.go:49.47,56.2 1 0
lab1/task1/rectangle.go:58.75,61.37 3 0
lab1/task1/rectangle.go:61.37,63.3 1 0
lab1/task1/rectangle.go:64.2,69.8 1 0
lab1/task1/rectangle.go:72.42,79.2 1 0
lab1/task1/rectangle.go:81.51,82.39 1 0
lab1/task1/rectangle.go:82.39,84.3 1 0
lab1/task1/rectangle.go:85.2,90.8 1 0
lab1/task1/rectangle.go:93.39,95.2 1 0
lab1/task1/rectangle.go:97.45,99.16 2 0
lab1/task1/rectangle.go:99.16,101.3 1 0
lab1/task1/rectangle.go:102.2,103.12 2 0
lab1/task1/rectangle.go:106.53,112.2 5 0
lab1/task1/rectangle.go:114.50,116.2 1 0
lab1/task1/rectangle.go:118.68,123.36 5 0
lab1/task1/rectangle.go:123.36,125.3 1 0
lab1/task1/rectangle.go:126.2,126.76 1 0
lab1/task1/rectangle.go:129.62,130.44 1 0
lab1/task1/rectangle.go:130.44,133.3 2 0
lab1/task1/rectangle.go:134.2,134.14 1 0
lab1/task1/rectangle.go:137.38,139.2 1 0
lab1/task2/polynomial.go:14.45,17.2 2 1
lab1/task2/polynomial.go:19.46,21.2 1 1
lab1/task2/polynomial.go:23.40,25.2 1 1
lab1/task2/polynomial.go:27.34,29.2 1 1
lab1/task2/polynomial.go:31.52,32.41 1 1
lab1/task2/polynomial.go:32.41,34.3 1 1
lab1/task2/polynomial.go:35.2,35.24 1 1
lab1/task2/polynomial.go:38.49,40.42 2 1
lab1/task2/polynomial.go:40.42,42.3 1 1
lab1/task2/polynomial.go:43.2,43.15 1 1
lab1/task2/polynomial.go:46.54,49.30 3 1
lab1/task2/polynomial.go:49.30,51.3 1 1
lab1/task2/polynomial.go:52.2,52.46 1 1
lab1/task2/polynomial.go:55.50,57.2 1 1
lab1/task2/polynomial.go:59.59,62.30 3 1
lab1/task2/polynomial.go:62.30,64.3 1 1
lab1/task2/polynomial.go:65.2,65.46 1 1
lab1/task2/polynomial.go:68.55,70.2 1 1
lab1/task2/polynomial.go:72.59,74.26 2 1
lab1/task2/polynomial.go:74.26,75.31 1 1
lab1/task2/polynomial.go:75.31,77.4 1 1
lab1/task2/polynomial.go:79.2,79.46 1 1
lab1/task2/polynomial.go:82.55,84.2 1 1
lab1/task2/polynomial.go:86.80,87.22 1 1
lab1/task2/polynomial.go:87.22,89.3 1 1
lab1/task2/polynomial.go:90.2,91.42 2 1
lab1/task2/polynomial.go:91.42,93.3 1 1
lab1/task2/polynomial.go:95.2,96.44 2 1
lab1/task2/polynomial.go:96.44,101.33 4 1
lab1/task2/polynomial.go:101.33,104.4 2 1
lab1/task2/polynomial.go:105.3,105.47 1 1
lab1/task2/polynomial.go:107.2,107.101 1 1
lab1/task2/polynomial.go:110.75,112.16 2 1
lab1/task2/polynomial.go:112.16,114.3 1 0
lab1/task2/polynomial.go:115.2,116.23 2 1
lab1/task2/polynomial.go:119.50,120.40 1 1
lab1/task2/polynomial.go:120.40,122.3 1 1
lab1/task2/polynomial.go:123.2,123.26 1 1
lab1/task2/polynomial.go:123.26,124.49 1 1
lab1/task2/polynomial.go:124.49,126.4 1 1
lab1/task2/polynomial.go:128.2,128.13 1 1
lab1/task2/polynomial.go:131.39,133.2 1 1
lab1/task2/polynomial.go:135.35,137.2 1 1
lab1/task2/polynomial.go:139.44,141.43 2 1
lab1/task2/polynomial.go:141.43,143.3 1 1
lab1/task2/polynomial.go:144.2,144.46 1 1
lab1/task2/polynomial.go:147.37,150.2 2 1
lab1/task2/polynomial.go:152.24,153.11 1 1
lab1/task2/polynomial.go:153.11,155.3 1 1
lab1/task2/polynomial.go:156.2,156.10 1 1
lab1/main.go:31.13,33.16 2 0
lab1/main.go:33.16,34.13 1 0
lab1/main.go:36.2,37.16 2 0
lab1/main.go:37.16,38.13 1 0
lab1/main.go:41.2,53.91 10 0
lab1/main.go:53.91,56.3 1 0
lab1/main.go:58.2,58.91 1 0
lab1/main.go:58.91,61.3 1 0
lab1/main.go:63.2,66.52 4 0
lab1/main.go:66.52,68.3 1 0
lab1/main.go:70.2,73.52 4 0
lab1/main.go:73.52,75.3 1 0
lab1/main.go:77.2,84.55 6 0
lab1/main.go:84.55,86.3 1 0
lab1/main.go:88.2,89.52 2 0
lab1/main.go:89.52,91.3 1 0
lab1/main.go:91.8,93.3 1 0
lab1/main.go:95.2,125.16 25 0
lab1/main.go:125.16,126.13 1 0
lab1/main.go:128.2,132.16 4 0
lab1/main.go:132.16,133.13 1 0
lab1/main.go:135.2,135.105 1 0
lab1/task1/errors.go:11.37,12.12 1 1
lab1/task1/errors.go:12.12,14.3 1 1
lab1/task1/errors.go:15.2,15.13 1 1
lab1/task1/errors.go:18.24,19.11 1 1
lab1/task1/errors.go:19.11,21.3 1 1
lab1/task1/errors.go:22.2,22.10 1 1
lab1/task1/errors.go:25.24,26.11 1 1
lab1/task1/errors.go:26.11,28.3 1 1
lab1/task1/errors.go:29.2,29.10 1 1
lab1/task1/rectangle.go:12.58,15.36 3 1
lab1/task1/rectangle.go:15.36,17.3 1 1
lab1/task1/rectangle.go:18.2,18.75 1 1
lab1/task1/rectangle.go:21.36,23.2 1 1
lab1/task1/rectangle.go:25.48,30.2 1 1
lab1/task1/rectangle.go:32.32,34.2 1 1
lab1/task1/rectangle.go:36.33,38.2 1 1
lab1/task1/rectangle.go:40.40,47.2 1 1
lab1/task1/rectangle.go:49.47,56.2 1 1
lab1/task1/rectangle.go:58.75,61.37 3 1
lab1/task1/rectangle.go:61.37,63.3 1 1
lab1/task1/rectangle.go:64.2,69.8 1 1
lab1/task1/rectangle.go:72.42,79.2 1 1
lab1/task1/rectangle.go:81.51,82.39 1 1
lab1/task1/rectangle.go:82.39,84.3 1 1
lab1/task1/rectangle.go:85.2,90.8 1 1
lab1/task1/rectangle.go:93.39,95.2 1 1
lab1/task1/rectangle.go:97.45,99.16 2 1
lab1/task1/rectangle.go:99.16,101.3 1 1
lab1/task1/rectangle.go:102.2,103.12 2 1
lab1/task1/rectangle.go:106.53,112.2 5 1
lab1/task1/rectangle.go:114.50,116.2 1 1
lab1/task1/rectangle.go:118.68,123.36 5 1
lab1/task1/rectangle.go:123.36,125.3 1 1
lab1/task1/rectangle.go:126.2,126.76 1 1
lab1/task1/rectangle.go:129.62,130.44 1 1
lab1/task1/rectangle.go:130.44,133.3 2 1
lab1/task1/rectangle.go:134.2,134.14 1 1
lab1/task1/rectangle.go:137.38,139.2 1 1
lab1/task2/polynomial.go:14.45,17.2 2 0
lab1/task2/polynomial.go:19.46,21.2 1 0
lab1/task2/polynomial.go:23.40,25.2 1 0
lab1/task2/polynomial.go:27.34,29.2 1 0
lab1/task2/polynomial.go:31.52,32.41 1 0
lab1/task2/polynomial.go:32.41,34.3 1 0
lab1/task2/polynomial.go:35.2,35.24 1 0
lab1/task2/polynomial.go:38.49,40.42 2 0
lab1/task2/polynomial.go:40.42,42.3 1 0
lab1/task2/polynomial.go:43.2,43.15 1 0
lab1/task2/polynomial.go:46.54,49.30 3 0
lab1/task2/polynomial.go:49.30,51.3 1 0
lab1/task2/polynomial.go:52.2,52.46 1 0
lab1/task2/polynomial.go:55.50,57.2 1 0
lab1/task2/polynomial.go:59.59,62.30 3 0
lab1/task2/polynomial.go:62.30,64.3 1 0
lab1/task2/polynomial.go:65.2,65.46 1 0
lab1/task2/polynomial.go:68.55,70.2 1 0
lab1/task2/polynomial.go:72.59,74.26 2 0
lab1/task2/polynomial.go:74.26,75.31 1 0
lab1/task2/polynomial.go:75.31,77.4 1 0
lab1/task2/polynomial.go:79.2,79.46 1 0
lab1/task2/polynomial.go:82.55,84.2 1 0
lab1/task2/polynomial.go:86.80,87.22 1 0
lab1/task2/polynomial.go:87.22,89.3 1 0
lab1/task2/polynomial.go:90.2,91.42 2 0
lab1/task2/polynomial.go:91.42,93.3 1 0
lab1/task2/polynomial.go:95.2,96.44 2 0
lab1/task2/polynomial.go:96.44,101.33 4 0
lab1/task2/polynomial.go:101.33,104.4 2 0
lab1/task2/polynomial.go:105.3,105.47 1 0
lab1/task2/polynomial.go:107.2,107.101 1 0
lab1/task2/polynomial.go:110.75,112.16 2 0
lab1/task2/polynomial.go:112.16,114.3 1 0
lab1/task2/polynomial.go:115.2,116.23 2 0
lab1/task2/polynomial.go:119.50,120.40 1 0
lab1/task2/polynomial.go:120.40,122.3 1 0
lab1/task2/polynomial.go:123.2,123.26 1 0
lab1/task2/polynomial.go:123.26,124.49 1 0
lab1/task2/polynomial.go:124.49,126.4 1 0
lab1/task2/polynomial.go:128.2,128.13 1 0
lab1/task2/polynomial.go:131.39,133.2 1 0
lab1/task2/polynomial.go:135.35,137.2 1 0
lab1/task2/polynomial.go:139.44,141.43 2 0
lab1/task2/polynomial.go:141.43,143.3 1 0
lab1/task2/polynomial.go:144.2,144.46 1 0
lab1/task2/polynomial.go:147.37,150.2 2 0
lab1/task2/polynomial.go:152.24,153.11 1 0
lab1/task2/polynomial.go:153.11,155.3 1 0
lab1/task2/polynomial.go:156.2,156.10 1 0
