mode: set
lab2/pizzeria/communication/notifier.go:17.40,19.2 1 0
lab2/pizzeria/communication/notifier.go:21.65,22.21 1 0
lab2/pizzeria/communication/notifier.go:22.21,24.3 1 0
lab2/pizzeria/communication/notifier.go:25.2,28.12 4 0
lab2/pizzeria/communication/notifier.go:31.41,37.2 5 0
lab2/pizzeria/errors/budget_exceeded_error.go:9.45,11.2 1 0
lab2/pizzeria/errors/currency_mismatch_error.go:10.47,12.2 1 0
lab2/pizzeria/errors/email_not_active_error.go:9.45,11.2 1 0
lab2/pizzeria/errors/inventory_shortage_error.go:9.48,11.2 1 0
lab2/pizzeria/errors/order_validation_error.go:9.46,11.2 1 0
lab2/pizzeria/errors/permission_denied_error.go:9.47,11.2 1 0
lab2/pizzeria/errors/route_not_found_error.go:9.44,11.2 1 0
lab2/pizzeria/errors/supplier_contract_error.go:9.47,11.2 1 0
lab2/pizzeria/errors/task_status_error.go:9.41,11.2 1 0
lab2/pizzeria/errors/team_capacity_error.go:9.43,11.2 1 0
lab2/pizzeria/errors/transaction_declined_error.go:9.50,11.2 1 0
lab2/pizzeria/errors/vehicle_overweight_error.go:9.48,11.2 1 0
lab2/pizzeria/finance/accounting_department.go:9.59,10.37 1 0
lab2/pizzeria/finance/accounting_department.go:10.37,12.3 1 0
lab2/pizzeria/finance/accounting_department.go:13.2,14.12 2 0
lab2/pizzeria/finance/accounting_department.go:17.61,19.33 2 0
lab2/pizzeria/finance/accounting_department.go:19.33,20.25 1 0
lab2/pizzeria/finance/accounting_department.go:20.25,22.4 1 0
lab2/pizzeria/finance/accounting_department.go:24.2,24.14 1 0
lab2/pizzeria/finance/bank_account.go:12.47,14.2 1 0
lab2/pizzeria/finance/bank_account.go:16.54,17.24 1 0
lab2/pizzeria/finance/bank_account.go:17.24,19.3 1 0
lab2/pizzeria/finance/bank_account.go:20.2,21.12 2 0
lab2/pizzeria/finance/budget.go:12.51,14.2 1 1
lab2/pizzeria/finance/budget.go:16.66,17.30 1 1
lab2/pizzeria/finance/budget.go:17.30,19.3 1 1
lab2/pizzeria/finance/budget.go:20.2,22.12 3 0
lab2/pizzeria/finance/budget.go:25.37,27.2 1 0
lab2/pizzeria/finance/currency.go:11.49,13.2 1 0
lab2/pizzeria/finance/currency.go:15.48,16.17 1 0
lab2/pizzeria/finance/currency.go:16.17,18.3 1 0
lab2/pizzeria/finance/currency_converter.go:10.60,12.2 1 0
lab2/pizzeria/finance/currency_converter.go:14.64,15.20 1 0
lab2/pizzeria/finance/currency_converter.go:15.20,17.3 1 0
lab2/pizzeria/finance/currency_converter.go:18.2,18.22 1 0
lab2/pizzeria/finance/currency_converter.go:21.82,23.9 2 0
lab2/pizzeria/finance/currency_converter.go:23.9,25.3 1 0
lab2/pizzeria/finance/currency_converter.go:26.2,26.27 1 0
lab2/pizzeria/finance/receipt.go:11.55,14.2 2 0
lab2/pizzeria/finance/receipt.go:16.35,18.2 1 0
lab2/pizzeria/finance/transaction.go:17.39,18.34 1 0
lab2/pizzeria/finance/transaction.go:18.34,20.3 1 0
lab2/pizzeria/finance/transaction.go:21.2,21.50 1 0
lab2/pizzeria/finance/transaction.go:21.50,23.3 1 0
lab2/pizzeria/finance/transaction.go:24.2,25.16 2 0
lab2/pizzeria/finance/transaction.go:25.16,27.3 1 0
lab2/pizzeria/finance/transaction.go:28.2,29.12 2 0
lab2/pizzeria/finance/transaction.go:32.40,34.2 1 0
lab2/pizzeria/hr/email_account.go:15.51,17.2 1 0
lab2/pizzeria/hr/email_account.go:19.35,21.2 1 0
lab2/pizzeria/hr/email_account.go:23.47,25.2 1 0
lab2/pizzeria/hr/email_account.go:27.60,28.15 1 0
lab2/pizzeria/hr/email_account.go:28.15,30.3 1 0
lab2/pizzeria/hr/email_account.go:31.2,31.60 1 0
lab2/pizzeria/hr/employee.go:17.56,18.30 1 0
lab2/pizzeria/hr/employee.go:18.30,20.3 1 0
lab2/pizzeria/hr/employee.go:21.2,22.12 2 0
lab2/pizzeria/hr/employee.go:25.52,26.34 1 0
lab2/pizzeria/hr/employee.go:26.34,27.20 1 0
lab2/pizzeria/hr/employee.go:27.20,29.4 1 0
lab2/pizzeria/hr/employee.go:31.2,31.14 1 0
lab2/pizzeria/hr/employee.go:34.59,36.2 1 0
lab2/pizzeria/hr/employee.go:38.35,40.2 1 0
lab2/pizzeria/hr/employee_task.go:16.41,17.46 1 0
lab2/pizzeria/hr/employee_task.go:17.46,19.3 1 0
lab2/pizzeria/hr/employee_task.go:20.2,21.12 2 0
lab2/pizzeria/hr/employee_task.go:24.41,26.2 1 0
lab2/pizzeria/hr/hr_department.go:9.78,14.2 4 0
lab2/pizzeria/hr/hr_department.go:16.59,18.30 2 0
lab2/pizzeria/hr/hr_department.go:18.30,20.52 2 0
lab2/pizzeria/hr/hr_department.go:20.52,21.24 1 0
lab2/pizzeria/hr/hr_department.go:21.24,23.13 2 0
lab2/pizzeria/hr/hr_department.go:25.4,25.37 1 0
lab2/pizzeria/hr/hr_department.go:27.3,27.41 1 0
lab2/pizzeria/hr/hr_department.go:29.2,29.16 1 0
lab2/pizzeria/hr/id_generator.go:11.48,13.2 1 0
lab2/pizzeria/hr/id_generator.go:15.37,20.2 4 0
lab2/pizzeria/hr/id_generator.go:22.31,24.2 1 0
lab2/pizzeria/hr/permission.go:11.30,13.2 1 0
lab2/pizzeria/hr/permission.go:15.45,17.2 1 0
lab2/pizzeria/hr/status.go:11.49,14.2 2 0
lab2/pizzeria/hr/status.go:16.40,18.2 1 0
lab2/pizzeria/hr/status.go:20.35,22.2 1 0
lab2/pizzeria/hr/team.go:11.46,12.34 1 0
lab2/pizzeria/hr/team.go:12.34,14.3 1 0
lab2/pizzeria/hr/team.go:15.2,16.12 2 0
lab2/pizzeria/hr/team.go:19.37,20.21 1 0
lab2/pizzeria/hr/team.go:20.21,22.3 1 0
lab2/pizzeria/hr/team.go:23.2,23.54 1 0
lab2/pizzeria/logistics/cargo.go:12.46,14.17 2 0
lab2/pizzeria/logistics/cargo.go:14.17,16.3 1 0
lab2/pizzeria/logistics/cargo.go:19.34,21.2 1 0
lab2/pizzeria/logistics/cargo_sorting_plan.go:10.50,12.2 1 0
lab2/pizzeria/logistics/cargo_sorting_plan.go:14.49,16.31 2 0
lab2/pizzeria/logistics/cargo_sorting_plan.go:16.31,18.3 1 0
lab2/pizzeria/logistics/cargo_sorting_plan.go:19.2,19.14 1 0
lab2/pizzeria/logistics/cargo_sorting_plan.go:23.55,24.24 1 0
lab2/pizzeria/logistics/cargo_sorting_plan.go:24.24,26.3 1 0
lab2/pizzeria/logistics/cargo_sorting_plan.go:27.2,27.48 1 0
lab2/pizzeria/logistics/carrier.go:9.50,11.2 1 0
lab2/pizzeria/logistics/carrier.go:13.47,15.2 1 0
lab2/pizzeria/logistics/logistics_center.go:12.49,14.2 1 0
lab2/pizzeria/logistics/logistics_center.go:16.60,18.2 1 0
lab2/pizzeria/logistics/logistics_department.go:15.65,16.34 1 0
lab2/pizzeria/logistics/logistics_department.go:16.34,18.3 1 0
lab2/pizzeria/logistics/logistics_department.go:19.2,20.12 2 0
lab2/pizzeria/logistics/logistics_department.go:23.51,25.2 1 0
lab2/pizzeria/logistics/material.go:11.50,12.22 1 0
lab2/pizzeria/logistics/material.go:12.22,14.3 1 0
lab2/pizzeria/logistics/material.go:15.2,16.12 2 0
lab2/pizzeria/logistics/material.go:19.44,21.2 1 0
lab2/pizzeria/logistics/product.go:9.52,11.2 1 0
lab2/pizzeria/logistics/product.go:13.40,15.2 1 0
lab2/pizzeria/logistics/route.go:11.38,13.2 1 0
lab2/pizzeria/logistics/route.go:15.59,16.16 1 0
lab2/pizzeria/logistics/route.go:16.16,18.3 1 0
lab2/pizzeria/logistics/route.go:19.2,19.32 1 0
lab2/pizzeria/logistics/shipment.go:12.38,14.2 1 0
lab2/pizzeria/logistics/shipment.go:16.36,18.2 1 0
lab2/pizzeria/logistics/vehicle.go:11.39,13.35 2 0
lab2/pizzeria/logistics/vehicle.go:13.35,15.3 1 0
lab2/pizzeria/logistics/vehicle.go:16.2,16.39 1 0
lab2/pizzeria/logistics/vehicle.go:16.39,18.3 1 0
lab2/pizzeria/logistics/vehicle.go:19.2,20.12 2 0
lab2/pizzeria/logistics/vehicle.go:23.34,25.2 1 0
lab2/pizzeria/logistics/vehicle_type.go:9.52,11.2 1 0
lab2/pizzeria/logistics/vehicle_type.go:13.40,15.2 1 0
lab2/pizzeria/logistics/warehouse.go:16.42,17.34 1 0
lab2/pizzeria/logistics/warehouse.go:17.34,19.3 1 0
lab2/pizzeria/logistics/warehouse.go:20.2,22.12 3 0
lab2/pizzeria/logistics/warehouse.go:25.42,26.21 1 0
lab2/pizzeria/logistics/warehouse.go:26.21,28.3 1 0
lab2/pizzeria/logistics/warehouse.go:29.2,29.28 1 0
lab2/pizzeria/logistics/weight_map.go:8.59,9.20 1 0
lab2/pizzeria/logistics/weight_map.go:9.20,11.3 1 0
lab2/pizzeria/logistics/weight_map.go:12.2,12.24 1 0
lab2/pizzeria/logistics/weight_map.go:15.42,17.33 2 0
lab2/pizzeria/logistics/weight_map.go:17.33,19.3 1 0
lab2/pizzeria/logistics/weight_map.go:20.2,20.14 1 0
lab2/pizzeria/marketing/advertisement.go:11.49,13.2 1 1
lab2/pizzeria/marketing/advertisement.go:15.41,17.2 1 1
lab2/pizzeria/marketing/advertising_channel.go:9.57,11.2 1 1
lab2/pizzeria/marketing/advertising_channel.go:13.44,15.2 1 1
lab2/pizzeria/marketing/campaign_report.go:9.64,10.22 1 1
lab2/pizzeria/marketing/campaign_report.go:10.22,12.3 1 1
lab2/pizzeria/marketing/campaign_report.go:13.2,13.25 1 1
lab2/pizzeria/marketing/campaign_report.go:16.47,18.2 1 1
lab2/pizzeria/marketing/campaign_report.go:20.41,22.30 2 1
lab2/pizzeria/marketing/campaign_report.go:22.30,24.3 1 1
lab2/pizzeria/marketing/campaign_report.go:25.2,25.14 1 1
lab2/pizzeria/marketing/country.go:9.46,11.2 1 1
lab2/pizzeria/marketing/country.go:13.55,15.2 1 1
lab2/pizzeria/marketing/marketing_campaign.go:13.50,15.2 1 1
lab2/pizzeria/marketing/marketing_campaign.go:17.57,18.58 1 1
lab2/pizzeria/marketing/marketing_campaign.go:18.58,20.3 1 1
lab2/pizzeria/marketing/marketing_campaign.go:21.2,21.12 1 0
lab2/pizzeria/marketing/marketing_department.go:10.66,12.2 1 1
lab2/pizzeria/marketing/marketing_department.go:14.52,16.2 1 1
lab2/pizzeria/production/factory.go:13.48,15.2 1 0
lab2/pizzeria/production/factory.go:17.60,19.2 1 0
lab2/pizzeria/production/factory.go:21.33,23.31 2 0
lab2/pizzeria/production/factory.go:23.31,25.3 1 0
lab2/pizzeria/production/factory.go:26.2,26.14 1 0
lab2/pizzeria/production/production_line.go:12.57,14.2 1 0
lab2/pizzeria/production/production_line.go:16.37,18.33 2 0
lab2/pizzeria/production/production_line.go:18.33,20.3 1 0
lab2/pizzeria/production/production_line.go:21.2,21.14 1 0
lab2/pizzeria/production/production_order.go:13.48,15.2 1 0
lab2/pizzeria/production/production_order.go:17.42,18.28 1 0
lab2/pizzeria/production/production_order.go:18.28,20.3 1 0
lab2/pizzeria/production/production_order.go:21.2,21.10 1 0
lab2/pizzeria/production/production_plan.go:11.58,13.2 1 0
lab2/pizzeria/production/production_plan.go:15.57,16.39 1 0
lab2/pizzeria/production/production_plan.go:16.39,17.28 1 0
lab2/pizzeria/production/production_plan.go:17.28,19.4 1 0
lab2/pizzeria/production/production_plan.go:21.2,21.14 1 0
lab2/pizzeria/production/production_unit.go:13.61,15.2 1 0
lab2/pizzeria/production/production_unit.go:17.46,19.2 1 0
lab2/pizzeria/production/technological_card.go:11.50,13.2 1 0
lab2/pizzeria/production/technological_card.go:15.44,17.2 1 0
lab2/pizzeria/sales/contract.go:9.41,11.2 1 0
lab2/pizzeria/sales/contract.go:13.46,14.32 1 0
lab2/pizzeria/sales/contract.go:14.32,15.20 1 0
lab2/pizzeria/sales/contract.go:15.20,17.4 1 0
lab2/pizzeria/sales/contract.go:19.2,19.14 1 0
lab2/pizzeria/sales/customer.go:11.44,13.2 1 0
lab2/pizzeria/sales/customer.go:15.36,17.2 1 0
lab2/pizzeria/sales/delivery.go:12.52,14.2 1 0
lab2/pizzeria/sales/delivery.go:16.31,18.2 1 0
lab2/pizzeria/sales/invoice.go:9.30,11.2 1 0
lab2/pizzeria/sales/invoice.go:13.32,15.2 1 0
lab2/pizzeria/sales/order.go:15.47,16.24 1 0
lab2/pizzeria/sales/order.go:16.24,18.3 1 0
lab2/pizzeria/sales/order.go:19.2,20.12 2 0
lab2/pizzeria/sales/order.go:23.32,25.31 2 0
lab2/pizzeria/sales/order.go:25.31,27.3 1 0
lab2/pizzeria/sales/order.go:28.2,28.14 1 0
lab2/pizzeria/sales/order_item.go:15.35,17.2 1 0
lab2/pizzeria/sales/order_item.go:19.38,21.2 1 0
lab2/pizzeria/sales/procurement_department.go:15.74,16.34 1 0
lab2/pizzeria/sales/procurement_department.go:16.34,18.3 1 0
lab2/pizzeria/sales/procurement_department.go:19.2,20.12 2 0
lab2/pizzeria/sales/procurement_department.go:23.56,25.2 1 0
lab2/pizzeria/sales/purchase_order.go:12.66,14.2 1 0
lab2/pizzeria/sales/purchase_order.go:16.44,18.2 1 0
lab2/pizzeria/sales/sales_department.go:20.54,22.2 1 0
lab2/pizzeria/sales/sales_department.go:24.50,26.40 2 0
lab2/pizzeria/sales/sales_department.go:26.40,27.26 1 0
lab2/pizzeria/sales/sales_department.go:27.26,29.4 1 0
lab2/pizzeria/sales/sales_department.go:31.2,31.16 1 0
lab2/pizzeria/sales/sales_department.go:34.59,35.22 1 0
lab2/pizzeria/sales/sales_department.go:35.22,37.3 1 0
lab2/pizzeria/sales/sales_department.go:38.2,38.44 1 0
lab2/pizzeria/sales/sales_department.go:41.68,42.22 1 0
lab2/pizzeria/sales/sales_department.go:42.22,44.3 1 0
lab2/pizzeria/sales/sales_department.go:45.2,46.16 2 0
lab2/pizzeria/sales/sales_department.go:46.16,48.3 1 0
lab2/pizzeria/sales/sales_department.go:49.2,50.9 2 0
lab2/pizzeria/sales/sales_department.go:50.9,52.3 1 0
lab2/pizzeria/sales/sales_department.go:53.2,53.19 1 0
lab2/pizzeria/sales/sales_department.go:56.66,57.52 1 0
lab2/pizzeria/sales/sales_department.go:57.52,59.3 1 0
lab2/pizzeria/sales/sales_department.go:60.2,60.115 1 0
lab2/pizzeria/sales/supplier.go:16.78,17.39 1 0
lab2/pizzeria/sales/supplier.go:17.39,18.28 1 0
lab2/pizzeria/sales/supplier.go:18.28,20.4 1 0
lab2/pizzeria/sales/supplier.go:22.2,22.60 1 0
lab2/pizzeria/sales/supplier.go:25.76,26.37 1 0
lab2/pizzeria/sales/supplier.go:26.37,27.27 1 0
lab2/pizzeria/sales/supplier.go:27.27,29.4 1 0
lab2/pizzeria/sales/supplier.go:31.2,31.60 1 0
lab2/pizzeria/storage/storage.go:18.40,20.2 1 0
lab2/pizzeria/storage/storage.go:22.59,27.2 4 0
lab2/pizzeria/storage/storage.go:29.55,33.9 4 0
lab2/pizzeria/storage/storage.go:33.9,35.3 1 0
lab2/pizzeria/storage/storage.go:36.2,36.15 1 0
lab2/pizzeria/communication/notifier.go:17.40,19.2 1 0
lab2/pizzeria/communication/notifier.go:21.65,22.21 1 0
lab2/pizzeria/communication/notifier.go:22.21,24.3 1 0
lab2/pizzeria/communication/notifier.go:25.2,28.12 4 0
lab2/pizzeria/communication/notifier.go:31.41,37.2 5 0
lab2/pizzeria/errors/budget_exceeded_error.go:9.45,11.2 1 0
lab2/pizzeria/errors/currency_mismatch_error.go:10.47,12.2 1 0
lab2/pizzeria/errors/email_not_active_error.go:9.45,11.2 1 0
lab2/pizzeria/errors/inventory_shortage_error.go:9.48,11.2 1 0
lab2/pizzeria/errors/order_validation_error.go:9.46,11.2 1 0
lab2/pizzeria/errors/permission_denied_error.go:9.47,11.2 1 0
lab2/pizzeria/errors/route_not_found_error.go:9.44,11.2 1 0
lab2/pizzeria/errors/supplier_contract_error.go:9.47,11.2 1 0
lab2/pizzeria/errors/task_status_error.go:9.41,11.2 1 0
lab2/pizzeria/errors/team_capacity_error.go:9.43,11.2 1 0
lab2/pizzeria/errors/transaction_declined_error.go:9.50,11.2 1 0
lab2/pizzeria/errors/vehicle_overweight_error.go:9.48,11.2 1 0
lab2/pizzeria/finance/accounting_department.go:9.59,10.37 1 0
lab2/pizzeria/finance/accounting_department.go:10.37,12.3 1 0
lab2/pizzeria/finance/accounting_department.go:13.2,14.12 2 0
lab2/pizzeria/finance/accounting_department.go:17.61,19.33 2 0
lab2/pizzeria/finance/accounting_department.go:19.33,20.25 1 0
lab2/pizzeria/finance/accounting_department.go:20.25,22.4 1 0
lab2/pizzeria/finance/accounting_department.go:24.2,24.14 1 0
lab2/pizzeria/finance/bank_account.go:12.47,14.2 1 0
lab2/pizzeria/finance/bank_account.go:16.54,17.24 1 0
lab2/pizzeria/finance/bank_account.go:17.24,19.3 1 0
lab2/pizzeria/finance/bank_account.go:20.2,21.12 2 0
lab2/pizzeria/finance/budget.go:12.51,14.2 1 0
lab2/pizzeria/finance/budget.go:16.66,17.30 1 0
lab2/pizzeria/finance/budget.go:17.30,19.3 1 0
lab2/pizzeria/finance/budget.go:20.2,22.12 3 0
lab2/pizzeria/finance/budget.go:25.37,27.2 1 0
lab2/pizzeria/finance/currency.go:11.49,13.2 1 0
lab2/pizzeria/finance/currency.go:15.48,16.17 1 0
lab2/pizzeria/finance/currency.go:16.17,18.3 1 0
lab2/pizzeria/finance/currency_converter.go:10.60,12.2 1 0
lab2/pizzeria/finance/currency_converter.go:14.64,15.20 1 0
lab2/pizzeria/finance/currency_converter.go:15.20,17.3 1 0
lab2/pizzeria/finance/currency_converter.go:18.2,18.22 1 0
lab2/pizzeria/finance/currency_converter.go:21.82,23.9 2 0
lab2/pizzeria/finance/currency_converter.go:23.9,25.3 1 0
lab2/pizzeria/finance/currency_converter.go:26.2,26.27 1 0
lab2/pizzeria/finance/receipt.go:11.55,14.2 2 0
lab2/pizzeria/finance/receipt.go:16.35,18.2 1 0
lab2/pizzeria/finance/transaction.go:17.39,18.34 1 0
lab2/pizzeria/finance/transaction.go:18.34,20.3 1 0
lab2/pizzeria/finance/transaction.go:21.2,21.50 1 0
lab2/pizzeria/finance/transaction.go:21.50,23.3 1 0
lab2/pizzeria/finance/transaction.go:24.2,25.16 2 0
lab2/pizzeria/finance/transaction.go:25.16,27.3 1 0
lab2/pizzeria/finance/transaction.go:28.2,29.12 2 0
lab2/pizzeria/finance/transaction.go:32.40,34.2 1 0
lab2/pizzeria/hr/email_account.go:15.51,17.2 1 1
lab2/pizzeria/hr/email_account.go:19.35,21.2 1 1
lab2/pizzeria/hr/email_account.go:23.47,25.2 1 1
lab2/pizzeria/hr/email_account.go:27.60,28.15 1 1
lab2/pizzeria/hr/email_account.go:28.15,30.3 1 1
lab2/pizzeria/hr/email_account.go:31.2,31.60 1 1
lab2/pizzeria/hr/employee.go:17.56,18.30 1 1
lab2/pizzeria/hr/employee.go:18.30,20.3 1 0
lab2/pizzeria/hr/employee.go:21.2,22.12 2 1
lab2/pizzeria/hr/employee.go:25.52,26.34 1 1
lab2/pizzeria/hr/employee.go:26.34,27.20 1 1
lab2/pizzeria/hr/employee.go:27.20,29.4 1 1
lab2/pizzeria/hr/employee.go:31.2,31.14 1 0
lab2/pizzeria/hr/employee.go:34.59,36.2 1 1
lab2/pizzeria/hr/employee.go:38.35,40.2 1 1
lab2/pizzeria/hr/employee_task.go:16.41,17.46 1 1
lab2/pizzeria/hr/employee_task.go:17.46,19.3 1 1
lab2/pizzeria/hr/employee_task.go:20.2,21.12 2 1
lab2/pizzeria/hr/employee_task.go:24.41,26.2 1 1
lab2/pizzeria/hr/hr_department.go:9.78,14.2 4 1
lab2/pizzeria/hr/hr_department.go:16.59,18.30 2 1
lab2/pizzeria/hr/hr_department.go:18.30,20.52 2 1
lab2/pizzeria/hr/hr_department.go:20.52,21.24 1 1
lab2/pizzeria/hr/hr_department.go:21.24,23.13 2 1
lab2/pizzeria/hr/hr_department.go:25.4,25.37 1 0
lab2/pizzeria/hr/hr_department.go:27.3,27.41 1 1
lab2/pizzeria/hr/hr_department.go:29.2,29.16 1 1
lab2/pizzeria/hr/id_generator.go:11.48,13.2 1 1
lab2/pizzeria/hr/id_generator.go:15.37,20.2 4 1
lab2/pizzeria/hr/id_generator.go:22.31,24.2 1 1
lab2/pizzeria/hr/permission.go:11.30,13.2 1 1
lab2/pizzeria/hr/permission.go:15.45,17.2 1 1
lab2/pizzeria/hr/status.go:11.49,14.2 2 1
lab2/pizzeria/hr/status.go:16.40,18.2 1 1
lab2/pizzeria/hr/status.go:20.35,22.2 1 1
lab2/pizzeria/hr/team.go:11.46,12.34 1 1
lab2/pizzeria/hr/team.go:12.34,14.3 1 1
lab2/pizzeria/hr/team.go:15.2,16.12 2 1
lab2/pizzeria/hr/team.go:19.37,20.21 1 1
lab2/pizzeria/hr/team.go:20.21,22.3 1 0
lab2/pizzeria/hr/team.go:23.2,23.54 1 1
lab2/pizzeria/logistics/cargo.go:12.46,14.17 2 0
lab2/pizzeria/logistics/cargo.go:14.17,16.3 1 0
lab2/pizzeria/logistics/cargo.go:19.34,21.2 1 0
lab2/pizzeria/logistics/cargo_sorting_plan.go:10.50,12.2 1 0
lab2/pizzeria/logistics/cargo_sorting_plan.go:14.49,16.31 2 0
lab2/pizzeria/logistics/cargo_sorting_plan.go:16.31,18.3 1 0
lab2/pizzeria/logistics/cargo_sorting_plan.go:19.2,19.14 1 0
lab2/pizzeria/logistics/cargo_sorting_plan.go:23.55,24.24 1 0
lab2/pizzeria/logistics/cargo_sorting_plan.go:24.24,26.3 1 0
lab2/pizzeria/logistics/cargo_sorting_plan.go:27.2,27.48 1 0
lab2/pizzeria/logistics/carrier.go:9.50,11.2 1 0
lab2/pizzeria/logistics/carrier.go:13.47,15.2 1 0
lab2/pizzeria/logistics/logistics_center.go:12.49,14.2 1 0
lab2/pizzeria/logistics/logistics_center.go:16.60,18.2 1 0
lab2/pizzeria/logistics/logistics_department.go:15.65,16.34 1 0
lab2/pizzeria/logistics/logistics_department.go:16.34,18.3 1 0
lab2/pizzeria/logistics/logistics_department.go:19.2,20.12 2 0
lab2/pizzeria/logistics/logistics_department.go:23.51,25.2 1 0
lab2/pizzeria/logistics/material.go:11.50,12.22 1 0
lab2/pizzeria/logistics/material.go:12.22,14.3 1 0
lab2/pizzeria/logistics/material.go:15.2,16.12 2 0
lab2/pizzeria/logistics/material.go:19.44,21.2 1 0
lab2/pizzeria/logistics/product.go:9.52,11.2 1 0
lab2/pizzeria/logistics/product.go:13.40,15.2 1 0
lab2/pizzeria/logistics/route.go:11.38,13.2 1 0
lab2/pizzeria/logistics/route.go:15.59,16.16 1 0
lab2/pizzeria/logistics/route.go:16.16,18.3 1 0
lab2/pizzeria/logistics/route.go:19.2,19.32 1 0
lab2/pizzeria/logistics/shipment.go:12.38,14.2 1 0
lab2/pizzeria/logistics/shipment.go:16.36,18.2 1 0
lab2/pizzeria/logistics/vehicle.go:11.39,13.35 2 0
lab2/pizzeria/logistics/vehicle.go:13.35,15.3 1 0
lab2/pizzeria/logistics/vehicle.go:16.2,16.39 1 0
lab2/pizzeria/logistics/vehicle.go:16.39,18.3 1 0
lab2/pizzeria/logistics/vehicle.go:19.2,20.12 2 0
lab2/pizzeria/logistics/vehicle.go:23.34,25.2 1 0
lab2/pizzeria/logistics/vehicle_type.go:9.52,11.2 1 0
lab2/pizzeria/logistics/vehicle_type.go:13.40,15.2 1 0
lab2/pizzeria/logistics/warehouse.go:16.42,17.34 1 0
lab2/pizzeria/logistics/warehouse.go:17.34,19.3 1 0
lab2/pizzeria/logistics/warehouse.go:20.2,22.12 3 0
lab2/pizzeria/logistics/warehouse.go:25.42,26.21 1 0
lab2/pizzeria/logistics/warehouse.go:26.21,28.3 1 0
lab2/pizzeria/logistics/warehouse.go:29.2,29.28 1 0
lab2/pizzeria/logistics/weight_map.go:8.59,9.20 1 0
lab2/pizzeria/logistics/weight_map.go:9.20,11.3 1 0
lab2/pizzeria/logistics/weight_map.go:12.2,12.24 1 0
lab2/pizzeria/logistics/weight_map.go:15.42,17.33 2 0
lab2/pizzeria/logistics/weight_map.go:17.33,19.3 1 0
lab2/pizzeria/logistics/weight_map.go:20.2,20.14 1 0
lab2/pizzeria/marketing/advertisement.go:11.49,13.2 1 0
lab2/pizzeria/marketing/advertisement.go:15.41,17.2 1 0
lab2/pizzeria/marketing/advertising_channel.go:9.57,11.2 1 0
lab2/pizzeria/marketing/advertising_channel.go:13.44,15.2 1 0
lab2/pizzeria/marketing/campaign_report.go:9.64,10.22 1 0
lab2/pizzeria/marketing/campaign_report.go:10.22,12.3 1 0
lab2/pizzeria/marketing/campaign_report.go:13.2,13.25 1 0
lab2/pizzeria/marketing/campaign_report.go:16.47,18.2 1 0
lab2/pizzeria/marketing/campaign_report.go:20.41,22.30 2 0
lab2/pizzeria/marketing/campaign_report.go:22.30,24.3 1 0
lab2/pizzeria/marketing/campaign_report.go:25.2,25.14 1 0
lab2/pizzeria/marketing/country.go:9.46,11.2 1 0
lab2/pizzeria/marketing/country.go:13.55,15.2 1 0
lab2/pizzeria/marketing/marketing_campaign.go:13.50,15.2 1 0
lab2/pizzeria/marketing/marketing_campaign.go:17.57,18.58 1 0
lab2/pizzeria/marketing/marketing_campaign.go:18.58,20.3 1 0
lab2/pizzeria/marketing/marketing_campaign.go:21.2,21.12 1 0
lab2/pizzeria/marketing/marketing_department.go:10.66,12.2 1 0
lab2/pizzeria/marketing/marketing_department.go:14.52,16.2 1 0
lab2/pizzeria/production/factory.go:13.48,15.2 1 0
lab2/pizzeria/production/factory.go:17.60,19.2 1 0
lab2/pizzeria/production/factory.go:21.33,23.31 2 0
lab2/pizzeria/production/factory.go:23.31,25.3 1 0
lab2/pizzeria/production/factory.go:26.2,26.14 1 0
lab2/pizzeria/production/production_line.go:12.57,14.2 1 0
lab2/pizzeria/production/production_line.go:16.37,18.33 2 0
lab2/pizzeria/production/production_line.go:18.33,20.3 1 0
lab2/pizzeria/production/production_line.go:21.2,21.14 1 0
lab2/pizzeria/production/production_order.go:13.48,15.2 1 0
lab2/pizzeria/production/production_order.go:17.42,18.28 1 0
lab2/pizzeria/production/production_order.go:18.28,20.3 1 0
lab2/pizzeria/production/production_order.go:21.2,21.10 1 0
lab2/pizzeria/production/production_plan.go:11.58,13.2 1 0
lab2/pizzeria/production/production_plan.go:15.57,16.39 1 0
lab2/pizzeria/production/production_plan.go:16.39,17.28 1 0
lab2/pizzeria/production/production_plan.go:17.28,19.4 1 0
lab2/pizzeria/production/production_plan.go:21.2,21.14 1 0
lab2/pizzeria/production/production_unit.go:13.61,15.2 1 0
lab2/pizzeria/production/production_unit.go:17.46,19.2 1 0
lab2/pizzeria/production/technological_card.go:11.50,13.2 1 0
lab2/pizzeria/production/technological_card.go:15.44,17.2 1 0
lab2/pizzeria/sales/contract.go:9.41,11.2 1 0
lab2/pizzeria/sales/contract.go:13.46,14.32 1 0
lab2/pizzeria/sales/contract.go:14.32,15.20 1 0
lab2/pizzeria/sales/contract.go:15.20,17.4 1 0
lab2/pizzeria/sales/contract.go:19.2,19.14 1 0
lab2/pizzeria/sales/customer.go:11.44,13.2 1 0
lab2/pizzeria/sales/customer.go:15.36,17.2 1 0
lab2/pizzeria/sales/delivery.go:12.52,14.2 1 0
lab2/pizzeria/sales/delivery.go:16.31,18.2 1 0
lab2/pizzeria/sales/invoice.go:9.30,11.2 1 0
lab2/pizzeria/sales/invoice.go:13.32,15.2 1 0
lab2/pizzeria/sales/order.go:15.47,16.24 1 0
lab2/pizzeria/sales/order.go:16.24,18.3 1 0
lab2/pizzeria/sales/order.go:19.2,20.12 2 0
lab2/pizzeria/sales/order.go:23.32,25.31 2 0
lab2/pizzeria/sales/order.go:25.31,27.3 1 0
lab2/pizzeria/sales/order.go:28.2,28.14 1 0
lab2/pizzeria/sales/order_item.go:15.35,17.2 1 0
lab2/pizzeria/sales/order_item.go:19.38,21.2 1 0
lab2/pizzeria/sales/procurement_department.go:15.74,16.34 1 0
lab2/pizzeria/sales/procurement_department.go:16.34,18.3 1 0
lab2/pizzeria/sales/procurement_department.go:19.2,20.12 2 0
lab2/pizzeria/sales/procurement_department.go:23.56,25.2 1 0
lab2/pizzeria/sales/purchase_order.go:12.66,14.2 1 0
lab2/pizzeria/sales/purchase_order.go:16.44,18.2 1 0
lab2/pizzeria/sales/sales_department.go:20.54,22.2 1 0
lab2/pizzeria/sales/sales_department.go:24.50,26.40 2 0
lab2/pizzeria/sales/sales_department.go:26.40,27.26 1 0
lab2/pizzeria/sales/sales_department.go:27.26,29.4 1 0
lab2/pizzeria/sales/sales_department.go:31.2,31.16 1 0
lab2/pizzeria/sales/sales_department.go:34.59,35.22 1 0
lab2/pizzeria/sales/sales_department.go:35.22,37.3 1 0
lab2/pizzeria/sales/sales_department.go:38.2,38.44 1 0
lab2/pizzeria/sales/sales_department.go:41.68,42.22 1 0
lab2/pizzeria/sales/sales_department.go:42.22,44.3 1 0
lab2/pizzeria/sales/sales_department.go:45.2,46.16 2 0
lab2/pizzeria/sales/sales_department.go:46.16,48.3 1 0
lab2/pizzeria/sales/sales_department.go:49.2,50.9 2 0
lab2/pizzeria/sales/sales_department.go:50.9,52.3 1 0
lab2/pizzeria/sales/sales_department.go:53.2,53.19 1 0
lab2/pizzeria/sales/sales_department.go:56.66,57.52 1 0
lab2/pizzeria/sales/sales_department.go:57.52,59.3 1 0
lab2/pizzeria/sales/sales_department.go:60.2,60.115 1 0
lab2/pizzeria/sales/supplier.go:16.78,17.39 1 0
lab2/pizzeria/sales/supplier.go:17.39,18.28 1 0
lab2/pizzeria/sales/supplier.go:18.28,20.4 1 0
lab2/pizzeria/sales/supplier.go:22.2,22.60 1 0
lab2/pizzeria/sales/supplier.go:25.76,26.37 1 0
lab2/pizzeria/sales/supplier.go:26.37,27.27 1 0
lab2/pizzeria/sales/supplier.go:27.27,29.4 1 0
lab2/pizzeria/sales/supplier.go:31.2,31.60 1 0
lab2/pizzeria/storage/storage.go:18.40,20.2 1 0
lab2/pizzeria/storage/storage.go:22.59,27.2 4 0
lab2/pizzeria/storage/storage.go:29.55,33.9 4 0
lab2/pizzeria/storage/storage.go:33.9,35.3 1 0
lab2/pizzeria/storage/storage.go:36.2,36.15 1 0
lab2/pizzeria/communication/notifier.go:17.40,19.2 1 0
lab2/pizzeria/communication/notifier.go:21.65,22.21 1 0
lab2/pizzeria/communication/notifier.go:22.21,24.3 1 0
lab2/pizzeria/communication/notifier.go:25.2,28.12 4 0
lab2/pizzeria/communication/notifier.go:31.41,37.2 5 0
lab2/pizzeria/errors/budget_exceeded_error.go:9.45,11.2 1 0
lab2/pizzeria/errors/currency_mismatch_error.go:10.47,12.2 1 0
lab2/pizzeria/errors/email_not_active_error.go:9.45,11.2 1 0
lab2/pizzeria/errors/inventory_shortage_error.go:9.48,11.2 1 0
lab2/pizzeria/errors/order_validation_error.go:9.46,11.2 1 0
lab2/pizzeria/errors/permission_denied_error.go:9.47,11.2 1 0
lab2/pizzeria/errors/route_not_found_error.go:9.44,11.2 1 0
lab2/pizzeria/errors/supplier_contract_error.go:9.47,11.2 1 0
lab2/pizzeria/errors/task_status_error.go:9.41,11.2 1 0
lab2/pizzeria/errors/team_capacity_error.go:9.43,11.2 1 0
lab2/pizzeria/errors/transaction_declined_error.go:9.50,11.2 1 0
lab2/pizzeria/errors/vehicle_overweight_error.go:9.48,11.2 1 0
lab2/pizzeria/finance/accounting_department.go:9.59,10.37 1 0
lab2/pizzeria/finance/accounting_department.go:10.37,12.3 1 0
lab2/pizzeria/finance/accounting_department.go:13.2,14.12 2 0
lab2/pizzeria/finance/accounting_department.go:17.61,19.33 2 0
lab2/pizzeria/finance/accounting_department.go:19.33,20.25 1 0
lab2/pizzeria/finance/accounting_department.go:20.25,22.4 1 0
lab2/pizzeria/finance/accounting_department.go:24.2,24.14 1 0
lab2/pizzeria/finance/bank_account.go:12.47,14.2 1 0
lab2/pizzeria/finance/bank_account.go:16.54,17.24 1 0
lab2/pizzeria/finance/bank_account.go:17.24,19.3 1 0
lab2/pizzeria/finance/bank_account.go:20.2,21.12 2 0
lab2/pizzeria/finance/budget.go:12.51,14.2 1 0
lab2/pizzeria/finance/budget.go:16.66,17.30 1 0
lab2/pizzeria/finance/budget.go:17.30,19.3 1 0
lab2/pizzeria/finance/budget.go:20.2,22.12 3 0
lab2/pizzeria/finance/budget.go:25.37,27.2 1 0
lab2/pizzeria/finance/currency.go:11.49,13.2 1 0
lab2/pizzeria/finance/currency.go:15.48,16.17 1 0
lab2/pizzeria/finance/currency.go:16.17,18.3 1 0
lab2/pizzeria/finance/currency_converter.go:10.60,12.2 1 0
lab2/pizzeria/finance/currency_converter.go:14.64,15.20 1 0
lab2/pizzeria/finance/currency_converter.go:15.20,17.3 1 0
lab2/pizzeria/finance/currency_converter.go:18.2,18.22 1 0
lab2/pizzeria/finance/currency_converter.go:21.82,23.9 2 0
lab2/pizzeria/finance/currency_converter.go:23.9,25.3 1 0
lab2/pizzeria/finance/currency_converter.go:26.2,26.27 1 0
lab2/pizzeria/finance/receipt.go:11.55,14.2 2 0
lab2/pizzeria/finance/receipt.go:16.35,18.2 1 0
lab2/pizzeria/finance/transaction.go:17.39,18.34 1 0
lab2/pizzeria/finance/transaction.go:18.34,20.3 1 0
lab2/pizzeria/finance/transaction.go:21.2,21.50 1 0
lab2/pizzeria/finance/transaction.go:21.50,23.3 1 0
lab2/pizzeria/finance/transaction.go:24.2,25.16 2 0
lab2/pizzeria/finance/transaction.go:25.16,27.3 1 0
lab2/pizzeria/finance/transaction.go:28.2,29.12 2 0
lab2/pizzeria/finance/transaction.go:32.40,34.2 1 0
lab2/pizzeria/hr/email_account.go:15.51,17.2 1 0
lab2/pizzeria/hr/email_account.go:19.35,21.2 1 0
lab2/pizzeria/hr/email_account.go:23.47,25.2 1 0
lab2/pizzeria/hr/email_account.go:27.60,28.15 1 0
lab2/pizzeria/hr/email_account.go:28.15,30.3 1 0
lab2/pizzeria/hr/email_account.go:31.2,31.60 1 0
lab2/pizzeria/hr/employee.go:17.56,18.30 1 0
lab2/pizzeria/hr/employee.go:18.30,20.3 1 0
lab2/pizzeria/hr/employee.go:21.2,22.12 2 0
lab2/pizzeria/hr/employee.go:25.52,26.34 1 0
lab2/pizzeria/hr/employee.go:26.34,27.20 1 0
lab2/pizzeria/hr/employee.go:27.20,29.4 1 0
lab2/pizzeria/hr/employee.go:31.2,31.14 1 0
lab2/pizzeria/hr/employee.go:34.59,36.2 1 0
lab2/pizzeria/hr/employee.go:38.35,40.2 1 0
lab2/pizzeria/hr/employee_task.go:16.41,17.46 1 0
lab2/pizzeria/hr/employee_task.go:17.46,19.3 1 0
lab2/pizzeria/hr/employee_task.go:20.2,21.12 2 0
lab2/pizzeria/hr/employee_task.go:24.41,26.2 1 0
lab2/pizzeria/hr/hr_department.go:9.78,14.2 4 0
lab2/pizzeria/hr/hr_department.go:16.59,18.30 2 0
lab2/pizzeria/hr/hr_department.go:18.30,20.52 2 0
lab2/pizzeria/hr/hr_department.go:20.52,21.24 1 0
lab2/pizzeria/hr/hr_department.go:21.24,23.13 2 0
lab2/pizzeria/hr/hr_department.go:25.4,25.37 1 0
lab2/pizzeria/hr/hr_department.go:27.3,27.41 1 0
lab2/pizzeria/hr/hr_department.go:29.2,29.16 1 0
lab2/pizzeria/hr/id_generator.go:11.48,13.2 1 0
lab2/pizzeria/hr/id_generator.go:15.37,20.2 4 0
lab2/pizzeria/hr/id_generator.go:22.31,24.2 1 0
lab2/pizzeria/hr/permission.go:11.30,13.2 1 0
lab2/pizzeria/hr/permission.go:15.45,17.2 1 0
lab2/pizzeria/hr/status.go:11.49,14.2 2 0
lab2/pizzeria/hr/status.go:16.40,18.2 1 0
lab2/pizzeria/hr/status.go:20.35,22.2 1 0
lab2/pizzeria/hr/team.go:11.46,12.34 1 0
lab2/pizzeria/hr/team.go:12.34,14.3 1 0
lab2/pizzeria/hr/team.go:15.2,16.12 2 0
lab2/pizzeria/hr/team.go:19.37,20.21 1 0
lab2/pizzeria/hr/team.go:20.21,22.3 1 0
lab2/pizzeria/hr/team.go:23.2,23.54 1 0
lab2/pizzeria/logistics/cargo.go:12.46,14.17 2 0
lab2/pizzeria/logistics/cargo.go:14.17,16.3 1 0
lab2/pizzeria/logistics/cargo.go:19.34,21.2 1 0
lab2/pizzeria/logistics/cargo_sorting_plan.go:10.50,12.2 1 0
lab2/pizzeria/logistics/cargo_sorting_plan.go:14.49,16.31 2 0
lab2/pizzeria/logistics/cargo_sorting_plan.go:16.31,18.3 1 0
lab2/pizzeria/logistics/cargo_sorting_plan.go:19.2,19.14 1 0
lab2/pizzeria/logistics/cargo_sorting_plan.go:23.55,24.24 1 0
lab2/pizzeria/logistics/cargo_sorting_plan.go:24.24,26.3 1 0
lab2/pizzeria/logistics/cargo_sorting_plan.go:27.2,27.48 1 0
lab2/pizzeria/logistics/carrier.go:9.50,11.2 1 0
lab2/pizzeria/logistics/carrier.go:13.47,15.2 1 0
lab2/pizzeria/logistics/logistics_center.go:12.49,14.2 1 0
lab2/pizzeria/logistics/logistics_center.go:16.60,18.2 1 0
lab2/pizzeria/logistics/logistics_department.go:15.65,16.34 1 0
lab2/pizzeria/logistics/logistics_department.go:16.34,18.3 1 0
lab2/pizzeria/logistics/logistics_department.go:19.2,20.12 2 0
lab2/pizzeria/logistics/logistics_department.go:23.51,25.2 1 0
lab2/pizzeria/logistics/material.go:11.50,12.22 1 0
lab2/pizzeria/logistics/material.go:12.22,14.3 1 0
lab2/pizzeria/logistics/material.go:15.2,16.12 2 0
lab2/pizzeria/logistics/material.go:19.44,21.2 1 0
lab2/pizzeria/logistics/product.go:9.52,11.2 1 1
lab2/pizzeria/logistics/product.go:13.40,15.2 1 0
lab2/pizzeria/logistics/route.go:11.38,13.2 1 0
lab2/pizzeria/logistics/route.go:15.59,16.16 1 0
lab2/pizzeria/logistics/route.go:16.16,18.3 1 0
lab2/pizzeria/logistics/route.go:19.2,19.32 1 0
lab2/pizzeria/logistics/shipment.go:12.38,14.2 1 0
lab2/pizzeria/logistics/shipment.go:16.36,18.2 1 0
lab2/pizzeria/logistics/vehicle.go:11.39,13.35 2 0
lab2/pizzeria/logistics/vehicle.go:13.35,15.3 1 0
lab2/pizzeria/logistics/vehicle.go:16.2,16.39 1 0
lab2/pizzeria/logistics/vehicle.go:16.39,18.3 1 0
lab2/pizzeria/logistics/vehicle.go:19.2,20.12 2 0
lab2/pizzeria/logistics/vehicle.go:23.34,25.2 1 0
lab2/pizzeria/logistics/vehicle_type.go:9.52,11.2 1 0
lab2/pizzeria/logistics/vehicle_type.go:13.40,15.2 1 0
lab2/pizzeria/logistics/warehouse.go:16.42,17.34 1 0
lab2/pizzeria/logistics/warehouse.go:17.34,19.3 1 0
lab2/pizzeria/logistics/warehouse.go:20.2,22.12 3 0
lab2/pizzeria/logistics/warehouse.go:25.42,26.21 1 0
lab2/pizzeria/logistics/warehouse.go:26.21,28.3 1 0
lab2/pizzeria/logistics/warehouse.go:29.2,29.28 1 0
lab2/pizzeria/logistics/weight_map.go:8.59,9.20 1 0
lab2/pizzeria/logistics/weight_map.go:9.20,11.3 1 0
lab2/pizzeria/logistics/weight_map.go:12.2,12.24 1 0
lab2/pizzeria/logistics/weight_map.go:15.42,17.33 2 0
lab2/pizzeria/logistics/weight_map.go:17.33,19.3 1 0
lab2/pizzeria/logistics/weight_map.go:20.2,20.14 1 0
lab2/pizzeria/marketing/advertisement.go:11.49,13.2 1 0
lab2/pizzeria/marketing/advertisement.go:15.41,17.2 1 0
lab2/pizzeria/marketing/advertising_channel.go:9.57,11.2 1 0
lab2/pizzeria/marketing/advertising_channel.go:13.44,15.2 1 0
lab2/pizzeria/marketing/campaign_report.go:9.64,10.22 1 0
lab2/pizzeria/marketing/campaign_report.go:10.22,12.3 1 0
lab2/pizzeria/marketing/campaign_report.go:13.2,13.25 1 0
lab2/pizzeria/marketing/campaign_report.go:16.47,18.2 1 0
lab2/pizzeria/marketing/campaign_report.go:20.41,22.30 2 0
lab2/pizzeria/marketing/campaign_report.go:22.30,24.3 1 0
lab2/pizzeria/marketing/campaign_report.go:25.2,25.14 1 0
lab2/pizzeria/marketing/country.go:9.46,11.2 1 0
lab2/pizzeria/marketing/country.go:13.55,15.2 1 0
lab2/pizzeria/marketing/marketing_campaign.go:13.50,15.2 1 0
lab2/pizzeria/marketing/marketing_campaign.go:17.57,18.58 1 0
lab2/pizzeria/marketing/marketing_campaign.go:18.58,20.3 1 0
lab2/pizzeria/marketing/marketing_campaign.go:21.2,21.12 1 0
lab2/pizzeria/marketing/marketing_department.go:10.66,12.2 1 0
lab2/pizzeria/marketing/marketing_department.go:14.52,16.2 1 0
lab2/pizzeria/production/factory.go:13.48,15.2 1 1
lab2/pizzeria/production/factory.go:17.60,19.2 1 0
lab2/pizzeria/production/factory.go:21.33,23.31 2 1
lab2/pizzeria/production/factory.go:23.31,25.3 1 1
lab2/pizzeria/production/factory.go:26.2,26.14 1 1
lab2/pizzeria/production/production_line.go:12.57,14.2 1 1
lab2/pizzeria/production/production_line.go:16.37,18.33 2 1
lab2/pizzeria/production/production_line.go:18.33,20.3 1 1
lab2/pizzeria/production/production_line.go:21.2,21.14 1 1
lab2/pizzeria/production/production_order.go:13.48,15.2 1 1
lab2/pizzeria/production/production_order.go:17.42,18.28 1 1
lab2/pizzeria/production/production_order.go:18.28,20.3 1 1
lab2/pizzeria/production/production_order.go:21.2,21.10 1 0
lab2/pizzeria/production/production_plan.go:11.58,13.2 1 1
lab2/pizzeria/production/production_plan.go:15.57,16.39 1 1
lab2/pizzeria/production/production_plan.go:16.39,17.28 1 1
lab2/pizzeria/production/production_plan.go:17.28,19.4 1 1
lab2/pizzeria/production/production_plan.go:21.2,21.14 1 0
lab2/pizzeria/production/production_unit.go:13.61,15.2 1 1
lab2/pizzeria/production/production_unit.go:17.46,19.2 1 1
lab2/pizzeria/production/technological_card.go:11.50,13.2 1 1
lab2/pizzeria/production/technological_card.go:15.44,17.2 1 1
lab2/pizzeria/sales/contract.go:9.41,11.2 1 0
lab2/pizzeria/sales/contract.go:13.46,14.32 1 0
lab2/pizzeria/sales/contract.go:14.32,15.20 1 0
lab2/pizzeria/sales/contract.go:15.20,17.4 1 0
lab2/pizzeria/sales/contract.go:19.2,19.14 1 0
lab2/pizzeria/sales/customer.go:11.44,13.2 1 0
lab2/pizzeria/sales/customer.go:15.36,17.2 1 0
lab2/pizzeria/sales/delivery.go:12.52,14.2 1 0
lab2/pizzeria/sales/delivery.go:16.31,18.2 1 0
lab2/pizzeria/sales/invoice.go:9.30,11.2 1 0
lab2/pizzeria/sales/invoice.go:13.32,15.2 1 0
lab2/pizzeria/sales/order.go:15.47,16.24 1 0
lab2/pizzeria/sales/order.go:16.24,18.3 1 0
lab2/pizzeria/sales/order.go:19.2,20.12 2 0
lab2/pizzeria/sales/order.go:23.32,25.31 2 0
lab2/pizzeria/sales/order.go:25.31,27.3 1 0
lab2/pizzeria/sales/order.go:28.2,28.14 1 0
lab2/pizzeria/sales/order_item.go:15.35,17.2 1 0
lab2/pizzeria/sales/order_item.go:19.38,21.2 1 0
lab2/pizzeria/sales/procurement_department.go:15.74,16.34 1 0
lab2/pizzeria/sales/procurement_department.go:16.34,18.3 1 0
lab2/pizzeria/sales/procurement_department.go:19.2,20.12 2 0
lab2/pizzeria/sales/procurement_department.go:23.56,25.2 1 0
lab2/pizzeria/sales/purchase_order.go:12.66,14.2 1 0
lab2/pizzeria/sales/purchase_order.go:16.44,18.2 1 0
lab2/pizzeria/sales/sales_department.go:20.54,22.2 1 0
lab2/pizzeria/sales/sales_department.go:24.50,26.40 2 0
lab2/pizzeria/sales/sales_department.go:26.40,27.26 1 0
lab2/pizzeria/sales/sales_department.go:27.26,29.4 1 0
lab2/pizzeria/sales/sales_department.go:31.2,31.16 1 0
lab2/pizzeria/sales/sales_department.go:34.59,35.22 1 0
lab2/pizzeria/sales/sales_department.go:35.22,37.3 1 0
lab2/pizzeria/sales/sales_department.go:38.2,38.44 1 0
lab2/pizzeria/sales/sales_department.go:41.68,42.22 1 0
lab2/pizzeria/sales/sales_department.go:42.22,44.3 1 0
lab2/pizzeria/sales/sales_department.go:45.2,46.16 2 0
lab2/pizzeria/sales/sales_department.go:46.16,48.3 1 0
lab2/pizzeria/sales/sales_department.go:49.2,50.9 2 0
lab2/pizzeria/sales/sales_department.go:50.9,52.3 1 0
lab2/pizzeria/sales/sales_department.go:53.2,53.19 1 0
lab2/pizzeria/sales/sales_department.go:56.66,57.52 1 0
lab2/pizzeria/sales/sales_department.go:57.52,59.3 1 0
lab2/pizzeria/sales/sales_department.go:60.2,60.115 1 0
lab2/pizzeria/sales/supplier.go:16.78,17.39 1 0
lab2/pizzeria/sales/supplier.go:17.39,18.28 1 0
lab2/pizzeria/sales/supplier.go:18.28,20.4 1 0
lab2/pizzeria/sales/supplier.go:22.2,22.60 1 0
lab2/pizzeria/sales/supplier.go:25.76,26.37 1 0
lab2/pizzeria/sales/supplier.go:26.37,27.27 1 0
lab2/pizzeria/sales/supplier.go:27.27,29.4 1 0
lab2/pizzeria/sales/supplier.go:31.2,31.60 1 0
lab2/pizzeria/storage/storage.go:18.40,20.2 1 0
lab2/pizzeria/storage/storage.go:22.59,27.2 4 0
lab2/pizzeria/storage/storage.go:29.55,33.9 4 0
lab2/pizzeria/storage/storage.go:33.9,35.3 1 0
lab2/pizzeria/storage/storage.go:36.2,36.15 1 0
lab2/pizzeria/communication/notifier.go:17.40,19.2 1 1
lab2/pizzeria/communication/notifier.go:21.65,22.21 1 1
lab2/pizzeria/communication/notifier.go:22.21,24.3 1 1
lab2/pizzeria/communication/notifier.go:25.2,28.12 4 1
lab2/pizzeria/communication/notifier.go:31.41,37.2 5 1
lab2/pizzeria/errors/budget_exceeded_error.go:9.45,11.2 1 0
lab2/pizzeria/errors/currency_mismatch_error.go:10.47,12.2 1 0
lab2/pizzeria/errors/email_not_active_error.go:9.45,11.2 1 0
lab2/pizzeria/errors/inventory_shortage_error.go:9.48,11.2 1 0
lab2/pizzeria/errors/order_validation_error.go:9.46,11.2 1 0
lab2/pizzeria/errors/permission_denied_error.go:9.47,11.2 1 0
lab2/pizzeria/errors/route_not_found_error.go:9.44,11.2 1 0
lab2/pizzeria/errors/supplier_contract_error.go:9.47,11.2 1 0
lab2/pizzeria/errors/task_status_error.go:9.41,11.2 1 0
lab2/pizzeria/errors/team_capacity_error.go:9.43,11.2 1 0
lab2/pizzeria/errors/transaction_declined_error.go:9.50,11.2 1 0
lab2/pizzeria/errors/vehicle_overweight_error.go:9.48,11.2 1 0
lab2/pizzeria/finance/accounting_department.go:9.59,10.37 1 0
lab2/pizzeria/finance/accounting_department.go:10.37,12.3 1 0
lab2/pizzeria/finance/accounting_department.go:13.2,14.12 2 0
lab2/pizzeria/finance/accounting_department.go:17.61,19.33 2 0
lab2/pizzeria/finance/accounting_department.go:19.33,20.25 1 0
lab2/pizzeria/finance/accounting_department.go:20.25,22.4 1 0
lab2/pizzeria/finance/accounting_department.go:24.2,24.14 1 0
lab2/pizzeria/finance/bank_account.go:12.47,14.2 1 0
lab2/pizzeria/finance/bank_account.go:16.54,17.24 1 0
lab2/pizzeria/finance/bank_account.go:17.24,19.3 1 0
lab2/pizzeria/finance/bank_account.go:20.2,21.12 2 0
lab2/pizzeria/finance/budget.go:12.51,14.2 1 0
lab2/pizzeria/finance/budget.go:16.66,17.30 1 0
lab2/pizzeria/finance/budget.go:17.30,19.3 1 0
lab2/pizzeria/finance/budget.go:20.2,22.12 3 0
lab2/pizzeria/finance/budget.go:25.37,27.2 1 0
lab2/pizzeria/finance/currency.go:11.49,13.2 1 0
lab2/pizzeria/finance/currency.go:15.48,16.17 1 0
lab2/pizzeria/finance/currency.go:16.17,18.3 1 0
lab2/pizzeria/finance/currency_converter.go:10.60,12.2 1 0
lab2/pizzeria/finance/currency_converter.go:14.64,15.20 1 0
lab2/pizzeria/finance/currency_converter.go:15.20,17.3 1 0
lab2/pizzeria/finance/currency_converter.go:18.2,18.22 1 0
lab2/pizzeria/finance/currency_converter.go:21.82,23.9 2 0
lab2/pizzeria/finance/currency_converter.go:23.9,25.3 1 0
lab2/pizzeria/finance/currency_converter.go:26.2,26.27 1 0
lab2/pizzeria/finance/receipt.go:11.55,14.2 2 0
lab2/pizzeria/finance/receipt.go:16.35,18.2 1 0
lab2/pizzeria/finance/transaction.go:17.39,18.34 1 0
lab2/pizzeria/finance/transaction.go:18.34,20.3 1 0
lab2/pizzeria/finance/transaction.go:21.2,21.50 1 0
lab2/pizzeria/finance/transaction.go:21.50,23.3 1 0
lab2/pizzeria/finance/transaction.go:24.2,25.16 2 0
lab2/pizzeria/finance/transaction.go:25.16,27.3 1 0
lab2/pizzeria/finance/transaction.go:28.2,29.12 2 0
lab2/pizzeria/finance/transaction.go:32.40,34.2 1 0
lab2/pizzeria/hr/email_account.go:15.51,17.2 1 0
lab2/pizzeria/hr/email_account.go:19.35,21.2 1 0
lab2/pizzeria/hr/email_account.go:23.47,25.2 1 0
lab2/pizzeria/hr/email_account.go:27.60,28.15 1 0
lab2/pizzeria/hr/email_account.go:28.15,30.3 1 0
lab2/pizzeria/hr/email_account.go:31.2,31.60 1 0
lab2/pizzeria/hr/employee.go:17.56,18.30 1 0
lab2/pizzeria/hr/employee.go:18.30,20.3 1 0
lab2/pizzeria/hr/employee.go:21.2,22.12 2 0
lab2/pizzeria/hr/employee.go:25.52,26.34 1 0
lab2/pizzeria/hr/employee.go:26.34,27.20 1 0
lab2/pizzeria/hr/employee.go:27.20,29.4 1 0
lab2/pizzeria/hr/employee.go:31.2,31.14 1 0
lab2/pizzeria/hr/employee.go:34.59,36.2 1 0
lab2/pizzeria/hr/employee.go:38.35,40.2 1 0
lab2/pizzeria/hr/employee_task.go:16.41,17.46 1 0
lab2/pizzeria/hr/employee_task.go:17.46,19.3 1 0
lab2/pizzeria/hr/employee_task.go:20.2,21.12 2 0
lab2/pizzeria/hr/employee_task.go:24.41,26.2 1 0
lab2/pizzeria/hr/hr_department.go:9.78,14.2 4 0
lab2/pizzeria/hr/hr_department.go:16.59,18.30 2 0
lab2/pizzeria/hr/hr_department.go:18.30,20.52 2 0
lab2/pizzeria/hr/hr_department.go:20.52,21.24 1 0
lab2/pizzeria/hr/hr_department.go:21.24,23.13 2 0
lab2/pizzeria/hr/hr_department.go:25.4,25.37 1 0
lab2/pizzeria/hr/hr_department.go:27.3,27.41 1 0
lab2/pizzeria/hr/hr_department.go:29.2,29.16 1 0
lab2/pizzeria/hr/id_generator.go:11.48,13.2 1 0
lab2/pizzeria/hr/id_generator.go:15.37,20.2 4 0
lab2/pizzeria/hr/id_generator.go:22.31,24.2 1 0
lab2/pizzeria/hr/permission.go:11.30,13.2 1 0
lab2/pizzeria/hr/permission.go:15.45,17.2 1 0
lab2/pizzeria/hr/status.go:11.49,14.2 2 0
lab2/pizzeria/hr/status.go:16.40,18.2 1 0
lab2/pizzeria/hr/status.go:20.35,22.2 1 0
lab2/pizzeria/hr/team.go:11.46,12.34 1 0
lab2/pizzeria/hr/team.go:12.34,14.3 1 0
lab2/pizzeria/hr/team.go:15.2,16.12 2 0
lab2/pizzeria/hr/team.go:19.37,20.21 1 0
lab2/pizzeria/hr/team.go:20.21,22.3 1 0
lab2/pizzeria/hr/team.go:23.2,23.54 1 0
lab2/pizzeria/logistics/cargo.go:12.46,14.17 2 0
lab2/pizzeria/logistics/cargo.go:14.17,16.3 1 0
lab2/pizzeria/logistics/cargo.go:19.34,21.2 1 0
lab2/pizzeria/logistics/cargo_sorting_plan.go:10.50,12.2 1 0
lab2/pizzeria/logistics/cargo_sorting_plan.go:14.49,16.31 2 0
lab2/pizzeria/logistics/cargo_sorting_plan.go:16.31,18.3 1 0
lab2/pizzeria/logistics/cargo_sorting_plan.go:19.2,19.14 1 0
lab2/pizzeria/logistics/cargo_sorting_plan.go:23.55,24.24 1 0
lab2/pizzeria/logistics/cargo_sorting_plan.go:24.24,26.3 1 0
lab2/pizzeria/logistics/cargo_sorting_plan.go:27.2,27.48 1 0
lab2/pizzeria/logistics/carrier.go:9.50,11.2 1 0
lab2/pizzeria/logistics/carrier.go:13.47,15.2 1 0
lab2/pizzeria/logistics/logistics_center.go:12.49,14.2 1 0
lab2/pizzeria/logistics/logistics_center.go:16.60,18.2 1 0
lab2/pizzeria/logistics/logistics_department.go:15.65,16.34 1 0
lab2/pizzeria/logistics/logistics_department.go:16.34,18.3 1 0
lab2/pizzeria/logistics/logistics_department.go:19.2,20.12 2 0
lab2/pizzeria/logistics/logistics_department.go:23.51,25.2 1 0
lab2/pizzeria/logistics/material.go:11.50,12.22 1 0
lab2/pizzeria/logistics/material.go:12.22,14.3 1 0
lab2/pizzeria/logistics/material.go:15.2,16.12 2 0
lab2/pizzeria/logistics/material.go:19.44,21.2 1 0
lab2/pizzeria/logistics/product.go:9.52,11.2 1 0
lab2/pizzeria/logistics/product.go:13.40,15.2 1 0
lab2/pizzeria/logistics/route.go:11.38,13.2 1 0
lab2/pizzeria/logistics/route.go:15.59,16.16 1 0
lab2/pizzeria/logistics/route.go:16.16,18.3 1 0
lab2/pizzeria/logistics/route.go:19.2,19.32 1 0
lab2/pizzeria/logistics/shipment.go:12.38,14.2 1 0
lab2/pizzeria/logistics/shipment.go:16.36,18.2 1 0
lab2/pizzeria/logistics/vehicle.go:11.39,13.35 2 0
lab2/pizzeria/logistics/vehicle.go:13.35,15.3 1 0
lab2/pizzeria/logistics/vehicle.go:16.2,16.39 1 0
lab2/pizzeria/logistics/vehicle.go:16.39,18.3 1 0
lab2/pizzeria/logistics/vehicle.go:19.2,20.12 2 0
lab2/pizzeria/logistics/vehicle.go:23.34,25.2 1 0
lab2/pizzeria/logistics/vehicle_type.go:9.52,11.2 1 0
lab2/pizzeria/logistics/vehicle_type.go:13.40,15.2 1 0
lab2/pizzeria/logistics/warehouse.go:16.42,17.34 1 0
lab2/pizzeria/logistics/warehouse.go:17.34,19.3 1 0
lab2/pizzeria/logistics/warehouse.go:20.2,22.12 3 0
lab2/pizzeria/logistics/warehouse.go:25.42,26.21 1 0
lab2/pizzeria/logistics/warehouse.go:26.21,28.3 1 0
lab2/pizzeria/logistics/warehouse.go:29.2,29.28 1 0
lab2/pizzeria/logistics/weight_map.go:8.59,9.20 1 0
lab2/pizzeria/logistics/weight_map.go:9.20,11.3 1 0
lab2/pizzeria/logistics/weight_map.go:12.2,12.24 1 0
lab2/pizzeria/logistics/weight_map.go:15.42,17.33 2 0
lab2/pizzeria/logistics/weight_map.go:17.33,19.3 1 0
lab2/pizzeria/logistics/weight_map.go:20.2,20.14 1 0
lab2/pizzeria/marketing/advertisement.go:11.49,13.2 1 0
lab2/pizzeria/marketing/advertisement.go:15.41,17.2 1 0
lab2/pizzeria/marketing/advertising_channel.go:9.57,11.2 1 0
lab2/pizzeria/marketing/advertising_channel.go:13.44,15.2 1 0
lab2/pizzeria/marketing/campaign_report.go:9.64,10.22 1 0
lab2/pizzeria/marketing/campaign_report.go:10.22,12.3 1 0
lab2/pizzeria/marketing/campaign_report.go:13.2,13.25 1 0
lab2/pizzeria/marketing/campaign_report.go:16.47,18.2 1 0
lab2/pizzeria/marketing/campaign_report.go:20.41,22.30 2 0
lab2/pizzeria/marketing/campaign_report.go:22.30,24.3 1 0
lab2/pizzeria/marketing/campaign_report.go:25.2,25.14 1 0
lab2/pizzeria/marketing/country.go:9.46,11.2 1 0
lab2/pizzeria/marketing/country.go:13.55,15.2 1 0
lab2/pizzeria/marketing/marketing_campaign.go:13.50,15.2 1 0
lab2/pizzeria/marketing/marketing_campaign.go:17.57,18.58 1 0
lab2/pizzeria/marketing/marketing_campaign.go:18.58,20.3 1 0
lab2/pizzeria/marketing/marketing_campaign.go:21.2,21.12 1 0
lab2/pizzeria/marketing/marketing_department.go:10.66,12.2 1 0
lab2/pizzeria/marketing/marketing_department.go:14.52,16.2 1 0
lab2/pizzeria/production/factory.go:13.48,15.2 1 0
lab2/pizzeria/production/factory.go:17.60,19.2 1 0
lab2/pizzeria/production/factory.go:21.33,23.31 2 0
lab2/pizzeria/production/factory.go:23.31,25.3 1 0
lab2/pizzeria/production/factory.go:26.2,26.14 1 0
lab2/pizzeria/production/production_line.go:12.57,14.2 1 0
lab2/pizzeria/production/production_line.go:16.37,18.33 2 0
lab2/pizzeria/production/production_line.go:18.33,20.3 1 0
lab2/pizzeria/production/production_line.go:21.2,21.14 1 0
lab2/pizzeria/production/production_order.go:13.48,15.2 1 0
lab2/pizzeria/production/production_order.go:17.42,18.28 1 0
lab2/pizzeria/production/production_order.go:18.28,20.3 1 0
lab2/pizzeria/production/production_order.go:21.2,21.10 1 0
lab2/pizzeria/production/production_plan.go:11.58,13.2 1 0
lab2/pizzeria/production/production_plan.go:15.57,16.39 1 0
lab2/pizzeria/production/production_plan.go:16.39,17.28 1 0
lab2/pizzeria/production/production_plan.go:17.28,19.4 1 0
lab2/pizzeria/production/production_plan.go:21.2,21.14 1 0
lab2/pizzeria/production/production_unit.go:13.61,15.2 1 0
lab2/pizzeria/production/production_unit.go:17.46,19.2 1 0
lab2/pizzeria/production/technological_card.go:11.50,13.2 1 0
lab2/pizzeria/production/technological_card.go:15.44,17.2 1 0
lab2/pizzeria/sales/contract.go:9.41,11.2 1 0
lab2/pizzeria/sales/contract.go:13.46,14.32 1 0
lab2/pizzeria/sales/contract.go:14.32,15.20 1 0
lab2/pizzeria/sales/contract.go:15.20,17.4 1 0
lab2/pizzeria/sales/contract.go:19.2,19.14 1 0
lab2/pizzeria/sales/customer.go:11.44,13.2 1 0
lab2/pizzeria/sales/customer.go:15.36,17.2 1 0
lab2/pizzeria/sales/delivery.go:12.52,14.2 1 0
lab2/pizzeria/sales/delivery.go:16.31,18.2 1 0
lab2/pizzeria/sales/invoice.go:9.30,11.2 1 0
lab2/pizzeria/sales/invoice.go:13.32,15.2 1 0
lab2/pizzeria/sales/order.go:15.47,16.24 1 0
lab2/pizzeria/sales/order.go:16.24,18.3 1 0
lab2/pizzeria/sales/order.go:19.2,20.12 2 0
lab2/pizzeria/sales/order.go:23.32,25.31 2 0
lab2/pizzeria/sales/order.go:25.31,27.3 1 0
lab2/pizzeria/sales/order.go:28.2,28.14 1 0
lab2/pizzeria/sales/order_item.go:15.35,17.2 1 0
lab2/pizzeria/sales/order_item.go:19.38,21.2 1 0
lab2/pizzeria/sales/procurement_department.go:15.74,16.34 1 0
lab2/pizzeria/sales/procurement_department.go:16.34,18.3 1 0
lab2/pizzeria/sales/procurement_department.go:19.2,20.12 2 0
lab2/pizzeria/sales/procurement_department.go:23.56,25.2 1 0
lab2/pizzeria/sales/purchase_order.go:12.66,14.2 1 0
lab2/pizzeria/sales/purchase_order.go:16.44,18.2 1 0
lab2/pizzeria/sales/sales_department.go:20.54,22.2 1 0
lab2/pizzeria/sales/sales_department.go:24.50,26.40 2 0
lab2/pizzeria/sales/sales_department.go:26.40,27.26 1 0
lab2/pizzeria/sales/sales_department.go:27.26,29.4 1 0
lab2/pizzeria/sales/sales_department.go:31.2,31.16 1 0
lab2/pizzeria/sales/sales_department.go:34.59,35.22 1 0
lab2/pizzeria/sales/sales_department.go:35.22,37.3 1 0
lab2/pizzeria/sales/sales_department.go:38.2,38.44 1 0
lab2/pizzeria/sales/sales_department.go:41.68,42.22 1 0
lab2/pizzeria/sales/sales_department.go:42.22,44.3 1 0
lab2/pizzeria/sales/sales_department.go:45.2,46.16 2 0
lab2/pizzeria/sales/sales_department.go:46.16,48.3 1 0
lab2/pizzeria/sales/sales_department.go:49.2,50.9 2 0
lab2/pizzeria/sales/sales_department.go:50.9,52.3 1 0
lab2/pizzeria/sales/sales_department.go:53.2,53.19 1 0
lab2/pizzeria/sales/sales_department.go:56.66,57.52 1 0
lab2/pizzeria/sales/sales_department.go:57.52,59.3 1 0
lab2/pizzeria/sales/sales_department.go:60.2,60.115 1 0
lab2/pizzeria/sales/supplier.go:16.78,17.39 1 0
lab2/pizzeria/sales/supplier.go:17.39,18.28 1 0
lab2/pizzeria/sales/supplier.go:18.28,20.4 1 0
lab2/pizzeria/sales/supplier.go:22.2,22.60 1 0
lab2/pizzeria/sales/supplier.go:25.76,26.37 1 0
lab2/pizzeria/sales/supplier.go:26.37,27.27 1 0
lab2/pizzeria/sales/supplier.go:27.27,29.4 1 0
lab2/pizzeria/sales/supplier.go:31.2,31.60 1 0
lab2/pizzeria/storage/storage.go:18.40,20.2 1 0
lab2/pizzeria/storage/storage.go:22.59,27.2 4 0
lab2/pizzeria/storage/storage.go:29.55,33.9 4 0
lab2/pizzeria/storage/storage.go:33.9,35.3 1 0
lab2/pizzeria/storage/storage.go:36.2,36.15 1 0
lab2/pizzeria/communication/notifier.go:17.40,19.2 1 0
lab2/pizzeria/communication/notifier.go:21.65,22.21 1 0
lab2/pizzeria/communication/notifier.go:22.21,24.3 1 0
lab2/pizzeria/communication/notifier.go:25.2,28.12 4 0
lab2/pizzeria/communication/notifier.go:31.41,37.2 5 0
lab2/pizzeria/errors/budget_exceeded_error.go:9.45,11.2 1 1
lab2/pizzeria/errors/currency_mismatch_error.go:10.47,12.2 1 1
lab2/pizzeria/errors/email_not_active_error.go:9.45,11.2 1 1
lab2/pizzeria/errors/inventory_shortage_error.go:9.48,11.2 1 1
lab2/pizzeria/errors/order_validation_error.go:9.46,11.2 1 1
lab2/pizzeria/errors/permission_denied_error.go:9.47,11.2 1 1
lab2/pizzeria/errors/route_not_found_error.go:9.44,11.2 1 1
lab2/pizzeria/errors/supplier_contract_error.go:9.47,11.2 1 1
lab2/pizzeria/errors/task_status_error.go:9.41,11.2 1 1
lab2/pizzeria/errors/team_capacity_error.go:9.43,11.2 1 1
lab2/pizzeria/errors/transaction_declined_error.go:9.50,11.2 1 1
lab2/pizzeria/errors/vehicle_overweight_error.go:9.48,11.2 1 1
lab2/pizzeria/finance/accounting_department.go:9.59,10.37 1 0
lab2/pizzeria/finance/accounting_department.go:10.37,12.3 1 0
lab2/pizzeria/finance/accounting_department.go:13.2,14.12 2 0
lab2/pizzeria/finance/accounting_department.go:17.61,19.33 2 0
lab2/pizzeria/finance/accounting_department.go:19.33,20.25 1 0
lab2/pizzeria/finance/accounting_department.go:20.25,22.4 1 0
lab2/pizzeria/finance/accounting_department.go:24.2,24.14 1 0
lab2/pizzeria/finance/bank_account.go:12.47,14.2 1 0
lab2/pizzeria/finance/bank_account.go:16.54,17.24 1 0
lab2/pizzeria/finance/bank_account.go:17.24,19.3 1 0
lab2/pizzeria/finance/bank_account.go:20.2,21.12 2 0
lab2/pizzeria/finance/budget.go:12.51,14.2 1 0
lab2/pizzeria/finance/budget.go:16.66,17.30 1 0
lab2/pizzeria/finance/budget.go:17.30,19.3 1 0
lab2/pizzeria/finance/budget.go:20.2,22.12 3 0
lab2/pizzeria/finance/budget.go:25.37,27.2 1 0
lab2/pizzeria/finance/currency.go:11.49,13.2 1 0
lab2/pizzeria/finance/currency.go:15.48,16.17 1 0
lab2/pizzeria/finance/currency.go:16.17,18.3 1 0
lab2/pizzeria/finance/currency_converter.go:10.60,12.2 1 0
lab2/pizzeria/finance/currency_converter.go:14.64,15.20 1 0
lab2/pizzeria/finance/currency_converter.go:15.20,17.3 1 0
lab2/pizzeria/finance/currency_converter.go:18.2,18.22 1 0
lab2/pizzeria/finance/currency_converter.go:21.82,23.9 2 0
lab2/pizzeria/finance/currency_converter.go:23.9,25.3 1 0
lab2/pizzeria/finance/currency_converter.go:26.2,26.27 1 0
lab2/pizzeria/finance/receipt.go:11.55,14.2 2 0
lab2/pizzeria/finance/receipt.go:16.35,18.2 1 0
lab2/pizzeria/finance/transaction.go:17.39,18.34 1 0
lab2/pizzeria/finance/transaction.go:18.34,20.3 1 0
lab2/pizzeria/finance/transaction.go:21.2,21.50 1 0
lab2/pizzeria/finance/transaction.go:21.50,23.3 1 0
lab2/pizzeria/finance/transaction.go:24.2,25.16 2 0
lab2/pizzeria/finance/transaction.go:25.16,27.3 1 0
lab2/pizzeria/finance/transaction.go:28.2,29.12 2 0
lab2/pizzeria/finance/transaction.go:32.40,34.2 1 0
lab2/pizzeria/hr/email_account.go:15.51,17.2 1 0
lab2/pizzeria/hr/email_account.go:19.35,21.2 1 0
lab2/pizzeria/hr/email_account.go:23.47,25.2 1 0
lab2/pizzeria/hr/email_account.go:27.60,28.15 1 0
lab2/pizzeria/hr/email_account.go:28.15,30.3 1 0
lab2/pizzeria/hr/email_account.go:31.2,31.60 1 0
lab2/pizzeria/hr/employee.go:17.56,18.30 1 0
lab2/pizzeria/hr/employee.go:18.30,20.3 1 0
lab2/pizzeria/hr/employee.go:21.2,22.12 2 0
lab2/pizzeria/hr/employee.go:25.52,26.34 1 0
lab2/pizzeria/hr/employee.go:26.34,27.20 1 0
lab2/pizzeria/hr/employee.go:27.20,29.4 1 0
lab2/pizzeria/hr/employee.go:31.2,31.14 1 0
lab2/pizzeria/hr/employee.go:34.59,36.2 1 0
lab2/pizzeria/hr/employee.go:38.35,40.2 1 0
lab2/pizzeria/hr/employee_task.go:16.41,17.46 1 0
lab2/pizzeria/hr/employee_task.go:17.46,19.3 1 0
lab2/pizzeria/hr/employee_task.go:20.2,21.12 2 0
lab2/pizzeria/hr/employee_task.go:24.41,26.2 1 0
lab2/pizzeria/hr/hr_department.go:9.78,14.2 4 0
lab2/pizzeria/hr/hr_department.go:16.59,18.30 2 0
lab2/pizzeria/hr/hr_department.go:18.30,20.52 2 0
lab2/pizzeria/hr/hr_department.go:20.52,21.24 1 0
lab2/pizzeria/hr/hr_department.go:21.24,23.13 2 0
lab2/pizzeria/hr/hr_department.go:25.4,25.37 1 0
lab2/pizzeria/hr/hr_department.go:27.3,27.41 1 0
lab2/pizzeria/hr/hr_department.go:29.2,29.16 1 0
lab2/pizzeria/hr/id_generator.go:11.48,13.2 1 0
lab2/pizzeria/hr/id_generator.go:15.37,20.2 4 0
lab2/pizzeria/hr/id_generator.go:22.31,24.2 1 0
lab2/pizzeria/hr/permission.go:11.30,13.2 1 0
lab2/pizzeria/hr/permission.go:15.45,17.2 1 0
lab2/pizzeria/hr/status.go:11.49,14.2 2 0
lab2/pizzeria/hr/status.go:16.40,18.2 1 0
lab2/pizzeria/hr/status.go:20.35,22.2 1 0
lab2/pizzeria/hr/team.go:11.46,12.34 1 0
lab2/pizzeria/hr/team.go:12.34,14.3 1 0
lab2/pizzeria/hr/team.go:15.2,16.12 2 0
lab2/pizzeria/hr/team.go:19.37,20.21 1 0
lab2/pizzeria/hr/team.go:20.21,22.3 1 0
lab2/pizzeria/hr/team.go:23.2,23.54 1 0
lab2/pizzeria/logistics/cargo.go:12.46,14.17 2 0
lab2/pizzeria/logistics/cargo.go:14.17,16.3 1 0
lab2/pizzeria/logistics/cargo.go:19.34,21.2 1 0
lab2/pizzeria/logistics/cargo_sorting_plan.go:10.50,12.2 1 0
lab2/pizzeria/logistics/cargo_sorting_plan.go:14.49,16.31 2 0
lab2/pizzeria/logistics/cargo_sorting_plan.go:16.31,18.3 1 0
lab2/pizzeria/logistics/cargo_sorting_plan.go:19.2,19.14 1 0
lab2/pizzeria/logistics/cargo_sorting_plan.go:23.55,24.24 1 0
lab2/pizzeria/logistics/cargo_sorting_plan.go:24.24,26.3 1 0
lab2/pizzeria/logistics/cargo_sorting_plan.go:27.2,27.48 1 0
lab2/pizzeria/logistics/carrier.go:9.50,11.2 1 0
lab2/pizzeria/logistics/carrier.go:13.47,15.2 1 0
lab2/pizzeria/logistics/logistics_center.go:12.49,14.2 1 0
lab2/pizzeria/logistics/logistics_center.go:16.60,18.2 1 0
lab2/pizzeria/logistics/logistics_department.go:15.65,16.34 1 0
lab2/pizzeria/logistics/logistics_department.go:16.34,18.3 1 0
lab2/pizzeria/logistics/logistics_department.go:19.2,20.12 2 0
lab2/pizzeria/logistics/logistics_department.go:23.51,25.2 1 0
lab2/pizzeria/logistics/material.go:11.50,12.22 1 0
lab2/pizzeria/logistics/material.go:12.22,14.3 1 0
lab2/pizzeria/logistics/material.go:15.2,16.12 2 0
lab2/pizzeria/logistics/material.go:19.44,21.2 1 0
lab2/pizzeria/logistics/product.go:9.52,11.2 1 0
lab2/pizzeria/logistics/product.go:13.40,15.2 1 0
lab2/pizzeria/logistics/route.go:11.38,13.2 1 0
lab2/pizzeria/logistics/route.go:15.59,16.16 1 0
lab2/pizzeria/logistics/route.go:16.16,18.3 1 0
lab2/pizzeria/logistics/route.go:19.2,19.32 1 0
lab2/pizzeria/logistics/shipment.go:12.38,14.2 1 0
lab2/pizzeria/logistics/shipment.go:16.36,18.2 1 0
lab2/pizzeria/logistics/vehicle.go:11.39,13.35 2 0
lab2/pizzeria/logistics/vehicle.go:13.35,15.3 1 0
lab2/pizzeria/logistics/vehicle.go:16.2,16.39 1 0
lab2/pizzeria/logistics/vehicle.go:16.39,18.3 1 0
lab2/pizzeria/logistics/vehicle.go:19.2,20.12 2 0
lab2/pizzeria/logistics/vehicle.go:23.34,25.2 1 0
lab2/pizzeria/logistics/vehicle_type.go:9.52,11.2 1 0
lab2/pizzeria/logistics/vehicle_type.go:13.40,15.2 1 0
lab2/pizzeria/logistics/warehouse.go:16.42,17.34 1 0
lab2/pizzeria/logistics/warehouse.go:17.34,19.3 1 0
lab2/pizzeria/logistics/warehouse.go:20.2,22.12 3 0
lab2/pizzeria/logistics/warehouse.go:25.42,26.21 1 0
lab2/pizzeria/logistics/warehouse.go:26.21,28.3 1 0
lab2/pizzeria/logistics/warehouse.go:29.2,29.28 1 0
lab2/pizzeria/logistics/weight_map.go:8.59,9.20 1 0
lab2/pizzeria/logistics/weight_map.go:9.20,11.3 1 0
lab2/pizzeria/logistics/weight_map.go:12.2,12.24 1 0
lab2/pizzeria/logistics/weight_map.go:15.42,17.33 2 0
lab2/pizzeria/logistics/weight_map.go:17.33,19.3 1 0
lab2/pizzeria/logistics/weight_map.go:20.2,20.14 1 0
lab2/pizzeria/marketing/advertisement.go:11.49,13.2 1 0
lab2/pizzeria/marketing/advertisement.go:15.41,17.2 1 0
lab2/pizzeria/marketing/advertising_channel.go:9.57,11.2 1 0
lab2/pizzeria/marketing/advertising_channel.go:13.44,15.2 1 0
lab2/pizzeria/marketing/campaign_report.go:9.64,10.22 1 0
lab2/pizzeria/marketing/campaign_report.go:10.22,12.3 1 0
lab2/pizzeria/marketing/campaign_report.go:13.2,13.25 1 0
lab2/pizzeria/marketing/campaign_report.go:16.47,18.2 1 0
lab2/pizzeria/marketing/campaign_report.go:20.41,22.30 2 0
lab2/pizzeria/marketing/campaign_report.go:22.30,24.3 1 0
lab2/pizzeria/marketing/campaign_report.go:25.2,25.14 1 0
lab2/pizzeria/marketing/country.go:9.46,11.2 1 0
lab2/pizzeria/marketing/country.go:13.55,15.2 1 0
lab2/pizzeria/marketing/marketing_campaign.go:13.50,15.2 1 0
lab2/pizzeria/marketing/marketing_campaign.go:17.57,18.58 1 0
lab2/pizzeria/marketing/marketing_campaign.go:18.58,20.3 1 0
lab2/pizzeria/marketing/marketing_campaign.go:21.2,21.12 1 0
lab2/pizzeria/marketing/marketing_department.go:10.66,12.2 1 0
lab2/pizzeria/marketing/marketing_department.go:14.52,16.2 1 0
lab2/pizzeria/production/factory.go:13.48,15.2 1 0
lab2/pizzeria/production/factory.go:17.60,19.2 1 0
lab2/pizzeria/production/factory.go:21.33,23.31 2 0
lab2/pizzeria/production/factory.go:23.31,25.3 1 0
lab2/pizzeria/production/factory.go:26.2,26.14 1 0
lab2/pizzeria/production/production_line.go:12.57,14.2 1 0
lab2/pizzeria/production/production_line.go:16.37,18.33 2 0
lab2/pizzeria/production/production_line.go:18.33,20.3 1 0
lab2/pizzeria/production/production_line.go:21.2,21.14 1 0
lab2/pizzeria/production/production_order.go:13.48,15.2 1 0
lab2/pizzeria/production/production_order.go:17.42,18.28 1 0
lab2/pizzeria/production/production_order.go:18.28,20.3 1 0
lab2/pizzeria/production/production_order.go:21.2,21.10 1 0
lab2/pizzeria/production/production_plan.go:11.58,13.2 1 0
lab2/pizzeria/production/production_plan.go:15.57,16.39 1 0
lab2/pizzeria/production/production_plan.go:16.39,17.28 1 0
lab2/pizzeria/production/production_plan.go:17.28,19.4 1 0
lab2/pizzeria/production/production_plan.go:21.2,21.14 1 0
lab2/pizzeria/production/production_unit.go:13.61,15.2 1 0
lab2/pizzeria/production/production_unit.go:17.46,19.2 1 0
lab2/pizzeria/production/technological_card.go:11.50,13.2 1 0
lab2/pizzeria/production/technological_card.go:15.44,17.2 1 0
lab2/pizzeria/sales/contract.go:9.41,11.2 1 0
lab2/pizzeria/sales/contract.go:13.46,14.32 1 0
lab2/pizzeria/sales/contract.go:14.32,15.20 1 0
lab2/pizzeria/sales/contract.go:15.20,17.4 1 0
lab2/pizzeria/sales/contract.go:19.2,19.14 1 0
lab2/pizzeria/sales/customer.go:11.44,13.2 1 0
lab2/pizzeria/sales/customer.go:15.36,17.2 1 0
lab2/pizzeria/sales/delivery.go:12.52,14.2 1 0
lab2/pizzeria/sales/delivery.go:16.31,18.2 1 0
lab2/pizzeria/sales/invoice.go:9.30,11.2 1 0
lab2/pizzeria/sales/invoice.go:13.32,15.2 1 0
lab2/pizzeria/sales/order.go:15.47,16.24 1 0
lab2/pizzeria/sales/order.go:16.24,18.3 1 0
lab2/pizzeria/sales/order.go:19.2,20.12 2 0
lab2/pizzeria/sales/order.go:23.32,25.31 2 0
lab2/pizzeria/sales/order.go:25.31,27.3 1 0
lab2/pizzeria/sales/order.go:28.2,28.14 1 0
lab2/pizzeria/sales/order_item.go:15.35,17.2 1 0
lab2/pizzeria/sales/order_item.go:19.38,21.2 1 0
lab2/pizzeria/sales/procurement_department.go:15.74,16.34 1 0
lab2/pizzeria/sales/procurement_department.go:16.34,18.3 1 0
lab2/pizzeria/sales/procurement_department.go:19.2,20.12 2 0
lab2/pizzeria/sales/procurement_department.go:23.56,25.2 1 0
lab2/pizzeria/sales/purchase_order.go:12.66,14.2 1 0
lab2/pizzeria/sales/purchase_order.go:16.44,18.2 1 0
lab2/pizzeria/sales/sales_department.go:20.54,22.2 1 0
lab2/pizzeria/sales/sales_department.go:24.50,26.40 2 0
lab2/pizzeria/sales/sales_department.go:26.40,27.26 1 0
lab2/pizzeria/sales/sales_department.go:27.26,29.4 1 0
lab2/pizzeria/sales/sales_department.go:31.2,31.16 1 0
lab2/pizzeria/sales/sales_department.go:34.59,35.22 1 0
lab2/pizzeria/sales/sales_department.go:35.22,37.3 1 0
lab2/pizzeria/sales/sales_department.go:38.2,38.44 1 0
lab2/pizzeria/sales/sales_department.go:41.68,42.22 1 0
lab2/pizzeria/sales/sales_department.go:42.22,44.3 1 0
lab2/pizzeria/sales/sales_department.go:45.2,46.16 2 0
lab2/pizzeria/sales/sales_department.go:46.16,48.3 1 0
lab2/pizzeria/sales/sales_department.go:49.2,50.9 2 0
lab2/pizzeria/sales/sales_department.go:50.9,52.3 1 0
lab2/pizzeria/sales/sales_department.go:53.2,53.19 1 0
lab2/pizzeria/sales/sales_department.go:56.66,57.52 1 0
lab2/pizzeria/sales/sales_department.go:57.52,59.3 1 0
lab2/pizzeria/sales/sales_department.go:60.2,60.115 1 0
lab2/pizzeria/sales/supplier.go:16.78,17.39 1 0
lab2/pizzeria/sales/supplier.go:17.39,18.28 1 0
lab2/pizzeria/sales/supplier.go:18.28,20.4 1 0
lab2/pizzeria/sales/supplier.go:22.2,22.60 1 0
lab2/pizzeria/sales/supplier.go:25.76,26.37 1 0
lab2/pizzeria/sales/supplier.go:26.37,27.27 1 0
lab2/pizzeria/sales/supplier.go:27.27,29.4 1 0
lab2/pizzeria/sales/supplier.go:31.2,31.60 1 0
lab2/pizzeria/storage/storage.go:18.40,20.2 1 0
lab2/pizzeria/storage/storage.go:22.59,27.2 4 0
lab2/pizzeria/storage/storage.go:29.55,33.9 4 0
lab2/pizzeria/storage/storage.go:33.9,35.3 1 0
lab2/pizzeria/storage/storage.go:36.2,36.15 1 0
lab2/pizzeria/communication/notifier.go:17.40,19.2 1 0
lab2/pizzeria/communication/notifier.go:21.65,22.21 1 0
lab2/pizzeria/communication/notifier.go:22.21,24.3 1 0
lab2/pizzeria/communication/notifier.go:25.2,28.12 4 0
lab2/pizzeria/communication/notifier.go:31.41,37.2 5 0
lab2/pizzeria/errors/budget_exceeded_error.go:9.45,11.2 1 0
lab2/pizzeria/errors/currency_mismatch_error.go:10.47,12.2 1 0
lab2/pizzeria/errors/email_not_active_error.go:9.45,11.2 1 0
lab2/pizzeria/errors/inventory_shortage_error.go:9.48,11.2 1 0
lab2/pizzeria/errors/order_validation_error.go:9.46,11.2 1 0
lab2/pizzeria/errors/permission_denied_error.go:9.47,11.2 1 0
lab2/pizzeria/errors/route_not_found_error.go:9.44,11.2 1 0
lab2/pizzeria/errors/supplier_contract_error.go:9.47,11.2 1 0
lab2/pizzeria/errors/task_status_error.go:9.41,11.2 1 0
lab2/pizzeria/errors/team_capacity_error.go:9.43,11.2 1 0
lab2/pizzeria/errors/transaction_declined_error.go:9.50,11.2 1 0
lab2/pizzeria/errors/vehicle_overweight_error.go:9.48,11.2 1 0
lab2/pizzeria/finance/accounting_department.go:9.59,10.37 1 1
lab2/pizzeria/finance/accounting_department.go:10.37,12.3 1 0
lab2/pizzeria/finance/accounting_department.go:13.2,14.12 2 1
lab2/pizzeria/finance/accounting_department.go:17.61,19.33 2 1
lab2/pizzeria/finance/accounting_department.go:19.33,20.25 1 1
lab2/pizzeria/finance/accounting_department.go:20.25,22.4 1 1
lab2/pizzeria/finance/accounting_department.go:24.2,24.14 1 1
lab2/pizzeria/finance/bank_account.go:12.47,14.2 1 1
lab2/pizzeria/finance/bank_account.go:16.54,17.24 1 1
lab2/pizzeria/finance/bank_account.go:17.24,19.3 1 1
lab2/pizzeria/finance/bank_account.go:20.2,21.12 2 1
lab2/pizzeria/finance/budget.go:12.51,14.2 1 1
lab2/pizzeria/finance/budget.go:16.66,17.30 1 1
lab2/pizzeria/finance/budget.go:17.30,19.3 1 1
lab2/pizzeria/finance/budget.go:20.2,22.12 3 1
lab2/pizzeria/finance/budget.go:25.37,27.2 1 0
lab2/pizzeria/finance/currency.go:11.49,13.2 1 1
lab2/pizzeria/finance/currency.go:15.48,16.17 1 1
lab2/pizzeria/finance/currency.go:16.17,18.3 1 1
lab2/pizzeria/finance/currency_converter.go:10.60,12.2 1 1
lab2/pizzeria/finance/currency_converter.go:14.64,15.20 1 1
lab2/pizzeria/finance/currency_converter.go:15.20,17.3 1 0
lab2/pizzeria/finance/currency_converter.go:18.2,18.22 1 1
lab2/pizzeria/finance/currency_converter.go:21.82,23.9 2 1
lab2/pizzeria/finance/currency_converter.go:23.9,25.3 1 1
lab2/pizzeria/finance/currency_converter.go:26.2,26.27 1 1
lab2/pizzeria/finance/receipt.go:11.55,14.2 2 1
lab2/pizzeria/finance/receipt.go:16.35,18.2 1 1
lab2/pizzeria/finance/transaction.go:17.39,18.34 1 1
lab2/pizzeria/finance/transaction.go:18.34,20.3 1 0
lab2/pizzeria/finance/transaction.go:21.2,21.50 1 1
lab2/pizzeria/finance/transaction.go:21.50,23.3 1 0
lab2/pizzeria/finance/transaction.go:24.2,25.16 2 1
lab2/pizzeria/finance/transaction.go:25.16,27.3 1 0
lab2/pizzeria/finance/transaction.go:28.2,29.12 2 1
lab2/pizzeria/finance/transaction.go:32.40,34.2 1 1
lab2/pizzeria/hr/email_account.go:15.51,17.2 1 0
lab2/pizzeria/hr/email_account.go:19.35,21.2 1 0
lab2/pizzeria/hr/email_account.go:23.47,25.2 1 0
lab2/pizzeria/hr/email_account.go:27.60,28.15 1 0
lab2/pizzeria/hr/email_account.go:28.15,30.3 1 0
lab2/pizzeria/hr/email_account.go:31.2,31.60 1 0
lab2/pizzeria/hr/employee.go:17.56,18.30 1 0
lab2/pizzeria/hr/employee.go:18.30,20.3 1 0
lab2/pizzeria/hr/employee.go:21.2,22.12 2 0
lab2/pizzeria/hr/employee.go:25.52,26.34 1 0
lab2/pizzeria/hr/employee.go:26.34,27.20 1 0
lab2/pizzeria/hr/employee.go:27.20,29.4 1 0
lab2/pizzeria/hr/employee.go:31.2,31.14 1 0
lab2/pizzeria/hr/employee.go:34.59,36.2 1 0
lab2/pizzeria/hr/employee.go:38.35,40.2 1 0
lab2/pizzeria/hr/employee_task.go:16.41,17.46 1 0
lab2/pizzeria/hr/employee_task.go:17.46,19.3 1 0
lab2/pizzeria/hr/employee_task.go:20.2,21.12 2 0
lab2/pizzeria/hr/employee_task.go:24.41,26.2 1 0
lab2/pizzeria/hr/hr_department.go:9.78,14.2 4 0
lab2/pizzeria/hr/hr_department.go:16.59,18.30 2 0
lab2/pizzeria/hr/hr_department.go:18.30,20.52 2 0
lab2/pizzeria/hr/hr_department.go:20.52,21.24 1 0
lab2/pizzeria/hr/hr_department.go:21.24,23.13 2 0
lab2/pizzeria/hr/hr_department.go:25.4,25.37 1 0
lab2/pizzeria/hr/hr_department.go:27.3,27.41 1 0
lab2/pizzeria/hr/hr_department.go:29.2,29.16 1 0
lab2/pizzeria/hr/id_generator.go:11.48,13.2 1 0
lab2/pizzeria/hr/id_generator.go:15.37,20.2 4 0
lab2/pizzeria/hr/id_generator.go:22.31,24.2 1 0
lab2/pizzeria/hr/permission.go:11.30,13.2 1 0
lab2/pizzeria/hr/permission.go:15.45,17.2 1 0
lab2/pizzeria/hr/status.go:11.49,14.2 2 0
lab2/pizzeria/hr/status.go:16.40,18.2 1 0
lab2/pizzeria/hr/status.go:20.35,22.2 1 0
lab2/pizzeria/hr/team.go:11.46,12.34 1 0
lab2/pizzeria/hr/team.go:12.34,14.3 1 0
lab2/pizzeria/hr/team.go:15.2,16.12 2 0
lab2/pizzeria/hr/team.go:19.37,20.21 1 0
lab2/pizzeria/hr/team.go:20.21,22.3 1 0
lab2/pizzeria/hr/team.go:23.2,23.54 1 0
lab2/pizzeria/logistics/cargo.go:12.46,14.17 2 0
lab2/pizzeria/logistics/cargo.go:14.17,16.3 1 0
lab2/pizzeria/logistics/cargo.go:19.34,21.2 1 0
lab2/pizzeria/logistics/cargo_sorting_plan.go:10.50,12.2 1 0
lab2/pizzeria/logistics/cargo_sorting_plan.go:14.49,16.31 2 0
lab2/pizzeria/logistics/cargo_sorting_plan.go:16.31,18.3 1 0
lab2/pizzeria/logistics/cargo_sorting_plan.go:19.2,19.14 1 0
lab2/pizzeria/logistics/cargo_sorting_plan.go:23.55,24.24 1 0
lab2/pizzeria/logistics/cargo_sorting_plan.go:24.24,26.3 1 0
lab2/pizzeria/logistics/cargo_sorting_plan.go:27.2,27.48 1 0
lab2/pizzeria/logistics/carrier.go:9.50,11.2 1 0
lab2/pizzeria/logistics/carrier.go:13.47,15.2 1 0
lab2/pizzeria/logistics/logistics_center.go:12.49,14.2 1 0
lab2/pizzeria/logistics/logistics_center.go:16.60,18.2 1 0
lab2/pizzeria/logistics/logistics_department.go:15.65,16.34 1 0
lab2/pizzeria/logistics/logistics_department.go:16.34,18.3 1 0
lab2/pizzeria/logistics/logistics_department.go:19.2,20.12 2 0
lab2/pizzeria/logistics/logistics_department.go:23.51,25.2 1 0
lab2/pizzeria/logistics/material.go:11.50,12.22 1 0
lab2/pizzeria/logistics/material.go:12.22,14.3 1 0
lab2/pizzeria/logistics/material.go:15.2,16.12 2 0
lab2/pizzeria/logistics/material.go:19.44,21.2 1 0
lab2/pizzeria/logistics/product.go:9.52,11.2 1 0
lab2/pizzeria/logistics/product.go:13.40,15.2 1 0
lab2/pizzeria/logistics/route.go:11.38,13.2 1 0
lab2/pizzeria/logistics/route.go:15.59,16.16 1 0
lab2/pizzeria/logistics/route.go:16.16,18.3 1 0
lab2/pizzeria/logistics/route.go:19.2,19.32 1 0
lab2/pizzeria/logistics/shipment.go:12.38,14.2 1 0
lab2/pizzeria/logistics/shipment.go:16.36,18.2 1 0
lab2/pizzeria/logistics/vehicle.go:11.39,13.35 2 0
lab2/pizzeria/logistics/vehicle.go:13.35,15.3 1 0
lab2/pizzeria/logistics/vehicle.go:16.2,16.39 1 0
lab2/pizzeria/logistics/vehicle.go:16.39,18.3 1 0
lab2/pizzeria/logistics/vehicle.go:19.2,20.12 2 0
lab2/pizzeria/logistics/vehicle.go:23.34,25.2 1 0
lab2/pizzeria/logistics/vehicle_type.go:9.52,11.2 1 0
lab2/pizzeria/logistics/vehicle_type.go:13.40,15.2 1 0
lab2/pizzeria/logistics/warehouse.go:16.42,17.34 1 0
lab2/pizzeria/logistics/warehouse.go:17.34,19.3 1 0
lab2/pizzeria/logistics/warehouse.go:20.2,22.12 3 0
lab2/pizzeria/logistics/warehouse.go:25.42,26.21 1 0
lab2/pizzeria/logistics/warehouse.go:26.21,28.3 1 0
lab2/pizzeria/logistics/warehouse.go:29.2,29.28 1 0
lab2/pizzeria/logistics/weight_map.go:8.59,9.20 1 0
lab2/pizzeria/logistics/weight_map.go:9.20,11.3 1 0
lab2/pizzeria/logistics/weight_map.go:12.2,12.24 1 0
lab2/pizzeria/logistics/weight_map.go:15.42,17.33 2 0
lab2/pizzeria/logistics/weight_map.go:17.33,19.3 1 0
lab2/pizzeria/logistics/weight_map.go:20.2,20.14 1 0
lab2/pizzeria/marketing/advertisement.go:11.49,13.2 1 0
lab2/pizzeria/marketing/advertisement.go:15.41,17.2 1 0
lab2/pizzeria/marketing/advertising_channel.go:9.57,11.2 1 0
lab2/pizzeria/marketing/advertising_channel.go:13.44,15.2 1 0
lab2/pizzeria/marketing/campaign_report.go:9.64,10.22 1 0
lab2/pizzeria/marketing/campaign_report.go:10.22,12.3 1 0
lab2/pizzeria/marketing/campaign_report.go:13.2,13.25 1 0
lab2/pizzeria/marketing/campaign_report.go:16.47,18.2 1 0
lab2/pizzeria/marketing/campaign_report.go:20.41,22.30 2 0
lab2/pizzeria/marketing/campaign_report.go:22.30,24.3 1 0
lab2/pizzeria/marketing/campaign_report.go:25.2,25.14 1 0
lab2/pizzeria/marketing/country.go:9.46,11.2 1 0
lab2/pizzeria/marketing/country.go:13.55,15.2 1 0
lab2/pizzeria/marketing/marketing_campaign.go:13.50,15.2 1 0
lab2/pizzeria/marketing/marketing_campaign.go:17.57,18.58 1 0
lab2/pizzeria/marketing/marketing_campaign.go:18.58,20.3 1 0
lab2/pizzeria/marketing/marketing_campaign.go:21.2,21.12 1 0
lab2/pizzeria/marketing/marketing_department.go:10.66,12.2 1 0
lab2/pizzeria/marketing/marketing_department.go:14.52,16.2 1 0
lab2/pizzeria/production/factory.go:13.48,15.2 1 0
lab2/pizzeria/production/factory.go:17.60,19.2 1 0
lab2/pizzeria/production/factory.go:21.33,23.31 2 0
lab2/pizzeria/production/factory.go:23.31,25.3 1 0
lab2/pizzeria/production/factory.go:26.2,26.14 1 0
lab2/pizzeria/production/production_line.go:12.57,14.2 1 0
lab2/pizzeria/production/production_line.go:16.37,18.33 2 0
lab2/pizzeria/production/production_line.go:18.33,20.3 1 0
lab2/pizzeria/production/production_line.go:21.2,21.14 1 0
lab2/pizzeria/production/production_order.go:13.48,15.2 1 0
lab2/pizzeria/production/production_order.go:17.42,18.28 1 0
lab2/pizzeria/production/production_order.go:18.28,20.3 1 0
lab2/pizzeria/production/production_order.go:21.2,21.10 1 0
lab2/pizzeria/production/production_plan.go:11.58,13.2 1 0
lab2/pizzeria/production/production_plan.go:15.57,16.39 1 0
lab2/pizzeria/production/production_plan.go:16.39,17.28 1 0
lab2/pizzeria/production/production_plan.go:17.28,19.4 1 0
lab2/pizzeria/production/production_plan.go:21.2,21.14 1 0
lab2/pizzeria/production/production_unit.go:13.61,15.2 1 0
lab2/pizzeria/production/production_unit.go:17.46,19.2 1 0
lab2/pizzeria/production/technological_card.go:11.50,13.2 1 0
lab2/pizzeria/production/technological_card.go:15.44,17.2 1 0
lab2/pizzeria/sales/contract.go:9.41,11.2 1 0
lab2/pizzeria/sales/contract.go:13.46,14.32 1 0
lab2/pizzeria/sales/contract.go:14.32,15.20 1 0
lab2/pizzeria/sales/contract.go:15.20,17.4 1 0
lab2/pizzeria/sales/contract.go:19.2,19.14 1 0
lab2/pizzeria/sales/customer.go:11.44,13.2 1 0
lab2/pizzeria/sales/customer.go:15.36,17.2 1 0
lab2/pizzeria/sales/delivery.go:12.52,14.2 1 0
lab2/pizzeria/sales/delivery.go:16.31,18.2 1 0
lab2/pizzeria/sales/invoice.go:9.30,11.2 1 0
lab2/pizzeria/sales/invoice.go:13.32,15.2 1 0
lab2/pizzeria/sales/order.go:15.47,16.24 1 0
lab2/pizzeria/sales/order.go:16.24,18.3 1 0
lab2/pizzeria/sales/order.go:19.2,20.12 2 0
lab2/pizzeria/sales/order.go:23.32,25.31 2 0
lab2/pizzeria/sales/order.go:25.31,27.3 1 0
lab2/pizzeria/sales/order.go:28.2,28.14 1 0
lab2/pizzeria/sales/order_item.go:15.35,17.2 1 0
lab2/pizzeria/sales/order_item.go:19.38,21.2 1 0
lab2/pizzeria/sales/procurement_department.go:15.74,16.34 1 0
lab2/pizzeria/sales/procurement_department.go:16.34,18.3 1 0
lab2/pizzeria/sales/procurement_department.go:19.2,20.12 2 0
lab2/pizzeria/sales/procurement_department.go:23.56,25.2 1 0
lab2/pizzeria/sales/purchase_order.go:12.66,14.2 1 0
lab2/pizzeria/sales/purchase_order.go:16.44,18.2 1 0
lab2/pizzeria/sales/sales_department.go:20.54,22.2 1 0
lab2/pizzeria/sales/sales_department.go:24.50,26.40 2 0
lab2/pizzeria/sales/sales_department.go:26.40,27.26 1 0
lab2/pizzeria/sales/sales_department.go:27.26,29.4 1 0
lab2/pizzeria/sales/sales_department.go:31.2,31.16 1 0
lab2/pizzeria/sales/sales_department.go:34.59,35.22 1 0
lab2/pizzeria/sales/sales_department.go:35.22,37.3 1 0
lab2/pizzeria/sales/sales_department.go:38.2,38.44 1 0
lab2/pizzeria/sales/sales_department.go:41.68,42.22 1 0
lab2/pizzeria/sales/sales_department.go:42.22,44.3 1 0
lab2/pizzeria/sales/sales_department.go:45.2,46.16 2 0
lab2/pizzeria/sales/sales_department.go:46.16,48.3 1 0
lab2/pizzeria/sales/sales_department.go:49.2,50.9 2 0
lab2/pizzeria/sales/sales_department.go:50.9,52.3 1 0
lab2/pizzeria/sales/sales_department.go:53.2,53.19 1 0
lab2/pizzeria/sales/sales_department.go:56.66,57.52 1 0
lab2/pizzeria/sales/sales_department.go:57.52,59.3 1 0
lab2/pizzeria/sales/sales_department.go:60.2,60.115 1 0
lab2/pizzeria/sales/supplier.go:16.78,17.39 1 0
lab2/pizzeria/sales/supplier.go:17.39,18.28 1 0
lab2/pizzeria/sales/supplier.go:18.28,20.4 1 0
lab2/pizzeria/sales/supplier.go:22.2,22.60 1 0
lab2/pizzeria/sales/supplier.go:25.76,26.37 1 0
lab2/pizzeria/sales/supplier.go:26.37,27.27 1 0
lab2/pizzeria/sales/supplier.go:27.27,29.4 1 0
lab2/pizzeria/sales/supplier.go:31.2,31.60 1 0
lab2/pizzeria/storage/storage.go:18.40,20.2 1 0
lab2/pizzeria/storage/storage.go:22.59,27.2 4 0
lab2/pizzeria/storage/storage.go:29.55,33.9 4 0
lab2/pizzeria/storage/storage.go:33.9,35.3 1 0
lab2/pizzeria/storage/storage.go:36.2,36.15 1 0
lab2/pizzeria/communication/notifier.go:17.40,19.2 1 0
lab2/pizzeria/communication/notifier.go:21.65,22.21 1 0
lab2/pizzeria/communication/notifier.go:22.21,24.3 1 0
lab2/pizzeria/communication/notifier.go:25.2,28.12 4 0
lab2/pizzeria/communication/notifier.go:31.41,37.2 5 0
lab2/pizzeria/errors/budget_exceeded_error.go:9.45,11.2 1 0
lab2/pizzeria/errors/currency_mismatch_error.go:10.47,12.2 1 0
lab2/pizzeria/errors/email_not_active_error.go:9.45,11.2 1 0
lab2/pizzeria/errors/inventory_shortage_error.go:9.48,11.2 1 0
lab2/pizzeria/errors/order_validation_error.go:9.46,11.2 1 0
lab2/pizzeria/errors/permission_denied_error.go:9.47,11.2 1 0
lab2/pizzeria/errors/route_not_found_error.go:9.44,11.2 1 0
lab2/pizzeria/errors/supplier_contract_error.go:9.47,11.2 1 0
lab2/pizzeria/errors/task_status_error.go:9.41,11.2 1 0
lab2/pizzeria/errors/team_capacity_error.go:9.43,11.2 1 0
lab2/pizzeria/errors/transaction_declined_error.go:9.50,11.2 1 0
lab2/pizzeria/errors/vehicle_overweight_error.go:9.48,11.2 1 0
lab2/pizzeria/finance/accounting_department.go:9.59,10.37 1 0
lab2/pizzeria/finance/accounting_department.go:10.37,12.3 1 0
lab2/pizzeria/finance/accounting_department.go:13.2,14.12 2 0
lab2/pizzeria/finance/accounting_department.go:17.61,19.33 2 0
lab2/pizzeria/finance/accounting_department.go:19.33,20.25 1 0
lab2/pizzeria/finance/accounting_department.go:20.25,22.4 1 0
lab2/pizzeria/finance/accounting_department.go:24.2,24.14 1 0
lab2/pizzeria/finance/bank_account.go:12.47,14.2 1 0
lab2/pizzeria/finance/bank_account.go:16.54,17.24 1 0
lab2/pizzeria/finance/bank_account.go:17.24,19.3 1 0
lab2/pizzeria/finance/bank_account.go:20.2,21.12 2 0
lab2/pizzeria/finance/budget.go:12.51,14.2 1 0
lab2/pizzeria/finance/budget.go:16.66,17.30 1 0
lab2/pizzeria/finance/budget.go:17.30,19.3 1 0
lab2/pizzeria/finance/budget.go:20.2,22.12 3 0
lab2/pizzeria/finance/budget.go:25.37,27.2 1 0
lab2/pizzeria/finance/currency.go:11.49,13.2 1 0
lab2/pizzeria/finance/currency.go:15.48,16.17 1 0
lab2/pizzeria/finance/currency.go:16.17,18.3 1 0
lab2/pizzeria/finance/currency_converter.go:10.60,12.2 1 0
lab2/pizzeria/finance/currency_converter.go:14.64,15.20 1 0
lab2/pizzeria/finance/currency_converter.go:15.20,17.3 1 0
lab2/pizzeria/finance/currency_converter.go:18.2,18.22 1 0
lab2/pizzeria/finance/currency_converter.go:21.82,23.9 2 0
lab2/pizzeria/finance/currency_converter.go:23.9,25.3 1 0
lab2/pizzeria/finance/currency_converter.go:26.2,26.27 1 0
lab2/pizzeria/finance/receipt.go:11.55,14.2 2 0
lab2/pizzeria/finance/receipt.go:16.35,18.2 1 0
lab2/pizzeria/finance/transaction.go:17.39,18.34 1 0
lab2/pizzeria/finance/transaction.go:18.34,20.3 1 0
lab2/pizzeria/finance/transaction.go:21.2,21.50 1 0
lab2/pizzeria/finance/transaction.go:21.50,23.3 1 0
lab2/pizzeria/finance/transaction.go:24.2,25.16 2 0
lab2/pizzeria/finance/transaction.go:25.16,27.3 1 0
lab2/pizzeria/finance/transaction.go:28.2,29.12 2 0
lab2/pizzeria/finance/transaction.go:32.40,34.2 1 0
lab2/pizzeria/hr/email_account.go:15.51,17.2 1 0
lab2/pizzeria/hr/email_account.go:19.35,21.2 1 0
lab2/pizzeria/hr/email_account.go:23.47,25.2 1 0
lab2/pizzeria/hr/email_account.go:27.60,28.15 1 0
lab2/pizzeria/hr/email_account.go:28.15,30.3 1 0
lab2/pizzeria/hr/email_account.go:31.2,31.60 1 0
lab2/pizzeria/hr/employee.go:17.56,18.30 1 0
lab2/pizzeria/hr/employee.go:18.30,20.3 1 0
[...]
lab2/pizzeria/logistics/logistics_center.go:16.60,18.2 1 0
lab2/pizzeria/logistics/logistics_department.go:15.65,16.34 1 0
lab2/pizzeria/logistics/logistics_department.go:16.34,18.3 1 0
lab2/pizzeria/logistics/logistics_department.go:19.2,20.12 2 0
lab2/pizzeria/logistics/logistics_department.go:23.51,25.2 1 0
lab2/pizzeria/logistics/material.go:11.50,12.22 1 0
lab2/pizzeria/logistics/material.go:12.22,14.3 1 0
lab2/pizzeria/logistics/material.go:15.2,16.12 2 0
lab2/pizzeria/logistics/material.go:19.44,21.2 1 0
lab2/pizzeria/logistics/product.go:9.52,11.2 1 0
lab2/pizzeria/logistics/product.go:13.40,15.2 1 0
lab2/pizzeria/logistics/route.go:11.38,13.2 1 0
lab2/pizzeria/logistics/route.go:15.59,16.16 1 0
lab2/pizzeria/logistics/route.go:16.16,18.3 1 0
lab2/pizzeria/logistics/route.go:19.2,19.32 1 0
lab2/pizzeria/logistics/shipment.go:12.38,14.2 1 0
lab2/pizzeria/logistics/shipment.go:16.36,18.2 1 0
lab2/pizzeria/logistics/vehicle.go:11.39,13.35 2 0
lab2/pizzeria/logistics/vehicle.go:13.35,15.3 1 0
lab2/pizzeria/logistics/vehicle.go:16.2,16.39 1 0
lab2/pizzeria/logistics/vehicle.go:16.39,18.3 1 0
lab2/pizzeria/logistics/vehicle.go:19.2,20.12 2 0
lab2/pizzeria/logistics/vehicle.go:23.34,25.2 1 0
lab2/pizzeria/logistics/vehicle_type.go:9.52,11.2 1 0
lab2/pizzeria/logistics/vehicle_type.go:13.40,15.2 1 0
lab2/pizzeria/logistics/warehouse.go:16.42,17.34 1 0
lab2/pizzeria/logistics/warehouse.go:17.34,19.3 1 0
lab2/pizzeria/logistics/warehouse.go:20.2,22.12 3 0
lab2/pizzeria/logistics/warehouse.go:25.42,26.21 1 0
lab2/pizzeria/logistics/warehouse.go:26.21,28.3 1 0
lab2/pizzeria/logistics/warehouse.go:29.2,29.28 1 0
lab2/pizzeria/logistics/weight_map.go:8.59,9.20 1 0
lab2/pizzeria/logistics/weight_map.go:9.20,11.3 1 0
lab2/pizzeria/logistics/weight_map.go:12.2,12.24 1 0
lab2/pizzeria/logistics/weight_map.go:15.42,17.33 2 0
lab2/pizzeria/logistics/weight_map.go:17.33,19.3 1 0
lab2/pizzeria/logistics/weight_map.go:20.2,20.14 1 0
lab2/pizzeria/marketing/advertisement.go:11.49,13.2 1 0
lab2/pizzeria/marketing/advertisement.go:15.41,17.2 1 0
lab2/pizzeria/marketing/advertising_channel.go:9.57,11.2 1 0
lab2/pizzeria/marketing/advertising_channel.go:13.44,15.2 1 0
lab2/pizzeria/marketing/campaign_report.go:9.64,10.22 1 0
lab2/pizzeria/marketing/campaign_report.go:10.22,12.3 1 0
lab2/pizzeria/marketing/campaign_report.go:13.2,13.25 1 0
lab2/pizzeria/marketing/campaign_report.go:16.47,18.2 1 0
lab2/pizzeria/marketing/campaign_report.go:20.41,22.30 2 0
lab2/pizzeria/marketing/campaign_report.go:22.30,24.3 1 0
lab2/pizzeria/marketing/campaign_report.go:25.2,25.14 1 0
lab2/pizzeria/marketing/country.go:9.46,11.2 1 0
lab2/pizzeria/marketing/country.go:13.55,15.2 1 0
lab2/pizzeria/marketing/marketing_campaign.go:13.50,15.2 1 0
lab2/pizzeria/marketing/marketing_campaign.go:17.57,18.58 1 0
lab2/pizzeria/marketing/marketing_campaign.go:18.58,20.3 1 0
lab2/pizzeria/marketing/marketing_campaign.go:21.2,21.12 1 0
lab2/pizzeria/marketing/marketing_department.go:10.66,12.2 1 0
lab2/pizzeria/marketing/marketing_department.go:14.52,16.2 1 0
lab2/pizzeria/production/factory.go:13.48,15.2 1 0
lab2/pizzeria/production/factory.go:17.60,19.2 1 0
lab2/pizzeria/production/factory.go:21.33,23.31 2 0
lab2/pizzeria/production/factory.go:23.31,25.3 1 0
lab2/pizzeria/production/factory.go:26.2,26.14 1 0
lab2/pizzeria/production/production_line.go:12.57,14.2 1 0
lab2/pizzeria/production/production_line.go:16.37,18.33 2 0
lab2/pizzeria/production/production_line.go:18.33,20.3 1 0
lab2/pizzeria/production/production_line.go:21.2,21.14 1 0
lab2/pizzeria/production/production_order.go:13.48,15.2 1 0
lab2/pizzeria/production/production_order.go:17.42,18.28 1 0
lab2/pizzeria/production/production_order.go:18.28,20.3 1 0
lab2/pizzeria/production/production_order.go:21.2,21.10 1 0
lab2/pizzeria/production/production_plan.go:11.58,13.2 1 0
lab2/pizzeria/production/production_plan.go:15.57,16.39 1 0
lab2/pizzeria/production/production_plan.go:16.39,17.28 1 0
lab2/pizzeria/production/production_plan.go:17.28,19.4 1 0
lab2/pizzeria/production/production_plan.go:21.2,21.14 1 0
lab2/pizzeria/production/production_unit.go:13.61,15.2 1 0
lab2/pizzeria/production/production_unit.go:17.46,19.2 1 0
lab2/pizzeria/production/technological_card.go:11.50,13.2 1 0
lab2/pizzeria/production/technological_card.go:15.44,17.2 1 0
lab2/pizzeria/sales/contract.go:9.41,11.2 1 0
lab2/pizzeria/sales/contract.go:13.46,14.32 1 0
lab2/pizzeria/sales/contract.go:14.32,15.20 1 0
lab2/pizzeria/sales/contract.go:15.20,17.4 1 0
lab2/pizzeria/sales/contract.go:19.2,19.14 1 0
lab2/pizzeria/sales/customer.go:11.44,13.2 1 0
lab2/pizzeria/sales/customer.go:15.36,17.2 1 0
lab2/pizzeria/sales/delivery.go:12.52,14.2 1 0
lab2/pizzeria/sales/delivery.go:16.31,18.2 1 0
lab2/pizzeria/sales/invoice.go:9.30,11.2 1 0
lab2/pizzeria/sales/invoice.go:13.32,15.2 1 0
lab2/pizzeria/sales/order.go:15.47,16.24 1 0
lab2/pizzeria/sales/order.go:16.24,18.3 1 0
lab2/pizzeria/sales/order.go:19.2,20.12 2 0
lab2/pizzeria/sales/order.go:23.32,25.31 2 0
lab2/pizzeria/sales/order.go:25.31,27.3 1 0
lab2/pizzeria/sales/order.go:28.2,28.14 1 0
lab2/pizzeria/sales/order_item.go:15.35,17.2 1 0
lab2/pizzeria/sales/order_item.go:19.38,21.2 1 0
lab2/pizzeria/sales/procurement_department.go:15.74,16.34 1 0
lab2/pizzeria/sales/procurement_department.go:16.34,18.3 1 0
lab2/pizzeria/sales/procurement_department.go:19.2,20.12 2 0
lab2/pizzeria/sales/procurement_department.go:23.56,25.2 1 0
lab2/pizzeria/sales/purchase_order.go:12.66,14.2 1 0
lab2/pizzeria/sales/purchase_order.go:16.44,18.2 1 0
lab2/pizzeria/sales/sales_department.go:20.54,22.2 1 0
lab2/pizzeria/sales/sales_department.go:24.50,26.40 2 0
lab2/pizzeria/sales/sales_department.go:26.40,27.26 1 0
lab2/pizzeria/sales/sales_department.go:27.26,29.4 1 0
lab2/pizzeria/sales/sales_department.go:31.2,31.16 1 0
lab2/pizzeria/sales/sales_department.go:34.59,35.22 1 0
lab2/pizzeria/sales/sales_department.go:35.22,37.3 1 0
lab2/pizzeria/sales/sales_department.go:38.2,38.44 1 0
lab2/pizzeria/sales/sales_department.go:41.68,42.22 1 0
lab2/pizzeria/sales/sales_department.go:42.22,44.3 1 0
lab2/pizzeria/sales/sales_department.go:45.2,46.16 2 0
lab2/pizzeria/sales/sales_department.go:46.16,48.3 1 0
lab2/pizzeria/sales/sales_department.go:49.2,50.9 2 0
lab2/pizzeria/sales/sales_department.go:50.9,52.3 1 0
lab2/pizzeria/sales/sales_department.go:53.2,53.19 1 0
lab2/pizzeria/sales/sales_department.go:56.66,57.52 1 0
lab2/pizzeria/sales/sales_department.go:57.52,59.3 1 0
lab2/pizzeria/sales/sales_department.go:60.2,60.115 1 0
lab2/pizzeria/sales/supplier.go:16.78,17.39 1 0
lab2/pizzeria/sales/supplier.go:17.39,18.28 1 0
lab2/pizzeria/sales/supplier.go:18.28,20.4 1 0
lab2/pizzeria/sales/supplier.go:22.2,22.60 1 0
lab2/pizzeria/sales/supplier.go:25.76,26.37 1 0
lab2/pizzeria/sales/supplier.go:26.37,27.27 1 0
lab2/pizzeria/sales/supplier.go:27.27,29.4 1 0
lab2/pizzeria/sales/supplier.go:31.2,31.60 1 0
lab2/pizzeria/storage/storage.go:18.40,20.2 1 1
lab2/pizzeria/storage/storage.go:22.59,27.2 4 1
lab2/pizzeria/storage/storage.go:29.55,33.9 4 1
lab2/pizzeria/storage/storage.go:33.9,35.3 1 1
lab2/pizzeria/storage/storage.go:36.2,36.15 1 1
lab2/pizzeria/communication/notifier.go:17.40,19.2 1 1
lab2/pizzeria/communication/notifier.go:21.65,22.21 1 1
lab2/pizzeria/communication/notifier.go:22.21,24.3 1 0
lab2/pizzeria/communication/notifier.go:25.2,28.12 4 1
lab2/pizzeria/communication/notifier.go:31.41,37.2 5 1
lab2/pizzeria/errors/budget_exceeded_error.go:9.45,11.2 1 0
lab2/pizzeria/errors/currency_mismatch_error.go:10.47,12.2 1 0
lab2/pizzeria/errors/email_not_active_error.go:9.45,11.2 1 0
lab2/pizzeria/errors/inventory_shortage_error.go:9.48,11.2 1 0
lab2/pizzeria/errors/order_validation_error.go:9.46,11.2 1 0
lab2/pizzeria/errors/permission_denied_error.go:9.47,11.2 1 0
lab2/pizzeria/errors/route_not_found_error.go:9.44,11.2 1 0
lab2/pizzeria/errors/supplier_contract_error.go:9.47,11.2 1 0
lab2/pizzeria/errors/task_status_error.go:9.41,11.2 1 0
lab2/pizzeria/errors/team_capacity_error.go:9.43,11.2 1 0
lab2/pizzeria/errors/transaction_declined_error.go:9.50,11.2 1 0
lab2/pizzeria/errors/vehicle_overweight_error.go:9.48,11.2 1 0
lab2/pizzeria/finance/accounting_department.go:9.59,10.37 1 0
lab2/pizzeria/finance/accounting_department.go:10.37,12.3 1 0
lab2/pizzeria/finance/accounting_department.go:13.2,14.12 2 0
lab2/pizzeria/finance/accounting_department.go:17.61,19.33 2 0
lab2/pizzeria/finance/accounting_department.go:19.33,20.25 1 0
lab2/pizzeria/finance/accounting_department.go:20.25,22.4 1 0
lab2/pizzeria/finance/accounting_department.go:24.2,24.14 1 0
lab2/pizzeria/finance/bank_account.go:12.47,14.2 1 0
lab2/pizzeria/finance/bank_account.go:16.54,17.24 1 0
lab2/pizzeria/finance/bank_account.go:17.24,19.3 1 0
lab2/pizzeria/finance/bank_account.go:20.2,21.12 2 0
lab2/pizzeria/finance/budget.go:12.51,14.2 1 0
lab2/pizzeria/finance/budget.go:16.66,17.30 1 0
lab2/pizzeria/finance/budget.go:17.30,19.3 1 0
lab2/pizzeria/finance/budget.go:20.2,22.12 3 0
lab2/pizzeria/finance/budget.go:25.37,27.2 1 0
lab2/pizzeria/finance/currency.go:11.49,13.2 1 0
lab2/pizzeria/finance/currency.go:15.48,16.17 1 0
lab2/pizzeria/finance/currency.go:16.17,18.3 1 0
lab2/pizzeria/finance/currency_converter.go:10.60,12.2 1 0
lab2/pizzeria/finance/currency_converter.go:14.64,15.20 1 0
lab2/pizzeria/finance/currency_converter.go:15.20,17.3 1 0
lab2/pizzeria/finance/currency_converter.go:18.2,18.22 1 0
lab2/pizzeria/finance/currency_converter.go:21.82,23.9 2 0
lab2/pizzeria/finance/currency_converter.go:23.9,25.3 1 0
lab2/pizzeria/finance/currency_converter.go:26.2,26.27 1 0
lab2/pizzeria/finance/receipt.go:11.55,14.2 2 0
lab2/pizzeria/finance/receipt.go:16.35,18.2 1 0
lab2/pizzeria/finance/transaction.go:17.39,18.34 1 0
lab2/pizzeria/finance/transaction.go:18.34,20.3 1 0
lab2/pizzeria/finance/transaction.go:21.2,21.50 1 0
lab2/pizzeria/finance/transaction.go:21.50,23.3 1 0
lab2/pizzeria/finance/transaction.go:24.2,25.16 2 0
lab2/pizzeria/finance/transaction.go:25.16,27.3 1 0
lab2/pizzeria/finance/transaction.go:28.2,29.12 2 0
lab2/pizzeria/finance/transaction.go:32.40,34.2 1 0
lab2/pizzeria/hr/email_account.go:15.51,17.2 1 1
lab2/pizzeria/hr/email_account.go:19.35,21.2 1 0
lab2/pizzeria/hr/email_account.go:23.47,25.2 1 0
lab2/pizzeria/hr/email_account.go:27.60,28.15 1 0
lab2/pizzeria/hr/email_account.go:28.15,30.3 1 0
lab2/pizzeria/hr/email_account.go:31.2,31.60 1 0
lab2/pizzeria/hr/employee.go:17.56,18.30 1 0
lab2/pizzeria/hr/employee.go:18.30,20.3 1 0
lab2/pizzeria/hr/employee.go:21.2,22.12 2 0
lab2/pizzeria/hr/employee.go:25.52,26.34 1 0
lab2/pizzeria/hr/employee.go:26.34,27.20 1 0
lab2/pizzeria/hr/employee.go:27.20,29.4 1 0
lab2/pizzeria/hr/employee.go:31.2,31.14 1 0
lab2/pizzeria/hr/employee.go:34.59,36.2 1 0
lab2/pizzeria/hr/employee.go:38.35,40.2 1 0
lab2/pizzeria/hr/employee_task.go:16.41,17.46 1 0
lab2/pizzeria/hr/employee_task.go:17.46,19.3 1 0
lab2/pizzeria/hr/employee_task.go:20.2,21.12 2 0
lab2/pizzeria/hr/employee_task.go:24.41,26.2 1 0
lab2/pizzeria/hr/hr_department.go:9.78,14.2 4 0
lab2/pizzeria/hr/hr_department.go:16.59,18.30 2 0
lab2/pizzeria/hr/hr_department.go:18.30,20.52 2 0
lab2/pizzeria/hr/hr_department.go:20.52,21.24 1 0
lab2/pizzeria/hr/hr_department.go:21.24,23.13 2 0
lab2/pizzeria/hr/hr_department.go:25.4,25.37 1 0
lab2/pizzeria/hr/hr_department.go:27.3,27.41 1 0
lab2/pizzeria/hr/hr_department.go:29.2,29.16 1 0
lab2/pizzeria/hr/id_generator.go:11.48,13.2 1 0
lab2/pizzeria/hr/id_generator.go:15.37,20.2 4 0
lab2/pizzeria/hr/id_generator.go:22.31,24.2 1 0
lab2/pizzeria/hr/permission.go:11.30,13.2 1 0
lab2/pizzeria/hr/permission.go:15.45,17.2 1 0
lab2/pizzeria/hr/status.go:11.49,14.2 2 0
lab2/pizzeria/hr/status.go:16.40,18.2 1 0
lab2/pizzeria/hr/status.go:20.35,22.2 1 0
lab2/pizzeria/hr/team.go:11.46,12.34 1 0
lab2/pizzeria/hr/team.go:12.34,14.3 1 0
lab2/pizzeria/hr/team.go:15.2,16.12 2 0
lab2/pizzeria/hr/team.go:19.37,20.21 1 0
lab2/pizzeria/hr/team.go:20.21,22.3 1 0
lab2/pizzeria/hr/team.go:23.2,23.54 1 0
lab2/pizzeria/logistics/cargo.go:12.46,14.17 2 0
lab2/pizzeria/logistics/cargo.go:14.17,16.3 1 0
lab2/pizzeria/logistics/cargo.go:19.34,21.2 1 0
lab2/pizzeria/logistics/cargo_sorting_plan.go:10.50,12.2 1 0
lab2/pizzeria/logistics/cargo_sorting_plan.go:14.49,16.31 2 0
lab2/pizzeria/logistics/cargo_sorting_plan.go:16.31,18.3 1 0
lab2/pizzeria/logistics/cargo_sorting_plan.go:19.2,19.14 1 0
lab2/pizzeria/logistics/cargo_sorting_plan.go:23.55,24.24 1 0
lab2/pizzeria/logistics/cargo_sorting_plan.go:24.24,26.3 1 0
lab2/pizzeria/logistics/cargo_sorting_plan.go:27.2,27.48 1 0
lab2/pizzeria/logistics/carrier.go:9.50,11.2 1 0
lab2/pizzeria/logistics/carrier.go:13.47,15.2 1 0
lab2/pizzeria/logistics/logistics_center.go:12.49,14.2 1 0
lab2/pizzeria/logistics/logistics_center.go:16.60,18.2 1 0
lab2/pizzeria/logistics/logistics_department.go:15.65,16.34 1 0
lab2/pizzeria/logistics/logistics_department.go:16.34,18.3 1 0
lab2/pizzeria/logistics/logistics_department.go:19.2,20.12 2 0
lab2/pizzeria/logistics/logistics_department.go:23.51,25.2 1 0
lab2/pizzeria/logistics/material.go:11.50,12.22 1 0
lab2/pizzeria/logistics/material.go:12.22,14.3 1 0
lab2/pizzeria/logistics/material.go:15.2,16.12 2 0
lab2/pizzeria/logistics/material.go:19.44,21.2 1 0
lab2/pizzeria/logistics/product.go:9.52,11.2 1 0
lab2/pizzeria/logistics/product.go:13.40,15.2 1 0
lab2/pizzeria/logistics/route.go:11.38,13.2 1 0
lab2/pizzeria/logistics/route.go:15.59,16.16 1 0
lab2/pizzeria/logistics/route.go:16.16,18.3 1 0
lab2/pizzeria/logistics/route.go:19.2,19.32 1 0
lab2/pizzeria/logistics/shipment.go:12.38,14.2 1 0
lab2/pizzeria/logistics/shipment.go:16.36,18.2 1 0
lab2/pizzeria/logistics/vehicle.go:11.39,13.35 2 0
lab2/pizzeria/logistics/vehicle.go:13.35,15.3 1 0
lab2/pizzeria/logistics/vehicle.go:16.2,16.39 1 0
lab2/pizzeria/logistics/vehicle.go:16.39,18.3 1 0
lab2/pizzeria/logistics/vehicle.go:19.2,20.12 2 0
lab2/pizzeria/logistics/vehicle.go:23.34,25.2 1 0
lab2/pizzeria/logistics/vehicle_type.go:9.52,11.2 1 0
lab2/pizzeria/logistics/vehicle_type.go:13.40,15.2 1 0
lab2/pizzeria/logistics/warehouse.go:16.42,17.34 1 0
lab2/pizzeria/logistics/warehouse.go:17.34,19.3 1 0
lab2/pizzeria/logistics/warehouse.go:20.2,22.12 3 0
lab2/pizzeria/logistics/warehouse.go:25.42,26.21 1 0
lab2/pizzeria/logistics/warehouse.go:26.21,28.3 1 0
lab2/pizzeria/logistics/warehouse.go:29.2,29.28 1 0
lab2/pizzeria/logistics/weight_map.go:8.59,9.20 1 0
lab2/pizzeria/logistics/weight_map.go:9.20,11.3 1 0
lab2/pizzeria/logistics/weight_map.go:12.2,12.24 1 0
lab2/pizzeria/logistics/weight_map.go:15.42,17.33 2 0
lab2/pizzeria/logistics/weight_map.go:17.33,19.3 1 0
lab2/pizzeria/logistics/weight_map.go:20.2,20.14 1 0
lab2/pizzeria/marketing/advertisement.go:11.49,13.2 1 0
lab2/pizzeria/marketing/advertisement.go:15.41,17.2 1 0
lab2/pizzeria/marketing/advertising_channel.go:9.57,11.2 1 0
lab2/pizzeria/marketing/advertising_channel.go:13.44,15.2 1 0
lab2/pizzeria/marketing/campaign_report.go:9.64,10.22 1 0
lab2/pizzeria/marketing/campaign_report.go:10.22,12.3 1 0
lab2/pizzeria/marketing/campaign_report.go:13.2,13.25 1 0
lab2/pizzeria/marketing/campaign_report.go:16.47,18.2 1 0
lab2/pizzeria/marketing/campaign_report.go:20.41,22.30 2 0
lab2/pizzeria/marketing/campaign_report.go:22.30,24.3 1 0
lab2/pizzeria/marketing/campaign_report.go:25.2,25.14 1 0
lab2/pizzeria/marketing/country.go:9.46,11.2 1 0
lab2/pizzeria/marketing/country.go:13.55,15.2 1 0
lab2/pizzeria/marketing/marketing_campaign.go:13.50,15.2 1 0
lab2/pizzeria/marketing/marketing_campaign.go:17.57,18.58 1 0
lab2/pizzeria/marketing/marketing_campaign.go:18.58,20.3 1 0
lab2/pizzeria/marketing/marketing_campaign.go:21.2,21.12 1 0
lab2/pizzeria/marketing/marketing_department.go:10.66,12.2 1 0
lab2/pizzeria/marketing/marketing_department.go:14.52,16.2 1 0
lab2/pizzeria/production/factory.go:13.48,15.2 1 0
lab2/pizzeria/production/factory.go:17.60,19.2 1 0
lab2/pizzeria/production/factory.go:21.33,23.31 2 0
lab2/pizzeria/production/factory.go:23.31,25.3 1 0
lab2/pizzeria/production/factory.go:26.2,26.14 1 0
lab2/pizzeria/production/production_line.go:12.57,14.2 1 0
lab2/pizzeria/production/production_line.go:16.37,18.33 2 0
lab2/pizzeria/production/production_line.go:18.33,20.3 1 0
lab2/pizzeria/production/production_line.go:21.2,21.14 1 0
lab2/pizzeria/production/production_order.go:13.48,15.2 1 0
lab2/pizzeria/production/production_order.go:17.42,18.28 1 0
lab2/pizzeria/production/production_order.go:18.28,20.3 1 0
lab2/pizzeria/production/production_order.go:21.2,21.10 1 0
lab2/pizzeria/production/production_plan.go:11.58,13.2 1 0
lab2/pizzeria/production/production_plan.go:15.57,16.39 1 0
lab2/pizzeria/production/production_plan.go:16.39,17.28 1 0
lab2/pizzeria/production/production_plan.go:17.28,19.4 1 0
lab2/pizzeria/production/production_plan.go:21.2,21.14 1 0
lab2/pizzeria/production/production_unit.go:13.61,15.2 1 0
lab2/pizzeria/production/production_unit.go:17.46,19.2 1 0
lab2/pizzeria/production/technological_card.go:11.50,13.2 1 0
lab2/pizzeria/production/technological_card.go:15.44,17.2 1 0
lab2/pizzeria/sales/contract.go:9.41,11.2 1 1
lab2/pizzeria/sales/contract.go:13.46,14.32 1 1
lab2/pizzeria/sales/contract.go:14.32,15.20 1 1
lab2/pizzeria/sales/contract.go:15.20,17.4 1 1
lab2/pizzeria/sales/contract.go:19.2,19.14 1 1
lab2/pizzeria/sales/customer.go:11.44,13.2 1 1
lab2/pizzeria/sales/customer.go:15.36,17.2 1 1
lab2/pizzeria/sales/delivery.go:12.52,14.2 1 1
lab2/pizzeria/sales/delivery.go:16.31,18.2 1 1
lab2/pizzeria/sales/invoice.go:9.30,11.2 1 1
lab2/pizzeria/sales/invoice.go:13.32,15.2 1 1
lab2/pizzeria/sales/order.go:15.47,16.24 1 1
lab2/pizzeria/sales/order.go:16.24,18.3 1 1
lab2/pizzeria/sales/order.go:19.2,20.12 2 1
lab2/pizzeria/sales/order.go:23.32,25.31 2 0
lab2/pizzeria/sales/order.go:25.31,27.3 1 0
lab2/pizzeria/sales/order.go:28.2,28.14 1 0
lab2/pizzeria/sales/order_item.go:15.35,17.2 1 1
lab2/pizzeria/sales/order_item.go:19.38,21.2 1 1
lab2/pizzeria/sales/procurement_department.go:15.74,16.34 1 1
lab2/pizzeria/sales/procurement_department.go:16.34,18.3 1 1
lab2/pizzeria/sales/procurement_department.go:19.2,20.12 2 1
lab2/pizzeria/sales/procurement_department.go:23.56,25.2 1 1
lab2/pizzeria/sales/purchase_order.go:12.66,14.2 1 1
lab2/pizzeria/sales/purchase_order.go:16.44,18.2 1 1
lab2/pizzeria/sales/sales_department.go:20.54,22.2 1 1
lab2/pizzeria/sales/sales_department.go:24.50,26.40 2 1
lab2/pizzeria/sales/sales_department.go:26.40,27.26 1 1
lab2/pizzeria/sales/sales_department.go:27.26,29.4 1 1
lab2/pizzeria/sales/sales_department.go:31.2,31.16 1 1
lab2/pizzeria/sales/sales_department.go:34.59,35.22 1 1
lab2/pizzeria/sales/sales_department.go:35.22,37.3 1 0
lab2/pizzeria/sales/sales_department.go:38.2,38.44 1 1
lab2/pizzeria/sales/sales_department.go:41.68,42.22 1 1
lab2/pizzeria/sales/sales_department.go:42.22,44.3 1 0
lab2/pizzeria/sales/sales_department.go:45.2,46.16 2 1
lab2/pizzeria/sales/sales_department.go:46.16,48.3 1 0
lab2/pizzeria/sales/sales_department.go:49.2,50.9 2 1
lab2/pizzeria/sales/sales_department.go:50.9,52.3 1 0
lab2/pizzeria/sales/sales_department.go:53.2,53.19 1 1
lab2/pizzeria/sales/sales_department.go:56.66,57.52 1 1
lab2/pizzeria/sales/sales_department.go:57.52,59.3 1 0
lab2/pizzeria/sales/sales_department.go:60.2,60.115 1 1
lab2/pizzeria/sales/supplier.go:16.78,17.39 1 1
lab2/pizzeria/sales/supplier.go:17.39,18.28 1 1
lab2/pizzeria/sales/supplier.go:18.28,20.4 1 1
lab2/pizzeria/sales/supplier.go:22.2,22.60 1 0
lab2/pizzeria/sales/supplier.go:25.76,26.37 1 1
lab2/pizzeria/sales/supplier.go:26.37,27.27 1 1
lab2/pizzeria/sales/supplier.go:27.27,29.4 1 0
lab2/pizzeria/sales/supplier.go:31.2,31.60 1 1
lab2/pizzeria/storage/storage.go:18.40,20.2 1 1
lab2/pizzeria/storage/storage.go:22.59,27.2 4 1
lab2/pizzeria/storage/storage.go:29.55,33.9 4 1
lab2/pizzeria/storage/storage.go:33.9,35.3 1 0
lab2/pizzeria/storage/storage.go:36.2,36.15 1 1
