mode: set
lab3/apperrors/access_error.go:10.37,12.2 1 1
lab3/apperrors/access_error.go:14.36,16.2 1 1
lab3/apperrors/access_error.go:18.40,20.2 1 1
lab3/apperrors/approval_missing_error.go:10.46,12.2 1 1
lab3/apperrors/approval_missing_error.go:14.45,16.2 1 1
lab3/apperrors/approval_missing_error.go:18.51,20.2 1 1
lab3/apperrors/data_integrity_error.go:10.44,12.2 1 1
lab3/apperrors/data_integrity_error.go:14.43,16.2 1 1
lab3/apperrors/data_integrity_error.go:18.45,20.2 1 1
lab3/apperrors/duplicate_employee_error.go:9.48,11.2 1 1
lab3/apperrors/duplicate_employee_error.go:13.47,15.2 1 1
lab3/apperrors/duplicate_employee_error.go:17.56,19.2 1 1
lab3/apperrors/inconsistent_state_error.go:10.48,12.2 1 1
lab3/apperrors/inconsistent_state_error.go:14.47,16.2 1 1
lab3/apperrors/inconsistent_state_error.go:18.48,20.2 1 1
lab3/apperrors/insufficient_balance_error.go:11.50,13.2 1 1
lab3/apperrors/insufficient_balance_error.go:15.49,17.2 1 0
lab3/apperrors/insufficient_balance_error.go:19.55,20.25 1 1
lab3/apperrors/insufficient_balance_error.go:20.25,22.3 1 0
lab3/apperrors/insufficient_balance_error.go:23.2,23.28 1 1
lab3/apperrors/invalid_currency_error.go:9.46,11.2 1 1
lab3/apperrors/invalid_currency_error.go:13.45,15.2 1 1
lab3/apperrors/invalid_currency_error.go:17.46,19.2 1 1
lab3/apperrors/overtime_limit_error.go:11.44,13.2 1 1
lab3/apperrors/overtime_limit_error.go:15.43,17.2 1 1
lab3/apperrors/overtime_limit_error.go:19.46,20.24 1 1
lab3/apperrors/overtime_limit_error.go:20.24,22.3 1 0
lab3/apperrors/overtime_limit_error.go:23.2,23.26 1 1
lab3/apperrors/payroll_lock_error.go:10.42,12.2 1 1
lab3/apperrors/payroll_lock_error.go:14.41,16.2 1 1
lab3/apperrors/payroll_lock_error.go:18.53,20.2 1 1
lab3/apperrors/policy_violation_error.go:10.46,12.2 1 1
lab3/apperrors/policy_violation_error.go:14.45,16.2 1 1
lab3/apperrors/policy_violation_error.go:18.59,20.2 1 1
lab3/apperrors/schedule_conflict_error.go:10.47,12.2 1 1
lab3/apperrors/schedule_conflict_error.go:14.46,16.2 1 1
lab3/apperrors/schedule_conflict_error.go:18.61,20.2 1 1
lab3/apperrors/unauthenticated_action_error.go:9.52,11.2 1 1
lab3/apperrors/unauthenticated_action_error.go:13.51,15.2 1 1
lab3/apperrors/unauthenticated_action_error.go:17.53,19.2 1 1
lab3/benefits/benefit_enrollment.go:13.100,15.2 1 0
lab3/benefits/benefit_enrollment.go:17.38,19.2 1 0
lab3/benefits/benefit_enrollment.go:21.42,23.2 1 0
lab3/benefits/benefit_enrollment.go:25.44,27.2 1 0
lab3/benefits/benefit_plan.go:11.34,13.2 1 0
lab3/benefits/benefit_plan.go:15.46,17.2 1 0
lab3/benefits/benefit_plan.go:19.46,21.15 2 0
lab3/benefits/benefit_plan.go:21.15,23.3 1 0
lab3/benefits/benefit_plan.go:24.2,24.14 1 0
lab3/benefits/benefit_statement.go:9.54,11.2 1 0
lab3/benefits/benefit_statement.go:13.43,15.31 2 0
lab3/benefits/benefit_statement.go:15.31,17.3 1 0
lab3/benefits/benefit_statement.go:18.2,18.21 1 0
lab3/benefits/benefit_statement.go:21.43,23.2 1 0
lab3/benefits/insurance_claim.go:16.96,18.2 1 0
lab3/benefits/insurance_claim.go:20.36,24.2 3 0
lab3/benefits/insurance_claim.go:26.35,30.2 3 0
lab3/benefits/insurance_claim.go:32.42,34.2 1 0
lab3/benefits/reimbursement_request.go:15.114,17.2 1 0
lab3/benefits/reimbursement_request.go:19.42,21.2 1 0
lab3/benefits/reimbursement_request.go:23.41,25.2 1 0
lab3/benefits/reimbursement_request.go:27.49,29.2 1 0
lab3/communication/alert_subscription.go:10.41,12.2 1 0
lab3/communication/alert_subscription.go:14.43,16.2 1 0
lab3/communication/alert_subscription.go:18.44,20.2 1 0
lab3/communication/email_template.go:10.36,12.2 1 0
lab3/communication/email_template.go:14.51,16.2 1 0
lab3/communication/email_template.go:18.40,20.2 1 0
lab3/communication/message_sender.go:9.51,10.19 1 0
lab3/communication/message_sender.go:10.19,12.3 1 0
lab3/communication/message_sender.go:13.2,14.13 2 0
lab3/communication/message_sender.go:17.39,19.2 1 0
lab3/communication/notification_preference.go:10.43,12.2 1 0
lab3/communication/notification_preference.go:14.44,16.2 1 0
lab3/communication/notification_preference.go:18.68,20.2 1 0
lab3/communication/reminder_schedule.go:10.49,12.2 1 0
lab3/communication/reminder_schedule.go:14.37,16.2 1 0
lab3/communication/reminder_schedule.go:18.52,20.2 1 0
lab3/communication/reminder_schedule.go:22.45,23.23 1 0
lab3/communication/reminder_schedule.go:23.23,25.3 1 0
lab3/communication/reminder_schedule.go:26.2,26.19 1 0
lab3/compliance/access_review.go:10.51,12.2 1 0
lab3/compliance/access_review.go:14.34,16.2 1 0
lab3/compliance/access_review.go:18.42,20.2 1 0
lab3/compliance/audit_log.go:10.43,12.2 1 0
lab3/compliance/audit_log.go:14.36,16.2 1 0
lab3/compliance/audit_log.go:18.38,19.25 1 0
lab3/compliance/audit_log.go:19.25,21.3 1 0
lab3/compliance/audit_log.go:22.2,22.36 1 0
lab3/compliance/incident_report.go:13.53,16.2 2 0
lab3/compliance/incident_report.go:18.47,20.2 1 0
lab3/compliance/policy_document.go:9.50,12.2 2 0
lab3/compliance/policy_document.go:14.35,16.2 1 0
lab3/compliance/policy_document.go:18.41,20.2 1 0
lab3/compliance/risk_assessment.go:10.65,12.2 1 0
lab3/compliance/risk_assessment.go:14.58,15.20 1 0
lab3/compliance/risk_assessment.go:15.20,17.3 1 0
lab3/compliance/risk_assessment.go:18.2,19.18 2 0
lab3/compliance/risk_assessment.go:22.43,24.2 1 0
lab3/finance/bank_account.go:13.47,14.17 1 0
lab3/finance/bank_account.go:14.17,16.3 1 0
lab3/finance/bank_account.go:17.2,17.21 1 0
lab3/finance/bank_account.go:20.53,21.17 1 0
lab3/finance/bank_account.go:21.17,23.3 1 0
lab3/finance/bank_account.go:24.2,24.39 1 0
lab3/finance/bank_account.go:24.39,26.3 1 0
lab3/finance/bank_account.go:27.2,28.13 2 0
lab3/finance/bank_account.go:31.34,33.2 1 0
lab3/finance/bank_account.go:35.52,37.2 1 0
lab3/finance/currency.go:13.49,15.2 1 0
lab3/finance/currency.go:17.44,19.2 1 0
lab3/finance/currency.go:21.57,23.33 2 0
lab3/finance/currency.go:23.33,25.3 1 0
lab3/finance/currency.go:26.2,27.36 2 0
lab3/finance/currency.go:30.54,33.2 2 0
lab3/finance/exchange_rate_table.go:9.60,11.2 1 0
lab3/finance/exchange_rate_table.go:13.64,14.20 1 0
lab3/finance/exchange_rate_table.go:14.20,16.3 1 0
lab3/finance/exchange_rate_table.go:17.2,17.22 1 0
lab3/finance/exchange_rate_table.go:20.75,22.22 2 0
lab3/finance/exchange_rate_table.go:22.22,24.3 1 0
lab3/finance/exchange_rate_table.go:25.2,25.22 1 0
lab3/finance/exchange_rate_table.go:28.54,31.2 2 0
lab3/finance/ledger_entry.go:11.46,13.2 1 0
lab3/finance/ledger_entry.go:15.38,17.2 1 0
lab3/finance/payment_instruction.go:15.115,17.2 1 0
lab3/finance/payment_instruction.go:19.40,20.31 1 0
lab3/finance/payment_instruction.go:20.31,22.3 1 0
lab3/finance/payment_instruction.go:25.41,26.32 1 0
lab3/finance/payment_instruction.go:26.32,28.3 1 0
lab3/finance/payment_instruction.go:31.44,33.2 1 0
lab3/finance/transaction_batch.go:10.56,12.2 1 0
lab3/finance/transaction_batch.go:14.43,16.30 2 0
lab3/finance/transaction_batch.go:16.30,18.3 1 0
lab3/finance/transaction_batch.go:19.2,19.17 1 0
lab3/finance/transaction_batch.go:22.36,24.2 1 0
lab3/finance/transaction_batch.go:26.45,28.2 1 0
lab3/hr/access_badge.go:11.39,13.2 1 0
lab3/hr/access_badge.go:15.56,16.15 1 0
lab3/hr/access_badge.go:16.15,18.3 1 0
lab3/hr/access_badge.go:19.2,21.17 3 0
lab3/hr/access_badge.go:24.52,26.2 1 0
lab3/hr/contract.go:12.44,14.2 1 0
lab3/hr/contract.go:16.39,18.2 1 0
lab3/hr/employee.go:15.31,17.2 1 0
lab3/hr/employee.go:19.54,21.2 1 0
lab3/hr/employee.go:23.48,25.18 2 0
lab3/hr/employee.go:25.18,27.3 1 0
lab3/hr/employee.go:30.33,32.2 1 0
lab3/hr/permission.go:9.30,11.2 1 0
lab3/hr/permission.go:13.31,15.2 1 0
lab3/hr/permission.go:17.50,19.2 1 0
lab3/hr/position.go:12.30,15.2 2 0
lab3/hr/position.go:17.35,19.2 1 0
lab3/hr/schedule.go:10.58,13.2 2 0
lab3/hr/schedule.go:15.37,17.2 1 0
lab3/hr/schedule.go:19.46,20.33 1 0
lab3/hr/schedule.go:20.33,21.20 1 0
lab3/hr/schedule.go:21.20,23.4 1 0
lab3/hr/schedule.go:25.2,25.14 1 0
lab3/payroll/bonus.go:9.44,11.2 1 0
lab3/payroll/bonus.go:13.33,15.2 1 0
lab3/payroll/bonus.go:17.32,19.2 1 0
lab3/payroll/deduction.go:9.54,11.19 2 0
lab3/payroll/deduction.go:11.19,13.3 1 0
lab3/payroll/deduction.go:14.2,14.14 1 0
lab3/payroll/deduction.go:17.42,19.2 1 0
lab3/payroll/overtime_policy.go:12.58,13.24 1 0
lab3/payroll/overtime_policy.go:13.24,15.3 1 0
lab3/payroll/overtime_policy.go:16.2,16.51 1 0
lab3/payroll/overtime_policy.go:19.43,21.2 1 0
lab3/payroll/overtime_policy.go:23.52,25.2 1 0
lab3/payroll/pay_calendar.go:11.37,13.2 1 0
lab3/payroll/pay_calendar.go:15.53,17.2 1 0
lab3/payroll/pay_component.go:10.53,12.2 1 0
lab3/payroll/pay_component.go:14.43,16.2 1 0
lab3/payroll/pay_component.go:18.38,20.2 1 0
lab3/payroll/paycheck.go:11.49,13.2 1 0
lab3/payroll/paycheck.go:15.45,17.2 1 0
lab3/payroll/paycheck.go:19.33,21.34 2 0
lab3/payroll/paycheck.go:21.34,23.3 1 0
lab3/payroll/paycheck.go:24.2,24.41 1 0
lab3/payroll/paycheck.go:24.41,26.3 1 0
lab3/payroll/paycheck.go:27.2,27.15 1 0
lab3/payroll/paycheck.go:27.15,29.3 1 0
lab3/payroll/paycheck.go:30.2,30.15 1 0
lab3/payroll/paycheck.go:33.46,35.34 2 0
lab3/payroll/paycheck.go:35.34,37.3 1 0
lab3/payroll/paycheck.go:38.2,38.41 1 0
lab3/payroll/paycheck.go:38.41,40.3 1 0
lab3/payroll/paycheck.go:41.2,41.14 1 0
lab3/payroll/payroll_run.go:13.49,15.2 1 0
lab3/payroll/payroll_run.go:17.51,19.2 1 0
lab3/payroll/payroll_run.go:21.44,23.32 2 0
lab3/payroll/payroll_run.go:23.32,25.37 2 0
lab3/payroll/payroll_run.go:25.37,27.4 1 0
lab3/payroll/payroll_run.go:28.3,28.18 1 0
lab3/payroll/payroll_run.go:30.2,30.14 1 0
lab3/payroll/payroll_run.go:33.41,35.2 1 0
lab3/payroll/salary_band.go:12.52,14.2 1 0
lab3/payroll/salary_band.go:16.44,19.2 2 0
lab3/performance/certification.go:10.36,12.2 1 0
lab3/performance/certification.go:14.45,17.2 2 0
lab3/performance/certification.go:19.48,21.2 1 0
lab3/performance/performance_goal.go:14.87,16.2 1 0
lab3/performance/performance_goal.go:18.55,20.28 2 0
lab3/performance/performance_goal.go:20.28,22.3 1 0
lab3/performance/performance_goal.go:25.47,26.19 1 0
lab3/performance/performance_goal.go:26.19,28.3 1 0
lab3/performance/performance_goal.go:29.2,29.30 1 0
lab3/performance/performance_review.go:13.56,15.2 1 0
lab3/performance/performance_review.go:17.45,19.2 1 0
lab3/performance/performance_review.go:21.58,23.2 1 0
lab3/performance/promotion_case.go:13.35,17.2 3 0
lab3/performance/promotion_case.go:19.45,22.2 2 0
lab3/performance/promotion_case.go:24.41,26.2 1 0
lab3/performance/training_course.go:12.50,15.2 2 0
lab3/performance/training_course.go:17.44,19.2 1 0
lab3/performance/training_course.go:21.45,23.2 1 0
lab3/reporting/benefits_report.go:9.51,12.2 2 0
lab3/reporting/benefits_report.go:14.47,15.22 1 0
lab3/reporting/benefits_report.go:15.22,17.3 1 0
lab3/reporting/benefits_report.go:18.2,18.46 1 0
lab3/reporting/compliance_report.go:9.61,12.2 2 0
lab3/reporting/compliance_report.go:14.42,16.2 1 0
lab3/reporting/headcount_report.go:8.43,10.2 1 0
lab3/reporting/headcount_report.go:12.65,13.31 1 0
lab3/reporting/headcount_report.go:13.31,15.3 1 0
lab3/reporting/headcount_report.go:16.2,17.28 2 0
lab3/reporting/headcount_report.go:20.38,22.2 1 0
lab3/reporting/headcount_report.go:24.59,26.2 1 0
lab3/reporting/payroll_report.go:10.49,12.2 1 0
lab3/reporting/payroll_report.go:14.40,16.31 2 0
lab3/reporting/payroll_report.go:16.31,18.3 1 0
lab3/reporting/payroll_report.go:19.2,19.17 1 0
lab3/reporting/payroll_report.go:22.39,24.2 1 0
lab3/timeoff/leave_accrual.go:9.37,11.2 1 0
lab3/timeoff/leave_accrual.go:13.32,15.2 1 0
lab3/timeoff/leave_accrual.go:17.65,19.2 1 0
lab3/timeoff/leave_approval.go:10.63,13.13 3 0
lab3/timeoff/leave_approval.go:13.13,15.3 1 0
lab3/timeoff/leave_approval.go:15.8,17.3 1 0
lab3/timeoff/leave_approval.go:20.39,22.2 1 0
lab3/timeoff/leave_balance.go:10.45,12.2 1 0
lab3/timeoff/leave_balance.go:14.48,15.24 1 0
lab3/timeoff/leave_balance.go:15.24,17.3 1 0
lab3/timeoff/leave_balance.go:18.2,20.13 3 0
lab3/timeoff/leave_balance.go:23.43,25.2 1 0
lab3/timeoff/leave_policy.go:12.41,14.2 1 0
lab3/timeoff/leave_policy.go:16.50,18.2 1 0
lab3/timeoff/leave_policy.go:20.47,22.2 1 0
lab3/timeoff/leave_request.go:15.99,17.2 1 0
lab3/timeoff/leave_request.go:19.34,21.2 1 0
lab3/timeoff/leave_request.go:23.33,25.2 1 0
lab3/timeoff/leave_request.go:27.41,29.2 1 0
lab3/apperrors/access_error.go:10.37,12.2 1 0
lab3/apperrors/access_error.go:14.36,16.2 1 0
lab3/apperrors/access_error.go:18.40,20.2 1 0
lab3/apperrors/approval_missing_error.go:10.46,12.2 1 0
lab3/apperrors/approval_missing_error.go:14.45,16.2 1 0
lab3/apperrors/approval_missing_error.go:18.51,20.2 1 0
lab3/apperrors/data_integrity_error.go:10.44,12.2 1 0
lab3/apperrors/data_integrity_error.go:14.43,16.2 1 0
lab3/apperrors/data_integrity_error.go:18.45,20.2 1 0
lab3/apperrors/duplicate_employee_error.go:9.48,11.2 1 0
lab3/apperrors/duplicate_employee_error.go:13.47,15.2 1 0
lab3/apperrors/duplicate_employee_error.go:17.56,19.2 1 0
lab3/apperrors/inconsistent_state_error.go:10.48,12.2 1 0
lab3/apperrors/inconsistent_state_error.go:14.47,16.2 1 0
lab3/apperrors/inconsistent_state_error.go:18.48,20.2 1 0
lab3/apperrors/insufficient_balance_error.go:11.50,13.2 1 0
lab3/apperrors/insufficient_balance_error.go:15.49,17.2 1 0
lab3/apperrors/insufficient_balance_error.go:19.55,20.25 1 0
lab3/apperrors/insufficient_balance_error.go:20.25,22.3 1 0
lab3/apperrors/insufficient_balance_error.go:23.2,23.28 1 0
lab3/apperrors/invalid_currency_error.go:9.46,11.2 1 0
lab3/apperrors/invalid_currency_error.go:13.45,15.2 1 0
lab3/apperrors/invalid_currency_error.go:17.46,19.2 1 0
lab3/apperrors/overtime_limit_error.go:11.44,13.2 1 0
lab3/apperrors/overtime_limit_error.go:15.43,17.2 1 0
lab3/apperrors/overtime_limit_error.go:19.46,20.24 1 0
lab3/apperrors/overtime_limit_error.go:20.24,22.3 1 0
lab3/apperrors/overtime_limit_error.go:23.2,23.26 1 0
lab3/apperrors/payroll_lock_error.go:10.42,12.2 1 0
lab3/apperrors/payroll_lock_error.go:14.41,16.2 1 0
lab3/apperrors/payroll_lock_error.go:18.53,20.2 1 0
lab3/apperrors/policy_violation_error.go:10.46,12.2 1 0
lab3/apperrors/policy_violation_error.go:14.45,16.2 1 0
lab3/apperrors/policy_violation_error.go:18.59,20.2 1 0
lab3/apperrors/schedule_conflict_error.go:10.47,12.2 1 0
lab3/apperrors/schedule_conflict_error.go:14.46,16.2 1 0
lab3/apperrors/schedule_conflict_error.go:18.61,20.2 1 0
lab3/apperrors/unauthenticated_action_error.go:9.52,11.2 1 0
lab3/apperrors/unauthenticated_action_error.go:13.51,15.2 1 0
lab3/apperrors/unauthenticated_action_error.go:17.53,19.2 1 0
lab3/benefits/benefit_enrollment.go:13.100,15.2 1 1
lab3/benefits/benefit_enrollment.go:17.38,19.2 1 1
lab3/benefits/benefit_enrollment.go:21.42,23.2 1 1
lab3/benefits/benefit_enrollment.go:25.44,27.2 1 1
lab3/benefits/benefit_plan.go:11.34,13.2 1 1
lab3/benefits/benefit_plan.go:15.46,17.2 1 1
lab3/benefits/benefit_plan.go:19.46,21.15 2 1
lab3/benefits/benefit_plan.go:21.15,23.3 1 0
lab3/benefits/benefit_plan.go:24.2,24.14 1 1
lab3/benefits/benefit_statement.go:9.54,11.2 1 1
lab3/benefits/benefit_statement.go:13.43,15.31 2 1
lab3/benefits/benefit_statement.go:15.31,17.3 1 1
lab3/benefits/benefit_statement.go:18.2,18.21 1 1
lab3/benefits/benefit_statement.go:21.43,23.2 1 1
lab3/benefits/insurance_claim.go:16.96,18.2 1 1
lab3/benefits/insurance_claim.go:20.36,24.2 3 1
lab3/benefits/insurance_claim.go:26.35,30.2 3 1
lab3/benefits/insurance_claim.go:32.42,34.2 1 1
lab3/benefits/reimbursement_request.go:15.114,17.2 1 1
lab3/benefits/reimbursement_request.go:19.42,21.2 1 1
lab3/benefits/reimbursement_request.go:23.41,25.2 1 1
lab3/benefits/reimbursement_request.go:27.49,29.2 1 1
lab3/communication/alert_subscription.go:10.41,12.2 1 0
lab3/communication/alert_subscription.go:14.43,16.2 1 0
lab3/communication/alert_subscription.go:18.44,20.2 1 0
lab3/communication/email_template.go:10.36,12.2 1 0
lab3/communication/email_template.go:14.51,16.2 1 0
lab3/communication/email_template.go:18.40,20.2 1 0
lab3/communication/message_sender.go:9.51,10.19 1 0
lab3/communication/message_sender.go:10.19,12.3 1 0
lab3/communication/message_sender.go:13.2,14.13 2 0
lab3/communication/message_sender.go:17.39,19.2 1 0
lab3/communication/notification_preference.go:10.43,12.2 1 0
lab3/communication/notification_preference.go:14.44,16.2 1 0
lab3/communication/notification_preference.go:18.68,20.2 1 0
lab3/communication/reminder_schedule.go:10.49,12.2 1 0
lab3/communication/reminder_schedule.go:14.37,16.2 1 0
lab3/communication/reminder_schedule.go:18.52,20.2 1 0
lab3/communication/reminder_schedule.go:22.45,23.23 1 0
lab3/communication/reminder_schedule.go:23.23,25.3 1 0
lab3/communication/reminder_schedule.go:26.2,26.19 1 0
lab3/compliance/access_review.go:10.51,12.2 1 0
lab3/compliance/access_review.go:14.34,16.2 1 0
lab3/compliance/access_review.go:18.42,20.2 1 0
lab3/compliance/audit_log.go:10.43,12.2 1 0
lab3/compliance/audit_log.go:14.36,16.2 1 0
lab3/compliance/audit_log.go:18.38,19.25 1 0
lab3/compliance/audit_log.go:19.25,21.3 1 0
lab3/compliance/audit_log.go:22.2,22.36 1 0
lab3/compliance/incident_report.go:13.53,16.2 2 0
lab3/compliance/incident_report.go:18.47,20.2 1 0
lab3/compliance/policy_document.go:9.50,12.2 2 0
lab3/compliance/policy_document.go:14.35,16.2 1 0
lab3/compliance/policy_document.go:18.41,20.2 1 0
lab3/compliance/risk_assessment.go:10.65,12.2 1 0
lab3/compliance/risk_assessment.go:14.58,15.20 1 0
lab3/compliance/risk_assessment.go:15.20,17.3 1 0
lab3/compliance/risk_assessment.go:18.2,19.18 2 0
lab3/compliance/risk_assessment.go:22.43,24.2 1 0
lab3/finance/bank_account.go:13.47,14.17 1 0
lab3/finance/bank_account.go:14.17,16.3 1 0
lab3/finance/bank_account.go:17.2,17.21 1 0
lab3/finance/bank_account.go:20.53,21.17 1 0
lab3/finance/bank_account.go:21.17,23.3 1 0
lab3/finance/bank_account.go:24.2,24.39 1 0
lab3/finance/bank_account.go:24.39,26.3 1 0
lab3/finance/bank_account.go:27.2,28.13 2 0
lab3/finance/bank_account.go:31.34,33.2 1 0
lab3/finance/bank_account.go:35.52,37.2 1 0
lab3/finance/currency.go:13.49,15.2 1 0
lab3/finance/currency.go:17.44,19.2 1 0
lab3/finance/currency.go:21.57,23.33 2 0
lab3/finance/currency.go:23.33,25.3 1 0
lab3/finance/currency.go:26.2,27.36 2 0
lab3/finance/currency.go:30.54,33.2 2 0
lab3/finance/exchange_rate_table.go:9.60,11.2 1 0
lab3/finance/exchange_rate_table.go:13.64,14.20 1 0
lab3/finance/exchange_rate_table.go:14.20,16.3 1 0
lab3/finance/exchange_rate_table.go:17.2,17.22 1 0
lab3/finance/exchange_rate_table.go:20.75,22.22 2 0
lab3/finance/exchange_rate_table.go:22.22,24.3 1 0
lab3/finance/exchange_rate_table.go:25.2,25.22 1 0
lab3/finance/exchange_rate_table.go:28.54,31.2 2 0
lab3/finance/ledger_entry.go:11.46,13.2 1 0
lab3/finance/ledger_entry.go:15.38,17.2 1 0
lab3/finance/payment_instruction.go:15.115,17.2 1 0
lab3/finance/payment_instruction.go:19.40,20.31 1 0
lab3/finance/payment_instruction.go:20.31,22.3 1 0
lab3/finance/payment_instruction.go:25.41,26.32 1 0
lab3/finance/payment_instruction.go:26.32,28.3 1 0
lab3/finance/payment_instruction.go:31.44,33.2 1 0
lab3/finance/transaction_batch.go:10.56,12.2 1 0
lab3/finance/transaction_batch.go:14.43,16.30 2 0
lab3/finance/transaction_batch.go:16.30,18.3 1 0
lab3/finance/transaction_batch.go:19.2,19.17 1 0
lab3/finance/transaction_batch.go:22.36,24.2 1 0
lab3/finance/transaction_batch.go:26.45,28.2 1 0
lab3/hr/access_badge.go:11.39,13.2 1 0
lab3/hr/access_badge.go:15.56,16.15 1 0
lab3/hr/access_badge.go:16.15,18.3 1 0
lab3/hr/access_badge.go:19.2,21.17 3 0
lab3/hr/access_badge.go:24.52,26.2 1 0
lab3/hr/contract.go:12.44,14.2 1 0
lab3/hr/contract.go:16.39,18.2 1 0
lab3/hr/employee.go:15.31,17.2 1 0
lab3/hr/employee.go:19.54,21.2 1 0
lab3/hr/employee.go:23.48,25.18 2 0
lab3/hr/employee.go:25.18,27.3 1 0
lab3/hr/employee.go:30.33,32.2 1 0
lab3/hr/permission.go:9.30,11.2 1 0
lab3/hr/permission.go:13.31,15.2 1 0
lab3/hr/permission.go:17.50,19.2 1 0
lab3/hr/position.go:12.30,15.2 2 0
lab3/hr/position.go:17.35,19.2 1 0
lab3/hr/schedule.go:10.58,13.2 2 0
lab3/hr/schedule.go:15.37,17.2 1 0
lab3/hr/schedule.go:19.46,20.33 1 0
lab3/hr/schedule.go:20.33,21.20 1 0
lab3/hr/schedule.go:21.20,23.4 1 0
lab3/hr/schedule.go:25.2,25.14 1 0
lab3/payroll/bonus.go:9.44,11.2 1 0
lab3/payroll/bonus.go:13.33,15.2 1 0
lab3/payroll/bonus.go:17.32,19.2 1 0
lab3/payroll/deduction.go:9.54,11.19 2 0
lab3/payroll/deduction.go:11.19,13.3 1 0
lab3/payroll/deduction.go:14.2,14.14 1 0
lab3/payroll/deduction.go:17.42,19.2 1 0
lab3/payroll/overtime_policy.go:12.58,13.24 1 0
lab3/payroll/overtime_policy.go:13.24,15.3 1 0
lab3/payroll/overtime_policy.go:16.2,16.51 1 0
lab3/payroll/overtime_policy.go:19.43,21.2 1 0
lab3/payroll/overtime_policy.go:23.52,25.2 1 0
lab3/payroll/pay_calendar.go:11.37,13.2 1 0
lab3/payroll/pay_calendar.go:15.53,17.2 1 0
lab3/payroll/pay_component.go:10.53,12.2 1 0
lab3/payroll/pay_component.go:14.43,16.2 1 0
lab3/payroll/pay_component.go:18.38,20.2 1 0
lab3/payroll/paycheck.go:11.49,13.2 1 0
lab3/payroll/paycheck.go:15.45,17.2 1 0
lab3/payroll/paycheck.go:19.33,21.34 2 0
lab3/payroll/paycheck.go:21.34,23.3 1 0
lab3/payroll/paycheck.go:24.2,24.41 1 0
lab3/payroll/paycheck.go:24.41,26.3 1 0
lab3/payroll/paycheck.go:27.2,27.15 1 0
lab3/payroll/paycheck.go:27.15,29.3 1 0
lab3/payroll/paycheck.go:30.2,30.15 1 0
lab3/payroll/paycheck.go:33.46,35.34 2 0
lab3/payroll/paycheck.go:35.34,37.3 1 0
lab3/payroll/paycheck.go:38.2,38.41 1 0
lab3/payroll/paycheck.go:38.41,40.3 1 0
lab3/payroll/paycheck.go:41.2,41.14 1 0
lab3/payroll/payroll_run.go:13.49,15.2 1 0
lab3/payroll/payroll_run.go:17.51,19.2 1 0
lab3/payroll/payroll_run.go:21.44,23.32 2 0
lab3/payroll/payroll_run.go:23.32,25.37 2 0
lab3/payroll/payroll_run.go:25.37,27.4 1 0
lab3/payroll/payroll_run.go:28.3,28.18 1 0
lab3/payroll/payroll_run.go:30.2,30.14 1 0
lab3/payroll/payroll_run.go:33.41,35.2 1 0
lab3/payroll/salary_band.go:12.52,14.2 1 0
lab3/payroll/salary_band.go:16.44,19.2 2 0
lab3/performance/certification.go:10.36,12.2 1 0
lab3/performance/certification.go:14.45,17.2 2 0
lab3/performance/certification.go:19.48,21.2 1 0
lab3/performance/performance_goal.go:14.87,16.2 1 0
lab3/performance/performance_goal.go:18.55,20.28 2 0
lab3/performance/performance_goal.go:20.28,22.3 1 0
lab3/performance/performance_goal.go:25.47,26.19 1 0
lab3/performance/performance_goal.go:26.19,28.3 1 0
lab3/performance/performance_goal.go:29.2,29.30 1 0
lab3/performance/performance_review.go:13.56,15.2 1 0
lab3/performance/performance_review.go:17.45,19.2 1 0
lab3/performance/performance_review.go:21.58,23.2 1 0
lab3/performance/promotion_case.go:13.35,17.2 3 0
lab3/performance/promotion_case.go:19.45,22.2 2 0
lab3/performance/promotion_case.go:24.41,26.2 1 0
lab3/performance/training_course.go:12.50,15.2 2 0
lab3/performance/training_course.go:17.44,19.2 1 0
lab3/performance/training_course.go:21.45,23.2 1 0
lab3/reporting/benefits_report.go:9.51,12.2 2 0
lab3/reporting/benefits_report.go:14.47,15.22 1 0
lab3/reporting/benefits_report.go:15.22,17.3 1 0
lab3/reporting/benefits_report.go:18.2,18.46 1 0
lab3/reporting/compliance_report.go:9.61,12.2 2 0
lab3/reporting/compliance_report.go:14.42,16.2 1 0
lab3/reporting/headcount_report.go:8.43,10.2 1 0
lab3/reporting/headcount_report.go:12.65,13.31 1 0
lab3/reporting/headcount_report.go:13.31,15.3 1 0
lab3/reporting/headcount_report.go:16.2,17.28 2 0
lab3/reporting/headcount_report.go:20.38,22.2 1 0
lab3/reporting/headcount_report.go:24.59,26.2 1 0
lab3/reporting/payroll_report.go:10.49,12.2 1 0
lab3/reporting/payroll_report.go:14.40,16.31 2 0
lab3/reporting/payroll_report.go:16.31,18.3 1 0
lab3/reporting/payroll_report.go:19.2,19.17 1 0
lab3/reporting/payroll_report.go:22.39,24.2 1 0
lab3/timeoff/leave_accrual.go:9.37,11.2 1 0
lab3/timeoff/leave_accrual.go:13.32,15.2 1 0
lab3/timeoff/leave_accrual.go:17.65,19.2 1 0
lab3/timeoff/leave_approval.go:10.63,13.13 3 0
lab3/timeoff/leave_approval.go:13.13,15.3 1 0
lab3/timeoff/leave_approval.go:15.8,17.3 1 0
lab3/timeoff/leave_approval.go:20.39,22.2 1 0
lab3/timeoff/leave_balance.go:10.45,12.2 1 0
lab3/timeoff/leave_balance.go:14.48,15.24 1 0
lab3/timeoff/leave_balance.go:15.24,17.3 1 0
lab3/timeoff/leave_balance.go:18.2,20.13 3 0
lab3/timeoff/leave_balance.go:23.43,25.2 1 0
lab3/timeoff/leave_policy.go:12.41,14.2 1 0
lab3/timeoff/leave_policy.go:16.50,18.2 1 0
lab3/timeoff/leave_policy.go:20.47,22.2 1 0
lab3/timeoff/leave_request.go:15.99,17.2 1 0
lab3/timeoff/leave_request.go:19.34,21.2 1 0
lab3/timeoff/leave_request.go:23.33,25.2 1 0
lab3/timeoff/leave_request.go:27.41,29.2 1 0
lab3/apperrors/access_error.go:10.37,12.2 1 0
lab3/apperrors/access_error.go:14.36,16.2 1 0
lab3/apperrors/access_error.go:18.40,20.2 1 0
lab3/apperrors/approval_missing_error.go:10.46,12.2 1 0
lab3/apperrors/approval_missing_error.go:14.45,16.2 1 0
lab3/apperrors/approval_missing_error.go:18.51,20.2 1 0
lab3/apperrors/data_integrity_error.go:10.44,12.2 1 0
lab3/apperrors/data_integrity_error.go:14.43,16.2 1 0
lab3/apperrors/data_integrity_error.go:18.45,20.2 1 0
lab3/apperrors/duplicate_employee_error.go:9.48,11.2 1 0
lab3/apperrors/duplicate_employee_error.go:13.47,15.2 1 0
lab3/apperrors/duplicate_employee_error.go:17.56,19.2 1 0
lab3/apperrors/inconsistent_state_error.go:10.48,12.2 1 0
lab3/apperrors/inconsistent_state_error.go:14.47,16.2 1 0
lab3/apperrors/inconsistent_state_error.go:18.48,20.2 1 0
lab3/apperrors/insufficient_balance_error.go:11.50,13.2 1 0
lab3/apperrors/insufficient_balance_error.go:15.49,17.2 1 0
lab3/apperrors/insufficient_balance_error.go:19.55,20.25 1 0
lab3/apperrors/insufficient_balance_error.go:20.25,22.3 1 0
lab3/apperrors/insufficient_balance_error.go:23.2,23.28 1 0
lab3/apperrors/invalid_currency_error.go:9.46,11.2 1 0
lab3/apperrors/invalid_currency_error.go:13.45,15.2 1 0
lab3/apperrors/invalid_currency_error.go:17.46,19.2 1 0
lab3/apperrors/overtime_limit_error.go:11.44,13.2 1 0
lab3/apperrors/overtime_limit_error.go:15.43,17.2 1 0
lab3/apperrors/overtime_limit_error.go:19.46,20.24 1 0
lab3/apperrors/overtime_limit_error.go:20.24,22.3 1 0
lab3/apperrors/overtime_limit_error.go:23.2,23.26 1 0
lab3/apperrors/payroll_lock_error.go:10.42,12.2 1 0
lab3/apperrors/payroll_lock_error.go:14.41,16.2 1 0
lab3/apperrors/payroll_lock_error.go:18.53,20.2 1 0
lab3/apperrors/policy_violation_error.go:10.46,12.2 1 0
lab3/apperrors/policy_violation_error.go:14.45,16.2 1 0
lab3/apperrors/policy_violation_error.go:18.59,20.2 1 0
lab3/apperrors/schedule_conflict_error.go:10.47,12.2 1 0
lab3/apperrors/schedule_conflict_error.go:14.46,16.2 1 0
lab3/apperrors/schedule_conflict_error.go:18.61,20.2 1 0
lab3/apperrors/unauthenticated_action_error.go:9.52,11.2 1 0
lab3/apperrors/unauthenticated_action_error.go:13.51,15.2 1 0
lab3/apperrors/unauthenticated_action_error.go:17.53,19.2 1 0
lab3/benefits/benefit_enrollment.go:13.100,15.2 1 0
lab3/benefits/benefit_enrollment.go:17.38,19.2 1 0
lab3/benefits/benefit_enrollment.go:21.42,23.2 1 0
lab3/benefits/benefit_enrollment.go:25.44,27.2 1 0
lab3/benefits/benefit_plan.go:11.34,13.2 1 0
lab3/benefits/benefit_plan.go:15.46,17.2 1 0
lab3/benefits/benefit_plan.go:19.46,21.15 2 0
lab3/benefits/benefit_plan.go:21.15,23.3 1 0
lab3/benefits/benefit_plan.go:24.2,24.14 1 0
lab3/benefits/benefit_statement.go:9.54,11.2 1 0
lab3/benefits/benefit_statement.go:13.43,15.31 2 0
lab3/benefits/benefit_statement.go:15.31,17.3 1 0
lab3/benefits/benefit_statement.go:18.2,18.21 1 0
lab3/benefits/benefit_statement.go:21.43,23.2 1 0
lab3/benefits/insurance_claim.go:16.96,18.2 1 0
lab3/benefits/insurance_claim.go:20.36,24.2 3 0
lab3/benefits/insurance_claim.go:26.35,30.2 3 0
lab3/benefits/insurance_claim.go:32.42,34.2 1 0
lab3/benefits/reimbursement_request.go:15.114,17.2 1 0
lab3/benefits/reimbursement_request.go:19.42,21.2 1 0
lab3/benefits/reimbursement_request.go:23.41,25.2 1 0
lab3/benefits/reimbursement_request.go:27.49,29.2 1 0
lab3/communication/alert_subscription.go:10.41,12.2 1 1
lab3/communication/alert_subscription.go:14.43,16.2 1 1
lab3/communication/alert_subscription.go:18.44,20.2 1 1
lab3/communication/email_template.go:10.36,12.2 1 1
lab3/communication/email_template.go:14.51,16.2 1 1
lab3/communication/email_template.go:18.40,20.2 1 1
lab3/communication/message_sender.go:9.51,10.19 1 1
lab3/communication/message_sender.go:10.19,12.3 1 1
lab3/communication/message_sender.go:13.2,14.13 2 1
lab3/communication/message_sender.go:17.39,19.2 1 1
lab3/communication/notification_preference.go:10.43,12.2 1 1
lab3/communication/notification_preference.go:14.44,16.2 1 1
lab3/communication/notification_preference.go:18.68,20.2 1 1
lab3/communication/reminder_schedule.go:10.49,12.2 1 1
lab3/communication/reminder_schedule.go:14.37,16.2 1 1
lab3/communication/reminder_schedule.go:18.52,20.2 1 1
lab3/communication/reminder_schedule.go:22.45,23.23 1 1
lab3/communication/reminder_schedule.go:23.23,25.3 1 0
lab3/communication/reminder_schedule.go:26.2,26.19 1 1
lab3/compliance/access_review.go:10.51,12.2 1 0
lab3/compliance/access_review.go:14.34,16.2 1 0
lab3/compliance/access_review.go:18.42,20.2 1 0
lab3/compliance/audit_log.go:10.43,12.2 1 0
lab3/compliance/audit_log.go:14.36,16.2 1 0
lab3/compliance/audit_log.go:18.38,19.25 1 0
lab3/compliance/audit_log.go:19.25,21.3 1 0
lab3/compliance/audit_log.go:22.2,22.36 1 0
lab3/compliance/incident_report.go:13.53,16.2 2 0
lab3/compliance/incident_report.go:18.47,20.2 1 0
lab3/compliance/policy_document.go:9.50,12.2 2 0
lab3/compliance/policy_document.go:14.35,16.2 1 0
lab3/compliance/policy_document.go:18.41,20.2 1 0
lab3/compliance/risk_assessment.go:10.65,12.2 1 0
lab3/compliance/risk_assessment.go:14.58,15.20 1 0
lab3/compliance/risk_assessment.go:15.20,17.3 1 0
lab3/compliance/risk_assessment.go:18.2,19.18 2 0
lab3/compliance/risk_assessment.go:22.43,24.2 1 0
lab3/finance/bank_account.go:13.47,14.17 1 0
lab3/finance/bank_account.go:14.17,16.3 1 0
lab3/finance/bank_account.go:17.2,17.21 1 0
lab3/finance/bank_account.go:20.53,21.17 1 0
lab3/finance/bank_account.go:21.17,23.3 1 0
lab3/finance/bank_account.go:24.2,24.39 1 0
lab3/finance/bank_account.go:24.39,26.3 1 0
lab3/finance/bank_account.go:27.2,28.13 2 0
lab3/finance/bank_account.go:31.34,33.2 1 0
lab3/finance/bank_account.go:35.52,37.2 1 0
lab3/finance/currency.go:13.49,15.2 1 0
lab3/finance/currency.go:17.44,19.2 1 0
lab3/finance/currency.go:21.57,23.33 2 0
lab3/finance/currency.go:23.33,25.3 1 0
lab3/finance/currency.go:26.2,27.36 2 0
lab3/finance/currency.go:30.54,33.2 2 0
lab3/finance/exchange_rate_table.go:9.60,11.2 1 0
lab3/finance/exchange_rate_table.go:13.64,14.20 1 0
lab3/finance/exchange_rate_table.go:14.20,16.3 1 0
lab3/finance/exchange_rate_table.go:17.2,17.22 1 0
lab3/finance/exchange_rate_table.go:20.75,22.22 2 0
lab3/finance/exchange_rate_table.go:22.22,24.3 1 0
lab3/finance/exchange_rate_table.go:25.2,25.22 1 0
lab3/finance/exchange_rate_table.go:28.54,31.2 2 0
lab3/finance/ledger_entry.go:11.46,13.2 1 0
lab3/finance/ledger_entry.go:15.38,17.2 1 0
lab3/finance/payment_instruction.go:15.115,17.2 1 0
lab3/finance/payment_instruction.go:19.40,20.31 1 0
lab3/finance/payment_instruction.go:20.31,22.3 1 0
lab3/finance/payment_instruction.go:25.41,26.32 1 0
lab3/finance/payment_instruction.go:26.32,28.3 1 0
lab3/finance/payment_instruction.go:31.44,33.2 1 0
lab3/finance/transaction_batch.go:10.56,12.2 1 0
lab3/finance/transaction_batch.go:14.43,16.30 2 0
lab3/finance/transaction_batch.go:16.30,18.3 1 0
lab3/finance/transaction_batch.go:19.2,19.17 1 0
lab3/finance/transaction_batch.go:22.36,24.2 1 0
lab3/finance/transaction_batch.go:26.45,28.2 1 0
lab3/hr/access_badge.go:11.39,13.2 1 0
lab3/hr/access_badge.go:15.56,16.15 1 0
lab3/hr/access_badge.go:16.15,18.3 1 0
lab3/hr/access_badge.go:19.2,21.17 3 0
lab3/hr/access_badge.go:24.52,26.2 1 0
lab3/hr/contract.go:12.44,14.2 1 0
lab3/hr/contract.go:16.39,18.2 1 0
lab3/hr/employee.go:15.31,17.2 1 0
lab3/hr/employee.go:19.54,21.2 1 0
lab3/hr/employee.go:23.48,25.18 2 0
lab3/hr/employee.go:25.18,27.3 1 0
lab3/hr/employee.go:30.33,32.2 1 0
lab3/hr/permission.go:9.30,11.2 1 0
lab3/hr/permission.go:13.31,15.2 1 0
lab3/hr/permission.go:17.50,19.2 1 0
lab3/hr/position.go:12.30,15.2 2 0
lab3/hr/position.go:17.35,19.2 1 0
lab3/hr/schedule.go:10.58,13.2 2 0
lab3/hr/schedule.go:15.37,17.2 1 0
lab3/hr/schedule.go:19.46,20.33 1 0
lab3/hr/schedule.go:20.33,21.20 1 0
lab3/hr/schedule.go:21.20,23.4 1 0
lab3/hr/schedule.go:25.2,25.14 1 0
lab3/payroll/bonus.go:9.44,11.2 1 0
lab3/payroll/bonus.go:13.33,15.2 1 0
lab3/payroll/bonus.go:17.32,19.2 1 0
lab3/payroll/deduction.go:9.54,11.19 2 0
lab3/payroll/deduction.go:11.19,13.3 1 0
lab3/payroll/deduction.go:14.2,14.14 1 0
lab3/payroll/deduction.go:17.42,19.2 1 0
lab3/payroll/overtime_policy.go:12.58,13.24 1 0
lab3/payroll/overtime_policy.go:13.24,15.3 1 0
lab3/payroll/overtime_policy.go:16.2,16.51 1 0
lab3/payroll/overtime_policy.go:19.43,21.2 1 0
lab3/payroll/overtime_policy.go:23.52,25.2 1 0
lab3/payroll/pay_calendar.go:11.37,13.2 1 0
lab3/payroll/pay_calendar.go:15.53,17.2 1 0
lab3/payroll/pay_component.go:10.53,12.2 1 0
lab3/payroll/pay_component.go:14.43,16.2 1 0
lab3/payroll/pay_component.go:18.38,20.2 1 0
lab3/payroll/paycheck.go:11.49,13.2 1 0
lab3/payroll/paycheck.go:15.45,17.2 1 0
lab3/payroll/paycheck.go:19.33,21.34 2 0
lab3/payroll/paycheck.go:21.34,23.3 1 0
lab3/payroll/paycheck.go:24.2,24.41 1 0
lab3/payroll/paycheck.go:24.41,26.3 1 0
lab3/payroll/paycheck.go:27.2,27.15 1 0
lab3/payroll/paycheck.go:27.15,29.3 1 0
lab3/payroll/paycheck.go:30.2,30.15 1 0
lab3/payroll/paycheck.go:33.46,35.34 2 0
lab3/payroll/paycheck.go:35.34,37.3 1 0
lab3/payroll/paycheck.go:38.2,38.41 1 0
lab3/payroll/paycheck.go:38.41,40.3 1 0
lab3/payroll/paycheck.go:41.2,41.14 1 0
lab3/payroll/payroll_run.go:13.49,15.2 1 0
lab3/payroll/payroll_run.go:17.51,19.2 1 0
lab3/payroll/payroll_run.go:21.44,23.32 2 0
lab3/payroll/payroll_run.go:23.32,25.37 2 0
lab3/payroll/payroll_run.go:25.37,27.4 1 0
lab3/payroll/payroll_run.go:28.3,28.18 1 0
lab3/payroll/payroll_run.go:30.2,30.14 1 0
lab3/payroll/payroll_run.go:33.41,35.2 1 0
lab3/payroll/salary_band.go:12.52,14.2 1 0
lab3/payroll/salary_band.go:16.44,19.2 2 0
lab3/performance/certification.go:10.36,12.2 1 0
lab3/performance/certification.go:14.45,17.2 2 0
lab3/performance/certification.go:19.48,21.2 1 0
lab3/performance/performance_goal.go:14.87,16.2 1 0
lab3/performance/performance_goal.go:18.55,20.28 2 0
lab3/performance/performance_goal.go:20.28,22.3 1 0
lab3/performance/performance_goal.go:25.47,26.19 1 0
lab3/performance/performance_goal.go:26.19,28.3 1 0
lab3/performance/performance_goal.go:29.2,29.30 1 0
lab3/performance/performance_review.go:13.56,15.2 1 0
lab3/performance/performance_review.go:17.45,19.2 1 0
lab3/performance/performance_review.go:21.58,23.2 1 0
lab3/performance/promotion_case.go:13.35,17.2 3 0
lab3/performance/promotion_case.go:19.45,22.2 2 0
lab3/performance/promotion_case.go:24.41,26.2 1 0
lab3/performance/training_course.go:12.50,15.2 2 0
lab3/performance/training_course.go:17.44,19.2 1 0
lab3/performance/training_course.go:21.45,23.2 1 0
lab3/reporting/benefits_report.go:9.51,12.2 2 0
lab3/reporting/benefits_report.go:14.47,15.22 1 0
lab3/reporting/benefits_report.go:15.22,17.3 1 0
lab3/reporting/benefits_report.go:18.2,18.46 1 0
lab3/reporting/compliance_report.go:9.61,12.2 2 0
lab3/reporting/compliance_report.go:14.42,16.2 1 0
lab3/reporting/headcount_report.go:8.43,10.2 1 0
lab3/reporting/headcount_report.go:12.65,13.31 1 0
lab3/reporting/headcount_report.go:13.31,15.3 1 0
lab3/reporting/headcount_report.go:16.2,17.28 2 0
lab3/reporting/headcount_report.go:20.38,22.2 1 0
lab3/reporting/headcount_report.go:24.59,26.2 1 0
lab3/reporting/payroll_report.go:10.49,12.2 1 0
lab3/reporting/payroll_report.go:14.40,16.31 2 0
lab3/reporting/payroll_report.go:16.31,18.3 1 0
lab3/reporting/payroll_report.go:19.2,19.17 1 0
lab3/reporting/payroll_report.go:22.39,24.2 1 0
lab3/timeoff/leave_accrual.go:9.37,11.2 1 0
lab3/timeoff/leave_accrual.go:13.32,15.2 1 0
lab3/timeoff/leave_accrual.go:17.65,19.2 1 0
lab3/timeoff/leave_approval.go:10.63,13.13 3 0
lab3/timeoff/leave_approval.go:13.13,15.3 1 0
lab3/timeoff/leave_approval.go:15.8,17.3 1 0
lab3/timeoff/leave_approval.go:20.39,22.2 1 0
lab3/timeoff/leave_balance.go:10.45,12.2 1 0
lab3/timeoff/leave_balance.go:14.48,15.24 1 0
lab3/timeoff/leave_balance.go:15.24,17.3 1 0
lab3/timeoff/leave_balance.go:18.2,20.13 3 0
lab3/timeoff/leave_balance.go:23.43,25.2 1 0
lab3/timeoff/leave_policy.go:12.41,14.2 1 0
lab3/timeoff/leave_policy.go:16.50,18.2 1 0
lab3/timeoff/leave_policy.go:20.47,22.2 1 0
lab3/timeoff/leave_request.go:15.99,17.2 1 0
lab3/timeoff/leave_request.go:19.34,21.2 1 0
lab3/timeoff/leave_request.go:23.33,25.2 1 0
lab3/timeoff/leave_request.go:27.41,29.2 1 0
lab3/apperrors/access_error.go:10.37,12.2 1 0
lab3/apperrors/access_error.go:14.36,16.2 1 0
lab3/apperrors/access_error.go:18.40,20.2 1 0
lab3/apperrors/approval_missing_error.go:10.46,12.2 1 0
lab3/apperrors/approval_missing_error.go:14.45,16.2 1 0
lab3/apperrors/approval_missing_error.go:18.51,20.2 1 0
lab3/apperrors/data_integrity_error.go:10.44,12.2 1 0
lab3/apperrors/data_integrity_error.go:14.43,16.2 1 0
lab3/apperrors/data_integrity_error.go:18.45,20.2 1 0
lab3/apperrors/duplicate_employee_error.go:9.48,11.2 1 0
lab3/apperrors/duplicate_employee_error.go:13.47,15.2 1 0
lab3/apperrors/duplicate_employee_error.go:17.56,19.2 1 0
lab3/apperrors/inconsistent_state_error.go:10.48,12.2 1 0
lab3/apperrors/inconsistent_state_error.go:14.47,16.2 1 0
lab3/apperrors/inconsistent_state_error.go:18.48,20.2 1 0
lab3/apperrors/insufficient_balance_error.go:11.50,13.2 1 0
lab3/apperrors/insufficient_balance_error.go:15.49,17.2 1 0
lab3/apperrors/insufficient_balance_error.go:19.55,20.25 1 0
lab3/apperrors/insufficient_balance_error.go:20.25,22.3 1 0
lab3/apperrors/insufficient_balance_error.go:23.2,23.28 1 0
lab3/apperrors/invalid_currency_error.go:9.46,11.2 1 0
lab3/apperrors/invalid_currency_error.go:13.45,15.2 1 0
lab3/apperrors/invalid_currency_error.go:17.46,19.2 1 0
lab3/apperrors/overtime_limit_error.go:11.44,13.2 1 0
lab3/apperrors/overtime_limit_error.go:15.43,17.2 1 0
lab3/apperrors/overtime_limit_error.go:19.46,20.24 1 0
lab3/apperrors/overtime_limit_error.go:20.24,22.3 1 0
lab3/apperrors/overtime_limit_error.go:23.2,23.26 1 0
lab3/apperrors/payroll_lock_error.go:10.42,12.2 1 0
lab3/apperrors/payroll_lock_error.go:14.41,16.2 1 0
lab3/apperrors/payroll_lock_error.go:18.53,20.2 1 0
lab3/apperrors/policy_violation_error.go:10.46,12.2 1 0
lab3/apperrors/policy_violation_error.go:14.45,16.2 1 0
lab3/apperrors/policy_violation_error.go:18.59,20.2 1 0
lab3/apperrors/schedule_conflict_error.go:10.47,12.2 1 0
lab3/apperrors/schedule_conflict_error.go:14.46,16.2 1 0
lab3/apperrors/schedule_conflict_error.go:18.61,20.2 1 0
lab3/apperrors/unauthenticated_action_error.go:9.52,11.2 1 0
lab3/apperrors/unauthenticated_action_error.go:13.51,15.2 1 0
lab3/apperrors/unauthenticated_action_error.go:17.53,19.2 1 0
lab3/benefits/benefit_enrollment.go:13.100,15.2 1 0
lab3/benefits/benefit_enrollment.go:17.38,19.2 1 0
lab3/benefits/benefit_enrollment.go:21.42,23.2 1 0
lab3/benefits/benefit_enrollment.go:25.44,27.2 1 0
lab3/benefits/benefit_plan.go:11.34,13.2 1 0
lab3/benefits/benefit_plan.go:15.46,17.2 1 0
lab3/benefits/benefit_plan.go:19.46,21.15 2 0
lab3/benefits/benefit_plan.go:21.15,23.3 1 0
lab3/benefits/benefit_plan.go:24.2,24.14 1 0
lab3/benefits/benefit_statement.go:9.54,11.2 1 0
lab3/benefits/benefit_statement.go:13.43,15.31 2 0
lab3/benefits/benefit_statement.go:15.31,17.3 1 0
lab3/benefits/benefit_statement.go:18.2,18.21 1 0
lab3/benefits/benefit_statement.go:21.43,23.2 1 0
lab3/benefits/insurance_claim.go:16.96,18.2 1 0
lab3/benefits/insurance_claim.go:20.36,24.2 3 0
lab3/benefits/insurance_claim.go:26.35,30.2 3 0
lab3/benefits/insurance_claim.go:32.42,34.2 1 0
lab3/benefits/reimbursement_request.go:15.114,17.2 1 0
lab3/benefits/reimbursement_request.go:19.42,21.2 1 0
lab3/benefits/reimbursement_request.go:23.41,25.2 1 0
lab3/benefits/reimbursement_request.go:27.49,29.2 1 0
lab3/communication/alert_subscription.go:10.41,12.2 1 0
lab3/communication/alert_subscription.go:14.43,16.2 1 0
lab3/communication/alert_subscription.go:18.44,20.2 1 0
lab3/communication/email_template.go:10.36,12.2 1 0
lab3/communication/email_template.go:14.51,16.2 1 0
lab3/communication/email_template.go:18.40,20.2 1 0
lab3/communication/message_sender.go:9.51,10.19 1 0
lab3/communication/message_sender.go:10.19,12.3 1 0
lab3/communication/message_sender.go:13.2,14.13 2 0
lab3/communication/message_sender.go:17.39,19.2 1 0
lab3/communication/notification_preference.go:10.43,12.2 1 0
lab3/communication/notification_preference.go:14.44,16.2 1 0
lab3/communication/notification_preference.go:18.68,20.2 1 0
lab3/communication/reminder_schedule.go:10.49,12.2 1 0
lab3/communication/reminder_schedule.go:14.37,16.2 1 0
lab3/communication/reminder_schedule.go:18.52,20.2 1 0
lab3/communication/reminder_schedule.go:22.45,23.23 1 0
lab3/communication/reminder_schedule.go:23.23,25.3 1 0
lab3/communication/reminder_schedule.go:26.2,26.19 1 0
lab3/compliance/access_review.go:10.51,12.2 1 1
lab3/compliance/access_review.go:14.34,16.2 1 1
lab3/compliance/access_review.go:18.42,20.2 1 1
lab3/compliance/audit_log.go:10.43,12.2 1 1
lab3/compliance/audit_log.go:14.36,16.2 1 1
lab3/compliance/audit_log.go:18.38,19.25 1 1
lab3/compliance/audit_log.go:19.25,21.3 1 0
lab3/compliance/audit_log.go:22.2,22.36 1 1
lab3/compliance/incident_report.go:13.53,16.2 2 1
lab3/compliance/incident_report.go:18.47,20.2 1 1
lab3/compliance/policy_document.go:9.50,12.2 2 1
lab3/compliance/policy_document.go:14.35,16.2 1 1
lab3/compliance/policy_document.go:18.41,20.2 1 1
lab3/compliance/risk_assessment.go:10.65,12.2 1 1
lab3/compliance/risk_assessment.go:14.58,15.20 1 1
lab3/compliance/risk_assessment.go:15.20,17.3 1 0
lab3/compliance/risk_assessment.go:18.2,19.18 2 1
lab3/compliance/risk_assessment.go:22.43,24.2 1 1
lab3/finance/bank_account.go:13.47,14.17 1 0
lab3/finance/bank_account.go:14.17,16.3 1 0
lab3/finance/bank_account.go:17.2,17.21 1 0
lab3/finance/bank_account.go:20.53,21.17 1 0
lab3/finance/bank_account.go:21.17,23.3 1 0
lab3/finance/bank_account.go:24.2,24.39 1 0
lab3/finance/bank_account.go:24.39,26.3 1 0
lab3/finance/bank_account.go:27.2,28.13 2 0
lab3/finance/bank_account.go:31.34,33.2 1 0
lab3/finance/bank_account.go:35.52,37.2 1 0
lab3/finance/currency.go:13.49,15.2 1 0
lab3/finance/currency.go:17.44,19.2 1 0
lab3/finance/currency.go:21.57,23.33 2 0
lab3/finance/currency.go:23.33,25.3 1 0
lab3/finance/currency.go:26.2,27.36 2 0
lab3/finance/currency.go:30.54,33.2 2 0
lab3/finance/exchange_rate_table.go:9.60,11.2 1 0
lab3/finance/exchange_rate_table.go:13.64,14.20 1 0
lab3/finance/exchange_rate_table.go:14.20,16.3 1 0
lab3/finance/exchange_rate_table.go:17.2,17.22 1 0
lab3/finance/exchange_rate_table.go:20.75,22.22 2 0
lab3/finance/exchange_rate_table.go:22.22,24.3 1 0
lab3/finance/exchange_rate_table.go:25.2,25.22 1 0
lab3/finance/exchange_rate_table.go:28.54,31.2 2 0
lab3/finance/ledger_entry.go:11.46,13.2 1 0
lab3/finance/ledger_entry.go:15.38,17.2 1 0
lab3/finance/payment_instruction.go:15.115,17.2 1 0
lab3/finance/payment_instruction.go:19.40,20.31 1 0
lab3/finance/payment_instruction.go:20.31,22.3 1 0
lab3/finance/payment_instruction.go:25.41,26.32 1 0
lab3/finance/payment_instruction.go:26.32,28.3 1 0
lab3/finance/payment_instruction.go:31.44,33.2 1 0
lab3/finance/transaction_batch.go:10.56,12.2 1 0
lab3/finance/transaction_batch.go:14.43,16.30 2 0
lab3/finance/transaction_batch.go:16.30,18.3 1 0
lab3/finance/transaction_batch.go:19.2,19.17 1 0
lab3/finance/transaction_batch.go:22.36,24.2 1 0
lab3/finance/transaction_batch.go:26.45,28.2 1 0
lab3/hr/access_badge.go:11.39,13.2 1 0
lab3/hr/access_badge.go:15.56,16.15 1 0
lab3/hr/access_badge.go:16.15,18.3 1 0
lab3/hr/access_badge.go:19.2,21.17 3 0
lab3/hr/access_badge.go:24.52,26.2 1 0
lab3/hr/contract.go:12.44,14.2 1 0
lab3/hr/contract.go:16.39,18.2 1 0
lab3/hr/employee.go:15.31,17.2 1 0
lab3/hr/employee.go:19.54,21.2 1 0
lab3/hr/employee.go:23.48,25.18 2 0
lab3/hr/employee.go:25.18,27.3 1 0
lab3/hr/employee.go:30.33,32.2 1 0
lab3/hr/permission.go:9.30,11.2 1 0
lab3/hr/permission.go:13.31,15.2 1 0
lab3/hr/permission.go:17.50,19.2 1 0
lab3/hr/position.go:12.30,15.2 2 0
lab3/hr/position.go:17.35,19.2 1 0
lab3/hr/schedule.go:10.58,13.2 2 0
lab3/hr/schedule.go:15.37,17.2 1 0
lab3/hr/schedule.go:19.46,20.33 1 0
lab3/hr/schedule.go:20.33,21.20 1 0
lab3/hr/schedule.go:21.20,23.4 1 0
lab3/hr/schedule.go:25.2,25.14 1 0
lab3/payroll/bonus.go:9.44,11.2 1 0
lab3/payroll/bonus.go:13.33,15.2 1 0
lab3/payroll/bonus.go:17.32,19.2 1 0
lab3/payroll/deduction.go:9.54,11.19 2 0
lab3/payroll/deduction.go:11.19,13.3 1 0
lab3/payroll/deduction.go:14.2,14.14 1 0
lab3/payroll/deduction.go:17.42,19.2 1 0
lab3/payroll/overtime_policy.go:12.58,13.24 1 0
lab3/payroll/overtime_policy.go:13.24,15.3 1 0
lab3/payroll/overtime_policy.go:16.2,16.51 1 0
lab3/payroll/overtime_policy.go:19.43,21.2 1 0
lab3/payroll/overtime_policy.go:23.52,25.2 1 0
lab3/payroll/pay_calendar.go:11.37,13.2 1 0
lab3/payroll/pay_calendar.go:15.53,17.2 1 0
lab3/payroll/pay_component.go:10.53,12.2 1 0
lab3/payroll/pay_component.go:14.43,16.2 1 0
lab3/payroll/pay_component.go:18.38,20.2 1 0
lab3/payroll/paycheck.go:11.49,13.2 1 0
lab3/payroll/paycheck.go:15.45,17.2 1 0
lab3/payroll/paycheck.go:19.33,21.34 2 0
lab3/payroll/paycheck.go:21.34,23.3 1 0
lab3/payroll/paycheck.go:24.2,24.41 1 0
lab3/payroll/paycheck.go:24.41,26.3 1 0
lab3/payroll/paycheck.go:27.2,27.15 1 0
lab3/payroll/paycheck.go:27.15,29.3 1 0
lab3/payroll/paycheck.go:30.2,30.15 1 0
lab3/payroll/paycheck.go:33.46,35.34 2 0
lab3/payroll/paycheck.go:35.34,37.3 1 0
lab3/payroll/paycheck.go:38.2,38.41 1 0
lab3/payroll/paycheck.go:38.41,40.3 1 0
lab3/payroll/paycheck.go:41.2,41.14 1 0
lab3/payroll/payroll_run.go:13.49,15.2 1 0
lab3/payroll/payroll_run.go:17.51,19.2 1 0
lab3/payroll/payroll_run.go:21.44,23.32 2 0
lab3/payroll/payroll_run.go:23.32,25.37 2 0
lab3/payroll/payroll_run.go:25.37,27.4 1 0
lab3/payroll/payroll_run.go:28.3,28.18 1 0
lab3/payroll/payroll_run.go:30.2,30.14 1 0
lab3/payroll/payroll_run.go:33.41,35.2 1 0
lab3/payroll/salary_band.go:12.52,14.2 1 0
lab3/payroll/salary_band.go:16.44,19.2 2 0
lab3/performance/certification.go:10.36,12.2 1 0
lab3/performance/certification.go:14.45,17.2 2 0
lab3/performance/certification.go:19.48,21.2 1 0
lab3/performance/performance_goal.go:14.87,16.2 1 0
lab3/performance/performance_goal.go:18.55,20.28 2 0
lab3/performance/performance_goal.go:20.28,22.3 1 0
lab3/performance/performance_goal.go:25.47,26.19 1 0
lab3/performance/performance_goal.go:26.19,28.3 1 0
lab3/performance/performance_goal.go:29.2,29.30 1 0
lab3/performance/performance_review.go:13.56,15.2 1 0
lab3/performance/performance_review.go:17.45,19.2 1 0
lab3/performance/performance_review.go:21.58,23.2 1 0
lab3/performance/promotion_case.go:13.35,17.2 3 0
lab3/performance/promotion_case.go:19.45,22.2 2 0
lab3/performance/promotion_case.go:24.41,26.2 1 0
lab3/performance/training_course.go:12.50,15.2 2 0
lab3/performance/training_course.go:17.44,19.2 1 0
lab3/performance/training_course.go:21.45,23.2 1 0
lab3/reporting/benefits_report.go:9.51,12.2 2 0
lab3/reporting/benefits_report.go:14.47,15.22 1 0
lab3/reporting/benefits_report.go:15.22,17.3 1 0
lab3/reporting/benefits_report.go:18.2,18.46 1 0
lab3/reporting/compliance_report.go:9.61,12.2 2 0
lab3/reporting/compliance_report.go:14.42,16.2 1 0
lab3/reporting/headcount_report.go:8.43,10.2 1 0
lab3/reporting/headcount_report.go:12.65,13.31 1 0
lab3/reporting/headcount_report.go:13.31,15.3 1 0
lab3/reporting/headcount_report.go:16.2,17.28 2 0
lab3/reporting/headcount_report.go:20.38,22.2 1 0
lab3/reporting/headcount_report.go:24.59,26.2 1 0
lab3/reporting/payroll_report.go:10.49,12.2 1 0
lab3/reporting/payroll_report.go:14.40,16.31 2 0
lab3/reporting/payroll_report.go:16.31,18.3 1 0
lab3/reporting/payroll_report.go:19.2,19.17 1 0
lab3/reporting/payroll_report.go:22.39,24.2 1 0
lab3/timeoff/leave_accrual.go:9.37,11.2 1 0
lab3/timeoff/leave_accrual.go:13.32,15.2 1 0
lab3/timeoff/leave_accrual.go:17.65,19.2 1 0
lab3/timeoff/leave_approval.go:10.63,13.13 3 0
lab3/timeoff/leave_approval.go:13.13,15.3 1 0
lab3/timeoff/leave_approval.go:15.8,17.3 1 0
lab3/timeoff/leave_approval.go:20.39,22.2 1 0
lab3/timeoff/leave_balance.go:10.45,12.2 1 0
lab3/timeoff/leave_balance.go:14.48,15.24 1 0
lab3/timeoff/leave_balance.go:15.24,17.3 1 0
lab3/timeoff/leave_balance.go:18.2,20.13 3 0
lab3/timeoff/leave_balance.go:23.43,25.2 1 0
lab3/timeoff/leave_policy.go:12.41,14.2 1 0
lab3/timeoff/leave_policy.go:16.50,18.2 1 0
lab3/timeoff/leave_policy.go:20.47,22.2 1 0
lab3/timeoff/leave_request.go:15.99,17.2 1 0
lab3/timeoff/leave_request.go:19.34,21.2 1 0
lab3/timeoff/leave_request.go:23.33,25.2 1 0
lab3/timeoff/leave_request.go:27.41,29.2 1 0
lab3/apperrors/access_error.go:10.37,12.2 1 0
lab3/apperrors/access_error.go:14.36,16.2 1 0
lab3/apperrors/access_error.go:18.40,20.2 1 0
lab3/apperrors/approval_missing_error.go:10.46,12.2 1 0
lab3/apperrors/approval_missing_error.go:14.45,16.2 1 0
lab3/apperrors/approval_missing_error.go:18.51,20.2 1 0
lab3/apperrors/data_integrity_error.go:10.44,12.2 1 0
lab3/apperrors/data_integrity_error.go:14.43,16.2 1 0
lab3/apperrors/data_integrity_error.go:18.45,20.2 1 0
lab3/apperrors/duplicate_employee_error.go:9.48,11.2 1 0
lab3/apperrors/duplicate_employee_error.go:13.47,15.2 1 0
lab3/apperrors/duplicate_employee_error.go:17.56,19.2 1 0
lab3/apperrors/inconsistent_state_error.go:10.48,12.2 1 0
lab3/apperrors/inconsistent_state_error.go:14.47,16.2 1 0
lab3/apperrors/inconsistent_state_error.go:18.48,20.2 1 0
lab3/apperrors/insufficient_balance_error.go:11.50,13.2 1 0
lab3/apperrors/insufficient_balance_error.go:15.49,17.2 1 0
lab3/apperrors/insufficient_balance_error.go:19.55,20.25 1 0
lab3/apperrors/insufficient_balance_error.go:20.25,22.3 1 0
lab3/apperrors/insufficient_balance_error.go:23.2,23.28 1 0
lab3/apperrors/invalid_currency_error.go:9.46,11.2 1 0
lab3/apperrors/invalid_currency_error.go:13.45,15.2 1 0
lab3/apperrors/invalid_currency_error.go:17.46,19.2 1 0
lab3/apperrors/overtime_limit_error.go:11.44,13.2 1 0
lab3/apperrors/overtime_limit_error.go:15.43,17.2 1 0
lab3/apperrors/overtime_limit_error.go:19.46,20.24 1 0
lab3/apperrors/overtime_limit_error.go:20.24,22.3 1 0
lab3/apperrors/overtime_limit_error.go:23.2,23.26 1 0
lab3/apperrors/payroll_lock_error.go:10.42,12.2 1 0
lab3/apperrors/payroll_lock_error.go:14.41,16.2 1 0
lab3/apperrors/payroll_lock_error.go:18.53,20.2 1 0
lab3/apperrors/policy_violation_error.go:10.46,12.2 1 0
lab3/apperrors/policy_violation_error.go:14.45,16.2 1 0
lab3/apperrors/policy_violation_error.go:18.59,20.2 1 0
lab3/apperrors/schedule_conflict_error.go:10.47,12.2 1 0
lab3/apperrors/schedule_conflict_error.go:14.46,16.2 1 0
lab3/apperrors/schedule_conflict_error.go:18.61,20.2 1 0
lab3/apperrors/unauthenticated_action_error.go:9.52,11.2 1 0
lab3/apperrors/unauthenticated_action_error.go:13.51,15.2 1 0
lab3/apperrors/unauthenticated_action_error.go:17.53,19.2 1 0
lab3/benefits/benefit_enrollment.go:13.100,15.2 1 0
lab3/benefits/benefit_enrollment.go:17.38,19.2 1 0
lab3/benefits/benefit_enrollment.go:21.42,23.2 1 0
lab3/benefits/benefit_enrollment.go:25.44,27.2 1 0
lab3/benefits/benefit_plan.go:11.34,13.2 1 0
lab3/benefits/benefit_plan.go:15.46,17.2 1 0
lab3/benefits/benefit_plan.go:19.46,21.15 2 0
lab3/benefits/benefit_plan.go:21.15,23.3 1 0
lab3/benefits/benefit_plan.go:24.2,24.14 1 0
lab3/benefits/benefit_statement.go:9.54,11.2 1 0
lab3/benefits/benefit_statement.go:13.43,15.31 2 0
lab3/benefits/benefit_statement.go:15.31,17.3 1 0
lab3/benefits/benefit_statement.go:18.2,18.21 1 0
lab3/benefits/benefit_statement.go:21.43,23.2 1 0
lab3/benefits/insurance_claim.go:16.96,18.2 1 0
lab3/benefits/insurance_claim.go:20.36,24.2 3 0
lab3/benefits/insurance_claim.go:26.35,30.2 3 0
lab3/benefits/insurance_claim.go:32.42,34.2 1 0
lab3/benefits/reimbursement_request.go:15.114,17.2 1 0
lab3/benefits/reimbursement_request.go:19.42,21.2 1 0
lab3/benefits/reimbursement_request.go:23.41,25.2 1 0
lab3/benefits/reimbursement_request.go:27.49,29.2 1 0
lab3/communication/alert_subscription.go:10.41,12.2 1 0
lab3/communication/alert_subscription.go:14.43,16.2 1 0
lab3/communication/alert_subscription.go:18.44,20.2 1 0
lab3/communication/email_template.go:10.36,12.2 1 0
lab3/communication/email_template.go:14.51,16.2 1 0
lab3/communication/email_template.go:18.40,20.2 1 0
lab3/communication/message_sender.go:9.51,10.19 1 0
lab3/communication/message_sender.go:10.19,12.3 1 0
lab3/communication/message_sender.go:13.2,14.13 2 0
lab3/communication/message_sender.go:17.39,19.2 1 0
lab3/communication/notification_preference.go:10.43,12.2 1 0
lab3/communication/notification_preference.go:14.44,16.2 1 0
lab3/communication/notification_preference.go:18.68,20.2 1 0
lab3/communication/reminder_schedule.go:10.49,12.2 1 0
lab3/communication/reminder_schedule.go:14.37,16.2 1 0
lab3/communication/reminder_schedule.go:18.52,20.2 1 0
lab3/communication/reminder_schedule.go:22.45,23.23 1 0
lab3/communication/reminder_schedule.go:23.23,25.3 1 0
lab3/communication/reminder_schedule.go:26.2,26.19 1 0
lab3/compliance/access_review.go:10.51,12.2 1 0
lab3/compliance/access_review.go:14.34,16.2 1 0
lab3/compliance/access_review.go:18.42,20.2 1 0
lab3/compliance/audit_log.go:10.43,12.2 1 0
lab3/compliance/audit_log.go:14.36,16.2 1 0
lab3/compliance/audit_log.go:18.38,19.25 1 0
lab3/compliance/audit_log.go:19.25,21.3 1 0
lab3/compliance/audit_log.go:22.2,22.36 1 0
lab3/compliance/incident_report.go:13.53,16.2 2 0
lab3/compliance/incident_report.go:18.47,20.2 1 0
lab3/compliance/policy_document.go:9.50,12.2 2 0
lab3/compliance/policy_document.go:14.35,16.2 1 0
lab3/compliance/policy_document.go:18.41,20.2 1 0
lab3/compliance/risk_assessment.go:10.65,12.2 1 0
lab3/compliance/risk_assessment.go:14.58,15.20 1 0
lab3/compliance/risk_assessment.go:15.20,17.3 1 0
lab3/compliance/risk_assessment.go:18.2,19.18 2 0
lab3/compliance/risk_assessment.go:22.43,24.2 1 0
lab3/finance/bank_account.go:13.47,14.17 1 1
lab3/finance/bank_account.go:14.17,16.3 1 0
lab3/finance/bank_account.go:17.2,17.21 1 1
lab3/finance/bank_account.go:20.53,21.17 1 1
lab3/finance/bank_account.go:21.17,23.3 1 0
lab3/finance/bank_account.go:24.2,24.39 1 1
lab3/finance/bank_account.go:24.39,26.3 1 1
lab3/finance/bank_account.go:27.2,28.13 2 1
lab3/finance/bank_account.go:31.34,33.2 1 1
lab3/finance/bank_account.go:35.52,37.2 1 1
lab3/finance/currency.go:13.49,15.2 1 1
lab3/finance/currency.go:17.44,19.2 1 1
lab3/finance/currency.go:21.57,23.33 2 1
lab3/finance/currency.go:23.33,25.3 1 1
lab3/finance/currency.go:26.2,27.36 2 1
lab3/finance/currency.go:30.54,33.2 2 1
lab3/finance/exchange_rate_table.go:9.60,11.2 1 1
lab3/finance/exchange_rate_table.go:13.64,14.20 1 1
lab3/finance/exchange_rate_table.go:14.20,16.3 1 0
lab3/finance/exchange_rate_table.go:17.2,17.22 1 1
lab3/finance/exchange_rate_table.go:20.75,22.22 2 1
lab3/finance/exchange_rate_table.go:22.22,24.3 1 1
lab3/finance/exchange_rate_table.go:25.2,25.22 1 1
lab3/finance/exchange_rate_table.go:28.54,31.2 2 1
lab3/finance/ledger_entry.go:11.46,13.2 1 1
lab3/finance/ledger_entry.go:15.38,17.2 1 1
lab3/finance/payment_instruction.go:15.115,17.2 1 1
lab3/finance/payment_instruction.go:19.40,20.31 1 1
lab3/finance/payment_instruction.go:20.31,22.3 1 1
lab3/finance/payment_instruction.go:25.41,26.32 1 1
lab3/finance/payment_instruction.go:26.32,28.3 1 1
lab3/finance/payment_instruction.go:31.44,33.2 1 1
lab3/finance/transaction_batch.go:10.56,12.2 1 1
lab3/finance/transaction_batch.go:14.43,16.30 2 1
lab3/finance/transaction_batch.go:16.30,18.3 1 1
lab3/finance/transaction_batch.go:19.2,19.17 1 1
lab3/finance/transaction_batch.go:22.36,24.2 1 1
lab3/finance/transaction_batch.go:26.45,28.2 1 1
lab3/hr/access_badge.go:11.39,13.2 1 0
lab3/hr/access_badge.go:15.56,16.15 1 0
lab3/hr/access_badge.go:16.15,18.3 1 0
lab3/hr/access_badge.go:19.2,21.17 3 0
lab3/hr/access_badge.go:24.52,26.2 1 0
lab3/hr/contract.go:12.44,14.2 1 0
lab3/hr/contract.go:16.39,18.2 1 0
lab3/hr/employee.go:15.31,17.2 1 0
lab3/hr/employee.go:19.54,21.2 1 0
lab3/hr/employee.go:23.48,25.18 2 0
lab3/hr/employee.go:25.18,27.3 1 0
lab3/hr/employee.go:30.33,32.2 1 0
lab3/hr/permission.go:9.30,11.2 1 0
lab3/hr/permission.go:13.31,15.2 1 0
lab3/hr/permission.go:17.50,19.2 1 0
lab3/hr/position.go:12.30,15.2 2 0
lab3/hr/position.go:17.35,19.2 1 0
lab3/hr/schedule.go:10.58,13.2 2 0
lab3/hr/schedule.go:15.37,17.2 1 0
lab3/hr/schedule.go:19.46,20.33 1 0
lab3/hr/schedule.go:20.33,21.20 1 0
lab3/hr/schedule.go:21.20,23.4 1 0
lab3/hr/schedule.go:25.2,25.14 1 0
lab3/payroll/bonus.go:9.44,11.2 1 0
lab3/payroll/bonus.go:13.33,15.2 1 0
lab3/payroll/bonus.go:17.32,19.2 1 0
lab3/payroll/deduction.go:9.54,11.19 2 0
lab3/payroll/deduction.go:11.19,13.3 1 0
lab3/payroll/deduction.go:14.2,14.14 1 0
lab3/payroll/deduction.go:17.42,19.2 1 0
lab3/payroll/overtime_policy.go:12.58,13.24 1 0
lab3/payroll/overtime_policy.go:13.24,15.3 1 0
lab3/payroll/overtime_policy.go:16.2,16.51 1 0
lab3/payroll/overtime_policy.go:19.43,21.2 1 0
lab3/payroll/overtime_policy.go:23.52,25.2 1 0
lab3/payroll/pay_calendar.go:11.37,13.2 1 0
lab3/payroll/pay_calendar.go:15.53,17.2 1 0
lab3/payroll/pay_component.go:10.53,12.2 1 0
lab3/payroll/pay_component.go:14.43,16.2 1 0
lab3/payroll/pay_component.go:18.38,20.2 1 0
lab3/payroll/paycheck.go:11.49,13.2 1 0
lab3/payroll/paycheck.go:15.45,17.2 1 0
lab3/payroll/paycheck.go:19.33,21.34 2 0
lab3/payroll/paycheck.go:21.34,23.3 1 0
lab3/payroll/paycheck.go:24.2,24.41 1 0
lab3/payroll/paycheck.go:24.41,26.3 1 0
lab3/payroll/paycheck.go:27.2,27.15 1 0
lab3/payroll/paycheck.go:27.15,29.3 1 0
lab3/payroll/paycheck.go:30.2,30.15 1 0
lab3/payroll/paycheck.go:33.46,35.34 2 0
lab3/payroll/paycheck.go:35.34,37.3 1 0
lab3/payroll/paycheck.go:38.2,38.41 1 0
lab3/payroll/paycheck.go:38.41,40.3 1 0
lab3/payroll/paycheck.go:41.2,41.14 1 0
lab3/payroll/payroll_run.go:13.49,15.2 1 0
lab3/payroll/payroll_run.go:17.51,19.2 1 0
lab3/payroll/payroll_run.go:21.44,23.32 2 0
lab3/payroll/payroll_run.go:23.32,25.37 2 0
lab3/payroll/payroll_run.go:25.37,27.4 1 0
lab3/payroll/payroll_run.go:28.3,28.18 1 0
lab3/payroll/payroll_run.go:30.2,30.14 1 0
lab3/payroll/payroll_run.go:33.41,35.2 1 0
lab3/payroll/salary_band.go:12.52,14.2 1 0
lab3/payroll/salary_band.go:16.44,19.2 2 0
lab3/performance/certification.go:10.36,12.2 1 0
lab3/performance/certification.go:14.45,17.2 2 0
lab3/performance/certification.go:19.48,21.2 1 0
lab3/performance/performance_goal.go:14.87,16.2 1 0
lab3/performance/performance_goal.go:18.55,20.28 2 0
lab3/performance/performance_goal.go:20.28,22.3 1 0
lab3/performance/performance_goal.go:25.47,26.19 1 0
lab3/performance/performance_goal.go:26.19,28.3 1 0
lab3/performance/performance_goal.go:29.2,29.30 1 0
lab3/performance/performance_review.go:13.56,15.2 1 0
lab3/performance/performance_review.go:17.45,19.2 1 0
lab3/performance/performance_review.go:21.58,23.2 1 0
lab3/performance/promotion_case.go:13.35,17.2 3 0
lab3/performance/promotion_case.go:19.45,22.2 2 0
lab3/performance/promotion_case.go:24.41,26.2 1 0
lab3/performance/training_course.go:12.50,15.2 2 0
lab3/performance/training_course.go:17.44,19.2 1 0
lab3/performance/training_course.go:21.45,23.2 1 0
lab3/reporting/benefits_report.go:9.51,12.2 2 0
lab3/reporting/benefits_report.go:14.47,15.22 1 0
lab3/reporting/benefits_report.go:15.22,17.3 1 0
lab3/reporting/benefits_report.go:18.2,18.46 1 0
lab3/reporting/compliance_report.go:9.61,12.2 2 0
lab3/reporting/compliance_report.go:14.42,16.2 1 0
lab3/reporting/headcount_report.go:8.43,10.2 1 0
lab3/reporting/headcount_report.go:12.65,13.31 1 0
lab3/reporting/headcount_report.go:13.31,15.3 1 0
lab3/reporting/headcount_report.go:16.2,17.28 2 0
lab3/reporting/headcount_report.go:20.38,22.2 1 0
lab3/reporting/headcount_report.go:24.59,26.2 1 0
lab3/reporting/payroll_report.go:10.49,12.2 1 0
lab3/reporting/payroll_report.go:14.40,16.31 2 0
lab3/reporting/payroll_report.go:16.31,18.3 1 0
lab3/reporting/payroll_report.go:19.2,19.17 1 0
lab3/reporting/payroll_report.go:22.39,24.2 1 0
lab3/timeoff/leave_accrual.go:9.37,11.2 1 0
lab3/timeoff/leave_accrual.go:13.32,15.2 1 0
lab3/timeoff/leave_accrual.go:17.65,19.2 1 0
lab3/timeoff/leave_approval.go:10.63,13.13 3 0
lab3/timeoff/leave_approval.go:13.13,15.3 1 0
lab3/timeoff/leave_approval.go:15.8,17.3 1 0
lab3/timeoff/leave_approval.go:20.39,22.2 1 0
lab3/timeoff/leave_balance.go:10.45,12.2 1 0
lab3/timeoff/leave_balance.go:14.48,15.24 1 0
lab3/timeoff/leave_balance.go:15.24,17.3 1 0
lab3/timeoff/leave_balance.go:18.2,20.13 3 0
lab3/timeoff/leave_balance.go:23.43,25.2 1 0
lab3/timeoff/leave_policy.go:12.41,14.2 1 0
lab3/timeoff/leave_policy.go:16.50,18.2 1 0
lab3/timeoff/leave_policy.go:20.47,22.2 1 0
lab3/timeoff/leave_request.go:15.99,17.2 1 0
lab3/timeoff/leave_request.go:19.34,21.2 1 0
lab3/timeoff/leave_request.go:23.33,25.2 1 0
lab3/timeoff/leave_request.go:27.41,29.2 1 0
lab3/apperrors/access_error.go:10.37,12.2 1 0
lab3/apperrors/access_error.go:14.36,16.2 1 0
lab3/apperrors/access_error.go:18.40,20.2 1 0
lab3/apperrors/approval_missing_error.go:10.46,12.2 1 0
lab3/apperrors/approval_missing_error.go:14.45,16.2 1 0
lab3/apperrors/approval_missing_error.go:18.51,20.2 1 0
lab3/apperrors/data_integrity_error.go:10.44,12.2 1 0
lab3/apperrors/data_integrity_error.go:14.43,16.2 1 0
lab3/apperrors/data_integrity_error.go:18.45,20.2 1 0
lab3/apperrors/duplicate_employee_error.go:9.48,11.2 1 0
lab3/apperrors/duplicate_employee_error.go:13.47,15.2 1 0
lab3/apperrors/duplicate_employee_error.go:17.56,19.2 1 0
lab3/apperrors/inconsistent_state_error.go:10.48,12.2 1 0
lab3/apperrors/inconsistent_state_error.go:14.47,16.2 1 0
lab3/apperrors/inconsistent_state_error.go:18.48,20.2 1 0
lab3/apperrors/insufficient_balance_error.go:11.50,13.2 1 0
lab3/apperrors/insufficient_balance_error.go:15.49,17.2 1 0
lab3/apperrors/insufficient_balance_error.go:19.55,20.25 1 0
lab3/apperrors/insufficient_balance_error.go:20.25,22.3 1 0
lab3/apperrors/insufficient_balance_error.go:23.2,23.28 1 0
lab3/apperrors/invalid_currency_error.go:9.46,11.2 1 0
lab3/apperrors/invalid_currency_error.go:13.45,15.2 1 0
lab3/apperrors/invalid_currency_error.go:17.46,19.2 1 0
lab3/apperrors/overtime_limit_error.go:11.44,13.2 1 0
lab3/apperrors/overtime_limit_error.go:15.43,17.2 1 0
lab3/apperrors/overtime_limit_error.go:19.46,20.24 1 0
lab3/apperrors/overtime_limit_error.go:20.24,22.3 1 0
lab3/apperrors/overtime_limit_error.go:23.2,23.26 1 0
lab3/apperrors/payroll_lock_error.go:10.42,12.2 1 0
lab3/apperrors/payroll_lock_error.go:14.41,16.2 1 0
lab3/apperrors/payroll_lock_error.go:18.53,20.2 1 0
lab3/apperrors/policy_violation_error.go:10.46,12.2 1 0
lab3/apperrors/policy_violation_error.go:14.45,16.2 1 0
lab3/apperrors/policy_violation_error.go:18.59,20.2 1 0
lab3/apperrors/schedule_conflict_error.go:10.47,12.2 1 0
lab3/apperrors/schedule_conflict_error.go:14.46,16.2 1 0
lab3/apperrors/schedule_conflict_error.go:18.61,20.2 1 0
lab3/apperrors/unauthenticated_action_error.go:9.52,11.2 1 0
lab3/apperrors/unauthenticated_action_error.go:13.51,15.2 1 0
lab3/apperrors/unauthenticated_action_error.go:17.53,19.2 1 0
lab3/benefits/benefit_enrollment.go:13.100,15.2 1 0
lab3/benefits/benefit_enrollment.go:17.38,19.2 1 0
lab3/benefits/benefit_enrollment.go:21.42,23.2 1 0
lab3/benefits/benefit_enrollment.go:25.44,27.2 1 0
lab3/benefits/benefit_plan.go:11.34,13.2 1 0
lab3/benefits/benefit_plan.go:15.46,17.2 1 0
lab3/benefits/benefit_plan.go:19.46,21.15 2 0
lab3/benefits/benefit_plan.go:21.15,23.3 1 0
lab3/benefits/benefit_plan.go:24.2,24.14 1 0
lab3/benefits/benefit_statement.go:9.54,11.2 1 0
lab3/benefits/benefit_statement.go:13.43,15.31 2 0
lab3/benefits/benefit_statement.go:15.31,17.3 1 0
lab3/benefits/benefit_statement.go:18.2,18.21 1 0
lab3/benefits/benefit_statement.go:21.43,23.2 1 0
lab3/benefits/insurance_claim.go:16.96,18.2 1 0
lab3/benefits/insurance_claim.go:20.36,24.2 3 0
lab3/benefits/insurance_claim.go:26.35,30.2 3 0
lab3/benefits/insurance_claim.go:32.42,34.2 1 0
lab3/benefits/reimbursement_request.go:15.114,17.2 1 0
lab3/benefits/reimbursement_request.go:19.42,21.2 1 0
lab3/benefits/reimbursement_request.go:23.41,25.2 1 0
lab3/benefits/reimbursement_request.go:27.49,29.2 1 0
lab3/communication/alert_subscription.go:10.41,12.2 1 0
lab3/communication/alert_subscription.go:14.43,16.2 1 0
lab3/communication/alert_subscription.go:18.44,20.2 1 0
lab3/communication/email_template.go:10.36,12.2 1 0
lab3/communication/email_template.go:14.51,16.2 1 0
lab3/communication/email_template.go:18.40,20.2 1 0
lab3/communication/message_sender.go:9.51,10.19 1 0
lab3/communication/message_sender.go:10.19,12.3 1 0
lab3/communication/message_sender.go:13.2,14.13 2 0
lab3/communication/message_sender.go:17.39,19.2 1 0
lab3/communication/notification_preference.go:10.43,12.2 1 0
lab3/communication/notification_preference.go:14.44,16.2 1 0
lab3/communication/notification_preference.go:18.68,20.2 1 0
lab3/communication/reminder_schedule.go:10.49,12.2 1 0
lab3/communication/reminder_schedule.go:14.37,16.2 1 0
lab3/communication/reminder_schedule.go:18.52,20.2 1 0
lab3/communication/reminder_schedule.go:22.45,23.23 1 0
lab3/communication/reminder_schedule.go:23.23,25.3 1 0
lab3/communication/reminder_schedule.go:26.2,26.19 1 0
lab3/compliance/access_review.go:10.51,12.2 1 0
lab3/compliance/access_review.go:14.34,16.2 1 0
lab3/compliance/access_review.go:18.42,20.2 1 0
lab3/compliance/audit_log.go:10.43,12.2 1 0
lab3/compliance/audit_log.go:14.36,16.2 1 0
lab3/compliance/audit_log.go:18.38,19.25 1 0
lab3/compliance/audit_log.go:19.25,21.3 1 0
lab3/compliance/audit_log.go:22.2,22.36 1 0
lab3/compliance/incident_report.go:13.53,16.2 2 0
lab3/compliance/incident_report.go:18.47,20.2 1 0
lab3/compliance/policy_document.go:9.50,12.2 2 0
lab3/compliance/policy_document.go:14.35,16.2 1 0
lab3/compliance/policy_document.go:18.41,20.2 1 0
lab3/compliance/risk_assessment.go:10.65,12.2 1 0
lab3/compliance/risk_assessment.go:14.58,15.20 1 0
lab3/compliance/risk_assessment.go:15.20,17.3 1 0
lab3/compliance/risk_assessment.go:18.2,19.18 2 0
lab3/compliance/risk_assessment.go:22.43,24.2 1 0
lab3/finance/bank_account.go:13.47,14.17 1 0
lab3/finance/bank_account.go:14.17,16.3 1 0
lab3/finance/bank_account.go:17.2,17.21 1 0
lab3/finance/bank_account.go:20.53,21.17 1 0
lab3/finance/bank_account.go:21.17,23.3 1 0
lab3/finance/bank_account.go:24.2,24.39 1 0
lab3/finance/bank_account.go:24.39,26.3 1 0
lab3/finance/bank_account.go:27.2,28.13 2 0
lab3/finance/bank_account.go:31.34,33.2 1 0
lab3/finance/bank_account.go:35.52,37.2 1 0
lab3/finance/currency.go:13.49,15.2 1 0
lab3/finance/currency.go:17.44,19.2 1 0
lab3/finance/currency.go:21.57,23.33 2 0
lab3/finance/currency.go:23.33,25.3 1 0
lab3/finance/currency.go:26.2,27.36 2 0
lab3/finance/currency.go:30.54,33.2 2 0
lab3/finance/exchange_rate_table.go:9.60,11.2 1 0
lab3/finance/exchange_rate_table.go:13.64,14.20 1 0
lab3/finance/exchange_rate_table.go:14.20,16.3 1 0
lab3/finance/exchange_rate_table.go:17.2,17.22 1 0
lab3/finance/exchange_rate_table.go:20.75,22.22 2 0
lab3/finance/exchange_rate_table.go:22.22,24.3 1 0
lab3/finance/exchange_rate_table.go:25.2,25.22 1 0
lab3/finance/exchange_rate_table.go:28.54,31.2 2 0
lab3/finance/ledger_entry.go:11.46,13.2 1 0
lab3/finance/ledger_entry.go:15.38,17.2 1 0
lab3/finance/payment_instruction.go:15.115,17.2 1 0
lab3/finance/payment_instruction.go:19.40,20.31 1 0
lab3/finance/payment_instruction.go:20.31,22.3 1 0
lab3/finance/payment_instruction.go:25.41,26.32 1 0
lab3/finance/payment_instruction.go:26.32,28.3 1 0
lab3/finance/payment_instruction.go:31.44,33.2 1 0
lab3/finance/transaction_batch.go:10.56,12.2 1 0
lab3/finance/transaction_batch.go:14.43,16.30 2 0
lab3/finance/transaction_batch.go:16.30,18.3 1 0
lab3/finance/transaction_batch.go:19.2,19.17 1 0
lab3/finance/transaction_batch.go:22.36,24.2 1 0
lab3/finance/transaction_batch.go:26.45,28.2 1 0
lab3/hr/access_badge.go:11.39,13.2 1 0
lab3/hr/access_badge.go:15.56,16.15 1 0
lab3/hr/access_badge.go:16.15,18.3 1 0
lab3/hr/access_badge.go:19.2,21.17 3 0
lab3/hr/access_badge.go:24.52,26.2 1 0
lab3/hr/contract.go:12.44,14.2 1 0
lab3/hr/contract.go:16.39,18.2 1 0
lab3/hr/employee.go:15.31,17.2 1 0
lab3/hr/employee.go:19.54,21.2 1 0
lab3/hr/employee.go:23.48,25.18 2 0
lab3/hr/employee.go:25.18,27.3 1 0
lab3/hr/employee.go:30.33,32.2 1 0
lab3/hr/permission.go:9.30,11.2 1 0
lab3/hr/permission.go:13.31,15.2 1 0
lab3/hr/permission.go:17.50,19.2 1 0
lab3/hr/position.go:12.30,15.2 2 0
lab3/hr/position.go:17.35,19.2 1 0
lab3/hr/schedule.go:10.58,13.2 2 0
lab3/hr/schedule.go:15.37,17.2 1 0
lab3/hr/schedule.go:19.46,20.33 1 0
lab3/hr/schedule.go:20.33,21.20 1 0
lab3/hr/schedule.go:21.20,23.4 1 0
lab3/hr/schedule.go:25.2,25.14 1 0
lab3/payroll/bonus.go:9.44,11.2 1 1
lab3/payroll/bonus.go:13.33,15.2 1 1
lab3/payroll/bonus.go:17.32,19.2 1 1
lab3/payroll/deduction.go:9.54,11.19 2 1
lab3/payroll/deduction.go:11.19,13.3 1 1
lab3/payroll/deduction.go:14.2,14.14 1 0
lab3/payroll/deduction.go:17.42,19.2 1 1
lab3/payroll/overtime_policy.go:12.58,13.24 1 1
lab3/payroll/overtime_policy.go:13.24,15.3 1 1
lab3/payroll/overtime_policy.go:16.2,16.51 1 1
lab3/payroll/overtime_policy.go:19.43,21.2 1 1
lab3/payroll/overtime_policy.go:23.52,25.2 1 1
lab3/payroll/pay_calendar.go:11.37,13.2 1 1
lab3/payroll/pay_calendar.go:15.53,17.2 1 1
lab3/payroll/pay_component.go:10.53,12.2 1 1
lab3/payroll/pay_component.go:14.43,16.2 1 1
lab3/payroll/pay_component.go:18.38,20.2 1 1
lab3/payroll/paycheck.go:11.49,13.2 1 1
lab3/payroll/paycheck.go:15.45,17.2 1 1
lab3/payroll/paycheck.go:19.33,21.34 2 1
lab3/payroll/paycheck.go:21.34,23.3 1 1
lab3/payroll/paycheck.go:24.2,24.41 1 1
lab3/payroll/paycheck.go:24.41,26.3 1 1
lab3/payroll/paycheck.go:27.2,27.15 1 1
lab3/payroll/paycheck.go:27.15,29.3 1 0
lab3/payroll/paycheck.go:30.2,30.15 1 1
lab3/payroll/paycheck.go:33.46,35.34 2 1
lab3/payroll/paycheck.go:35.34,37.3 1 1
lab3/payroll/paycheck.go:38.2,38.41 1 1
lab3/payroll/paycheck.go:38.41,40.3 1 1
lab3/payroll/paycheck.go:41.2,41.14 1 1
lab3/payroll/payroll_run.go:13.49,15.2 1 1
lab3/payroll/payroll_run.go:17.51,19.2 1 1
lab3/payroll/payroll_run.go:21.44,23.32 2 1
lab3/payroll/payroll_run.go:23.32,25.37 2 1
lab3/payroll/payroll_run.go:25.37,27.4 1 1
lab3/payroll/payroll_run.go:28.3,28.18 1 1
lab3/payroll/payroll_run.go:30.2,30.14 1 1
lab3/payroll/payroll_run.go:33.41,35.2 1 1
lab3/payroll/salary_band.go:12.52,14.2 1 1
lab3/payroll/salary_band.go:16.44,19.2 2 1
lab3/performance/certification.go:10.36,12.2 1 0
lab3/performance/certification.go:14.45,17.2 2 0
lab3/performance/certification.go:19.48,21.2 1 0
lab3/performance/performance_goal.go:14.87,16.2 1 0
lab3/performance/performance_goal.go:18.55,20.28 2 0
lab3/performance/performance_goal.go:20.28,22.3 1 0
lab3/performance/performance_goal.go:25.47,26.19 1 0
lab3/performance/performance_goal.go:26.19,28.3 1 0
lab3/performance/performance_goal.go:29.2,29.30 1 0
lab3/performance/performance_review.go:13.56,15.2 1 0
lab3/performance/performance_review.go:17.45,19.2 1 0
lab3/performance/performance_review.go:21.58,23.2 1 0
lab3/performance/promotion_case.go:13.35,17.2 3 0
lab3/performance/promotion_case.go:19.45,22.2 2 0
lab3/performance/promotion_case.go:24.41,26.2 1 0
lab3/performance/training_course.go:12.50,15.2 2 0
lab3/performance/training_course.go:17.44,19.2 1 0
lab3/performance/training_course.go:21.45,23.2 1 0
lab3/reporting/benefits_report.go:9.51,12.2 2 0
lab3/reporting/benefits_report.go:14.47,15.22 1 0
lab3/reporting/benefits_report.go:15.22,17.3 1 0
lab3/reporting/benefits_report.go:18.2,18.46 1 0
lab3/reporting/compliance_report.go:9.61,12.2 2 0
lab3/reporting/compliance_report.go:14.42,16.2 1 0
lab3/reporting/headcount_report.go:8.43,10.2 1 0
lab3/reporting/headcount_report.go:12.65,13.31 1 0
lab3/reporting/headcount_report.go:13.31,15.3 1 0
lab3/reporting/headcount_report.go:16.2,17.28 2 0
lab3/reporting/headcount_report.go:20.38,22.2 1 0
lab3/reporting/headcount_report.go:24.59,26.2 1 0
lab3/reporting/payroll_report.go:10.49,12.2 1 0
lab3/reporting/payroll_report.go:14.40,16.31 2 0
lab3/reporting/payroll_report.go:16.31,18.3 1 0
lab3/reporting/payroll_report.go:19.2,19.17 1 0
lab3/reporting/payroll_report.go:22.39,24.2 1 0
lab3/timeoff/leave_accrual.go:9.37,11.2 1 0
lab3/timeoff/leave_accrual.go:13.32,15.2 1 0
lab3/timeoff/leave_accrual.go:17.65,19.2 1 0
lab3/timeoff/leave_approval.go:10.63,13.13 3 0
lab3/timeoff/leave_approval.go:13.13,15.3 1 0
lab3/timeoff/leave_approval.go:15.8,17.3 1 0
lab3/timeoff/leave_approval.go:20.39,22.2 1 0
lab3/timeoff/leave_balance.go:10.45,12.2 1 0
lab3/timeoff/leave_balance.go:14.48,15.24 1 0
lab3/timeoff/leave_balance.go:15.24,17.3 1 0
lab3/timeoff/leave_balance.go:18.2,20.13 3 0
lab3/timeoff/leave_balance.go:23.43,25.2 1 0
lab3/timeoff/leave_policy.go:12.41,14.2 1 0
lab3/timeoff/leave_policy.go:16.50,18.2 1 0
lab3/timeoff/leave_policy.go:20.47,22.2 1 0
lab3/timeoff/leave_request.go:15.99,17.2 1 0
lab3/timeoff/leave_request.go:19.34,21.2 1 0
lab3/timeoff/leave_request.go:23.33,25.2 1 0
lab3/timeoff/leave_request.go:27.41,29.2 1 0
lab3/apperrors/access_error.go:10.37,12.2 1 0
lab3/apperrors/access_error.go:14.36,16.2 1 0
lab3/apperrors/access_error.go:18.40,20.2 1 0
lab3/apperrors/approval_missing_error.go:10.46,12.2 1 0
lab3/apperrors/approval_missing_error.go:14.45,16.2 1 0
lab3/apperrors/approval_missing_error.go:18.51,20.2 1 0
lab3/apperrors/data_integrity_error.go:10.44,12.2 1 0
lab3/apperrors/data_integrity_error.go:14.43,16.2 1 0
lab3/apperrors/data_integrity_error.go:18.45,20.2 1 0
lab3/apperrors/duplicate_employee_error.go:9.48,11.2 1 0
lab3/apperrors/duplicate_employee_error.go:13.47,15.2 1 0
lab3/apperrors/duplicate_employee_error.go:17.56,19.2 1 0
lab3/apperrors/inconsistent_state_error.go:10.48,12.2 1 0
lab3/apperrors/inconsistent_state_error.go:14.47,16.2 1 0
lab3/apperrors/inconsistent_state_error.go:18.48,20.2 1 0
lab3/apperrors/insufficient_balance_error.go:11.50,13.2 1 0
lab3/apperrors/insufficient_balance_error.go:15.49,17.2 1 0
lab3/apperrors/insufficient_balance_error.go:19.55,20.25 1 0
lab3/apperrors/insufficient_balance_error.go:20.25,22.3 1 0
lab3/apperrors/insufficient_balance_error.go:23.2,23.28 1 0
lab3/apperrors/invalid_currency_error.go:9.46,11.2 1 0
lab3/apperrors/invalid_currency_error.go:13.45,15.2 1 0
lab3/apperrors/invalid_currency_error.go:17.46,19.2 1 0
lab3/apperrors/overtime_limit_error.go:11.44,13.2 1 0
lab3/apperrors/overtime_limit_error.go:15.43,17.2 1 0
lab3/apperrors/overtime_limit_error.go:19.46,20.24 1 0
lab3/apperrors/overtime_limit_error.go:20.24,22.3 1 0
lab3/apperrors/overtime_limit_error.go:23.2,23.26 1 0
lab3/apperrors/payroll_lock_error.go:10.42,12.2 1 0
lab3/apperrors/payroll_lock_error.go:14.41,16.2 1 0
lab3/apperrors/payroll_lock_error.go:18.53,20.2 1 0
lab3/apperrors/policy_violation_error.go:10.46,12.2 1 0
lab3/apperrors/policy_violation_error.go:14.45,16.2 1 0
lab3/apperrors/policy_violation_error.go:18.59,20.2 1 0
lab3/apperrors/schedule_conflict_error.go:10.47,12.2 1 0
lab3/apperrors/schedule_conflict_error.go:14.46,16.2 1 0
lab3/apperrors/schedule_conflict_error.go:18.61,20.2 1 0
lab3/apperrors/unauthenticated_action_error.go:9.52,11.2 1 0
lab3/apperrors/unauthenticated_action_error.go:13.51,15.2 1 0
lab3/apperrors/unauthenticated_action_error.go:17.53,19.2 1 0
lab3/benefits/benefit_enrollment.go:13.100,15.2 1 0
lab3/benefits/benefit_enrollment.go:17.38,19.2 1 0
lab3/benefits/benefit_enrollment.go:21.42,23.2 1 0
lab3/benefits/benefit_enrollment.go:25.44,27.2 1 0
lab3/benefits/benefit_plan.go:11.34,13.2 1 0
lab3/benefits/benefit_plan.go:15.46,17.2 1 0
lab3/benefits/benefit_plan.go:19.46,21.15 2 0
lab3/benefits/benefit_plan.go:21.15,23.3 1 0
lab3/benefits/benefit_plan.go:24.2,24.14 1 0
lab3/benefits/benefit_statement.go:9.54,11.2 1 0
lab3/benefits/benefit_statement.go:13.43,15.31 2 0
lab3/benefits/benefit_statement.go:15.31,17.3 1 0
lab3/benefits/benefit_statement.go:18.2,18.21 1 0
lab3/benefits/benefit_statement.go:21.43,23.2 1 0
lab3/benefits/insurance_claim.go:16.96,18.2 1 0
lab3/benefits/insurance_claim.go:20.36,24.2 3 0
lab3/benefits/insurance_claim.go:26.35,30.2 3 0
lab3/benefits/insurance_claim.go:32.42,34.2 1 0
lab3/benefits/reimbursement_request.go:15.114,17.2 1 0
lab3/benefits/reimbursement_request.go:19.42,21.2 1 0
lab3/benefits/reimbursement_request.go:23.41,25.2 1 0
lab3/benefits/reimbursement_request.go:27.49,29.2 1 0
lab3/communication/alert_subscription.go:10.41,12.2 1 0
lab3/communication/alert_subscription.go:14.43,16.2 1 0
lab3/communication/alert_subscription.go:18.44,20.2 1 0
lab3/communication/email_template.go:10.36,12.2 1 0
lab3/communication/email_template.go:14.51,16.2 1 0
lab3/communication/email_template.go:18.40,20.2 1 0
lab3/communication/message_sender.go:9.51,10.19 1 0
lab3/communication/message_sender.go:10.19,12.3 1 0
lab3/communication/message_sender.go:13.2,14.13 2 0
lab3/communication/message_sender.go:17.39,19.2 1 0
lab3/communication/notification_preference.go:10.43,12.2 1 0
lab3/communication/notification_preference.go:14.44,16.2 1 0
lab3/communication/notification_preference.go:18.68,20.2 1 0
lab3/communication/reminder_schedule.go:10.49,12.2 1 0
lab3/communication/reminder_schedule.go:14.37,16.2 1 0
lab3/communication/reminder_schedule.go:18.52,20.2 1 0
lab3/communication/reminder_schedule.go:22.45,23.23 1 0
lab3/communication/reminder_schedule.go:23.23,25.3 1 0
lab3/communication/reminder_schedule.go:26.2,26.19 1 0
lab3/compliance/access_review.go:10.51,12.2 1 0
lab3/compliance/access_review.go:14.34,16.2 1 0
lab3/compliance/access_review.go:18.42,20.2 1 0
lab3/compliance/audit_log.go:10.43,12.2 1 0
lab3/compliance/audit_log.go:14.36,16.2 1 0
lab3/compliance/audit_log.go:18.38,19.25 1 0
lab3/compliance/audit_log.go:19.25,21.3 1 0
lab3/compliance/audit_log.go:22.2,22.36 1 0
lab3/compliance/incident_report.go:13.53,16.2 2 0
lab3/compliance/incident_report.go:18.47,20.2 1 0
lab3/compliance/policy_document.go:9.50,12.2 2 0
lab3/compliance/policy_document.go:14.35,16.2 1 0
lab3/compliance/policy_document.go:18.41,20.2 1 0
lab3/compliance/risk_assessment.go:10.65,12.2 1 0
lab3/compliance/risk_assessment.go:14.58,15.20 1 0
lab3/compliance/risk_assessment.go:15.20,17.3 1 0
lab3/compliance/risk_assessment.go:18.2,19.18 2 0
lab3/compliance/risk_assessment.go:22.43,24.2 1 0
lab3/finance/bank_account.go:13.47,14.17 1 0
lab3/finance/bank_account.go:14.17,16.3 1 0
lab3/finance/bank_account.go:17.2,17.21 1 0
lab3/finance/bank_account.go:20.53,21.17 1 0
lab3/finance/bank_account.go:21.17,23.3 1 0
lab3/finance/bank_account.go:24.2,24.39 1 0
lab3/finance/bank_account.go:24.39,26.3 1 0
lab3/finance/bank_account.go:27.2,28.13 2 0
lab3/finance/bank_account.go:31.34,33.2 1 0
lab3/finance/bank_account.go:35.52,37.2 1 0
lab3/finance/currency.go:13.49,15.2 1 0
lab3/finance/currency.go:17.44,19.2 1 0
lab3/finance/currency.go:21.57,23.33 2 0
lab3/finance/currency.go:23.33,25.3 1 0
lab3/finance/currency.go:26.2,27.36 2 0
lab3/finance/currency.go:30.54,33.2 2 0
lab3/finance/exchange_rate_table.go:9.60,11.2 1 0
lab3/finance/exchange_rate_table.go:13.64,14.20 1 0
lab3/finance/exchange_rate_table.go:14.20,16.3 1 0
lab3/finance/exchange_rate_table.go:17.2,17.22 1 0
lab3/finance/exchange_rate_table.go:20.75,22.22 2 0
lab3/finance/exchange_rate_table.go:22.22,24.3 1 0
lab3/finance/exchange_rate_table.go:25.2,25.22 1 0
lab3/finance/exchange_rate_table.go:28.54,31.2 2 0
lab3/finance/ledger_entry.go:11.46,13.2 1 0
lab3/finance/ledger_entry.go:15.38,17.2 1 0
lab3/finance/payment_instruction.go:15.115,17.2 1 0
lab3/finance/payment_instruction.go:19.40,20.31 1 0
lab3/finance/payment_instruction.go:20.31,22.3 1 0
lab3/finance/payment_instruction.go:25.41,26.32 1 0
lab3/finance/payment_instruction.go:26.32,28.3 1 0
lab3/finance/payment_instruction.go:31.44,33.2 1 0
lab3/finance/transaction_batch.go:10.56,12.2 1 0
[...]
lab3/compliance/access_review.go:14.34,16.2 1 0
lab3/compliance/access_review.go:18.42,20.2 1 0
lab3/compliance/audit_log.go:10.43,12.2 1 0
lab3/compliance/audit_log.go:14.36,16.2 1 0
lab3/compliance/audit_log.go:18.38,19.25 1 0
lab3/compliance/audit_log.go:19.25,21.3 1 0
lab3/compliance/audit_log.go:22.2,22.36 1 0
lab3/compliance/incident_report.go:13.53,16.2 2 0
lab3/compliance/incident_report.go:18.47,20.2 1 0
lab3/compliance/policy_document.go:9.50,12.2 2 0
lab3/compliance/policy_document.go:14.35,16.2 1 0
lab3/compliance/policy_document.go:18.41,20.2 1 0
lab3/compliance/risk_assessment.go:10.65,12.2 1 0
lab3/compliance/risk_assessment.go:14.58,15.20 1 0
lab3/compliance/risk_assessment.go:15.20,17.3 1 0
lab3/compliance/risk_assessment.go:18.2,19.18 2 0
lab3/compliance/risk_assessment.go:22.43,24.2 1 0
lab3/finance/bank_account.go:13.47,14.17 1 0
lab3/finance/bank_account.go:14.17,16.3 1 0
lab3/finance/bank_account.go:17.2,17.21 1 0
lab3/finance/bank_account.go:20.53,21.17 1 0
lab3/finance/bank_account.go:21.17,23.3 1 0
lab3/finance/bank_account.go:24.2,24.39 1 0
lab3/finance/bank_account.go:24.39,26.3 1 0
lab3/finance/bank_account.go:27.2,28.13 2 0
lab3/finance/bank_account.go:31.34,33.2 1 0
lab3/finance/bank_account.go:35.52,37.2 1 0
lab3/finance/currency.go:13.49,15.2 1 0
lab3/finance/currency.go:17.44,19.2 1 0
lab3/finance/currency.go:21.57,23.33 2 0
lab3/finance/currency.go:23.33,25.3 1 0
lab3/finance/currency.go:26.2,27.36 2 0
lab3/finance/currency.go:30.54,33.2 2 0
lab3/finance/exchange_rate_table.go:9.60,11.2 1 0
lab3/finance/exchange_rate_table.go:13.64,14.20 1 0
lab3/finance/exchange_rate_table.go:14.20,16.3 1 0
lab3/finance/exchange_rate_table.go:17.2,17.22 1 0
lab3/finance/exchange_rate_table.go:20.75,22.22 2 0
lab3/finance/exchange_rate_table.go:22.22,24.3 1 0
lab3/finance/exchange_rate_table.go:25.2,25.22 1 0
lab3/finance/exchange_rate_table.go:28.54,31.2 2 0
lab3/finance/ledger_entry.go:11.46,13.2 1 0
lab3/finance/ledger_entry.go:15.38,17.2 1 0
lab3/finance/payment_instruction.go:15.115,17.2 1 0
lab3/finance/payment_instruction.go:19.40,20.31 1 0
lab3/finance/payment_instruction.go:20.31,22.3 1 0
lab3/finance/payment_instruction.go:25.41,26.32 1 0
lab3/finance/payment_instruction.go:26.32,28.3 1 0
lab3/finance/payment_instruction.go:31.44,33.2 1 0
lab3/finance/transaction_batch.go:10.56,12.2 1 0
lab3/finance/transaction_batch.go:14.43,16.30 2 0
lab3/finance/transaction_batch.go:16.30,18.3 1 0
lab3/finance/transaction_batch.go:19.2,19.17 1 0
lab3/finance/transaction_batch.go:22.36,24.2 1 0
lab3/finance/transaction_batch.go:26.45,28.2 1 0
lab3/hr/access_badge.go:11.39,13.2 1 0
lab3/hr/access_badge.go:15.56,16.15 1 0
lab3/hr/access_badge.go:16.15,18.3 1 0
lab3/hr/access_badge.go:19.2,21.17 3 0
lab3/hr/access_badge.go:24.52,26.2 1 0
lab3/hr/contract.go:12.44,14.2 1 0
lab3/hr/contract.go:16.39,18.2 1 0
lab3/hr/employee.go:15.31,17.2 1 0
lab3/hr/employee.go:19.54,21.2 1 0
lab3/hr/employee.go:23.48,25.18 2 0
lab3/hr/employee.go:25.18,27.3 1 0
lab3/hr/employee.go:30.33,32.2 1 0
lab3/hr/permission.go:9.30,11.2 1 0
lab3/hr/permission.go:13.31,15.2 1 0
lab3/hr/permission.go:17.50,19.2 1 0
lab3/hr/position.go:12.30,15.2 2 0
lab3/hr/position.go:17.35,19.2 1 0
lab3/hr/schedule.go:10.58,13.2 2 0
lab3/hr/schedule.go:15.37,17.2 1 0
lab3/hr/schedule.go:19.46,20.33 1 0
lab3/hr/schedule.go:20.33,21.20 1 0
lab3/hr/schedule.go:21.20,23.4 1 0
lab3/hr/schedule.go:25.2,25.14 1 0
lab3/payroll/bonus.go:9.44,11.2 1 0
lab3/payroll/bonus.go:13.33,15.2 1 0
lab3/payroll/bonus.go:17.32,19.2 1 0
lab3/payroll/deduction.go:9.54,11.19 2 0
lab3/payroll/deduction.go:11.19,13.3 1 0
lab3/payroll/deduction.go:14.2,14.14 1 0
lab3/payroll/deduction.go:17.42,19.2 1 0
lab3/payroll/overtime_policy.go:12.58,13.24 1 0
lab3/payroll/overtime_policy.go:13.24,15.3 1 0
lab3/payroll/overtime_policy.go:16.2,16.51 1 0
lab3/payroll/overtime_policy.go:19.43,21.2 1 0
lab3/payroll/overtime_policy.go:23.52,25.2 1 0
lab3/payroll/pay_calendar.go:11.37,13.2 1 0
lab3/payroll/pay_calendar.go:15.53,17.2 1 0
lab3/payroll/pay_component.go:10.53,12.2 1 0
lab3/payroll/pay_component.go:14.43,16.2 1 0
lab3/payroll/pay_component.go:18.38,20.2 1 0
lab3/payroll/paycheck.go:11.49,13.2 1 0
lab3/payroll/paycheck.go:15.45,17.2 1 0
lab3/payroll/paycheck.go:19.33,21.34 2 0
lab3/payroll/paycheck.go:21.34,23.3 1 0
lab3/payroll/paycheck.go:24.2,24.41 1 0
lab3/payroll/paycheck.go:24.41,26.3 1 0
lab3/payroll/paycheck.go:27.2,27.15 1 0
lab3/payroll/paycheck.go:27.15,29.3 1 0
lab3/payroll/paycheck.go:30.2,30.15 1 0
lab3/payroll/paycheck.go:33.46,35.34 2 0
lab3/payroll/paycheck.go:35.34,37.3 1 0
lab3/payroll/paycheck.go:38.2,38.41 1 0
lab3/payroll/paycheck.go:38.41,40.3 1 0
lab3/payroll/paycheck.go:41.2,41.14 1 0
lab3/payroll/payroll_run.go:13.49,15.2 1 0
lab3/payroll/payroll_run.go:17.51,19.2 1 0
lab3/payroll/payroll_run.go:21.44,23.32 2 0
lab3/payroll/payroll_run.go:23.32,25.37 2 0
lab3/payroll/payroll_run.go:25.37,27.4 1 0
lab3/payroll/payroll_run.go:28.3,28.18 1 0
lab3/payroll/payroll_run.go:30.2,30.14 1 0
lab3/payroll/payroll_run.go:33.41,35.2 1 0
lab3/payroll/salary_band.go:12.52,14.2 1 0
lab3/payroll/salary_band.go:16.44,19.2 2 0
lab3/performance/certification.go:10.36,12.2 1 0
lab3/performance/certification.go:14.45,17.2 2 0
lab3/performance/certification.go:19.48,21.2 1 0
lab3/performance/performance_goal.go:14.87,16.2 1 0
lab3/performance/performance_goal.go:18.55,20.28 2 0
lab3/performance/performance_goal.go:20.28,22.3 1 0
lab3/performance/performance_goal.go:25.47,26.19 1 0
lab3/performance/performance_goal.go:26.19,28.3 1 0
lab3/performance/performance_goal.go:29.2,29.30 1 0
lab3/performance/performance_review.go:13.56,15.2 1 0
lab3/performance/performance_review.go:17.45,19.2 1 0
lab3/performance/performance_review.go:21.58,23.2 1 0
lab3/performance/promotion_case.go:13.35,17.2 3 0
lab3/performance/promotion_case.go:19.45,22.2 2 0
lab3/performance/promotion_case.go:24.41,26.2 1 0
lab3/performance/training_course.go:12.50,15.2 2 0
lab3/performance/training_course.go:17.44,19.2 1 0
lab3/performance/training_course.go:21.45,23.2 1 0
lab3/reporting/benefits_report.go:9.51,12.2 2 1
lab3/reporting/benefits_report.go:14.47,15.22 1 1
lab3/reporting/benefits_report.go:15.22,17.3 1 0
lab3/reporting/benefits_report.go:18.2,18.46 1 1
lab3/reporting/compliance_report.go:9.61,12.2 2 1
lab3/reporting/compliance_report.go:14.42,16.2 1 1
lab3/reporting/headcount_report.go:8.43,10.2 1 1
lab3/reporting/headcount_report.go:12.65,13.31 1 1
lab3/reporting/headcount_report.go:13.31,15.3 1 0
lab3/reporting/headcount_report.go:16.2,17.28 2 1
lab3/reporting/headcount_report.go:20.38,22.2 1 1
lab3/reporting/headcount_report.go:24.59,26.2 1 1
lab3/reporting/payroll_report.go:10.49,12.2 1 1
lab3/reporting/payroll_report.go:14.40,16.31 2 1
lab3/reporting/payroll_report.go:16.31,18.3 1 1
lab3/reporting/payroll_report.go:19.2,19.17 1 1
lab3/reporting/payroll_report.go:22.39,24.2 1 1
lab3/timeoff/leave_accrual.go:9.37,11.2 1 0
lab3/timeoff/leave_accrual.go:13.32,15.2 1 0
lab3/timeoff/leave_accrual.go:17.65,19.2 1 0
lab3/timeoff/leave_approval.go:10.63,13.13 3 0
lab3/timeoff/leave_approval.go:13.13,15.3 1 0
lab3/timeoff/leave_approval.go:15.8,17.3 1 0
lab3/timeoff/leave_approval.go:20.39,22.2 1 0
lab3/timeoff/leave_balance.go:10.45,12.2 1 0
lab3/timeoff/leave_balance.go:14.48,15.24 1 0
lab3/timeoff/leave_balance.go:15.24,17.3 1 0
lab3/timeoff/leave_balance.go:18.2,20.13 3 0
lab3/timeoff/leave_balance.go:23.43,25.2 1 0
lab3/timeoff/leave_policy.go:12.41,14.2 1 0
lab3/timeoff/leave_policy.go:16.50,18.2 1 0
lab3/timeoff/leave_policy.go:20.47,22.2 1 0
lab3/timeoff/leave_request.go:15.99,17.2 1 0
lab3/timeoff/leave_request.go:19.34,21.2 1 0
lab3/timeoff/leave_request.go:23.33,25.2 1 0
lab3/timeoff/leave_request.go:27.41,29.2 1 0
lab3/apperrors/access_error.go:10.37,12.2 1 0
lab3/apperrors/access_error.go:14.36,16.2 1 0
lab3/apperrors/access_error.go:18.40,20.2 1 0
lab3/apperrors/approval_missing_error.go:10.46,12.2 1 0
lab3/apperrors/approval_missing_error.go:14.45,16.2 1 0
lab3/apperrors/approval_missing_error.go:18.51,20.2 1 0
lab3/apperrors/data_integrity_error.go:10.44,12.2 1 0
lab3/apperrors/data_integrity_error.go:14.43,16.2 1 0
lab3/apperrors/data_integrity_error.go:18.45,20.2 1 0
lab3/apperrors/duplicate_employee_error.go:9.48,11.2 1 0
lab3/apperrors/duplicate_employee_error.go:13.47,15.2 1 0
lab3/apperrors/duplicate_employee_error.go:17.56,19.2 1 0
lab3/apperrors/inconsistent_state_error.go:10.48,12.2 1 0
lab3/apperrors/inconsistent_state_error.go:14.47,16.2 1 0
lab3/apperrors/inconsistent_state_error.go:18.48,20.2 1 0
lab3/apperrors/insufficient_balance_error.go:11.50,13.2 1 0
lab3/apperrors/insufficient_balance_error.go:15.49,17.2 1 0
lab3/apperrors/insufficient_balance_error.go:19.55,20.25 1 0
lab3/apperrors/insufficient_balance_error.go:20.25,22.3 1 0
lab3/apperrors/insufficient_balance_error.go:23.2,23.28 1 0
lab3/apperrors/invalid_currency_error.go:9.46,11.2 1 0
lab3/apperrors/invalid_currency_error.go:13.45,15.2 1 0
lab3/apperrors/invalid_currency_error.go:17.46,19.2 1 0
lab3/apperrors/overtime_limit_error.go:11.44,13.2 1 0
lab3/apperrors/overtime_limit_error.go:15.43,17.2 1 0
lab3/apperrors/overtime_limit_error.go:19.46,20.24 1 0
lab3/apperrors/overtime_limit_error.go:20.24,22.3 1 0
lab3/apperrors/overtime_limit_error.go:23.2,23.26 1 0
lab3/apperrors/payroll_lock_error.go:10.42,12.2 1 0
lab3/apperrors/payroll_lock_error.go:14.41,16.2 1 0
lab3/apperrors/payroll_lock_error.go:18.53,20.2 1 0
lab3/apperrors/policy_violation_error.go:10.46,12.2 1 0
lab3/apperrors/policy_violation_error.go:14.45,16.2 1 0
lab3/apperrors/policy_violation_error.go:18.59,20.2 1 0
lab3/apperrors/schedule_conflict_error.go:10.47,12.2 1 0
lab3/apperrors/schedule_conflict_error.go:14.46,16.2 1 0
lab3/apperrors/schedule_conflict_error.go:18.61,20.2 1 0
lab3/apperrors/unauthenticated_action_error.go:9.52,11.2 1 0
lab3/apperrors/unauthenticated_action_error.go:13.51,15.2 1 0
lab3/apperrors/unauthenticated_action_error.go:17.53,19.2 1 0
lab3/benefits/benefit_enrollment.go:13.100,15.2 1 0
lab3/benefits/benefit_enrollment.go:17.38,19.2 1 0
lab3/benefits/benefit_enrollment.go:21.42,23.2 1 0
lab3/benefits/benefit_enrollment.go:25.44,27.2 1 0
lab3/benefits/benefit_plan.go:11.34,13.2 1 0
lab3/benefits/benefit_plan.go:15.46,17.2 1 0
lab3/benefits/benefit_plan.go:19.46,21.15 2 0
lab3/benefits/benefit_plan.go:21.15,23.3 1 0
lab3/benefits/benefit_plan.go:24.2,24.14 1 0
lab3/benefits/benefit_statement.go:9.54,11.2 1 0
lab3/benefits/benefit_statement.go:13.43,15.31 2 0
lab3/benefits/benefit_statement.go:15.31,17.3 1 0
lab3/benefits/benefit_statement.go:18.2,18.21 1 0
lab3/benefits/benefit_statement.go:21.43,23.2 1 0
lab3/benefits/insurance_claim.go:16.96,18.2 1 0
lab3/benefits/insurance_claim.go:20.36,24.2 3 0
lab3/benefits/insurance_claim.go:26.35,30.2 3 0
lab3/benefits/insurance_claim.go:32.42,34.2 1 0
lab3/benefits/reimbursement_request.go:15.114,17.2 1 0
lab3/benefits/reimbursement_request.go:19.42,21.2 1 0
lab3/benefits/reimbursement_request.go:23.41,25.2 1 0
lab3/benefits/reimbursement_request.go:27.49,29.2 1 0
lab3/communication/alert_subscription.go:10.41,12.2 1 0
lab3/communication/alert_subscription.go:14.43,16.2 1 0
lab3/communication/alert_subscription.go:18.44,20.2 1 0
lab3/communication/email_template.go:10.36,12.2 1 0
lab3/communication/email_template.go:14.51,16.2 1 0
lab3/communication/email_template.go:18.40,20.2 1 0
lab3/communication/message_sender.go:9.51,10.19 1 0
lab3/communication/message_sender.go:10.19,12.3 1 0
lab3/communication/message_sender.go:13.2,14.13 2 0
lab3/communication/message_sender.go:17.39,19.2 1 0
lab3/communication/notification_preference.go:10.43,12.2 1 0
lab3/communication/notification_preference.go:14.44,16.2 1 0
lab3/communication/notification_preference.go:18.68,20.2 1 0
lab3/communication/reminder_schedule.go:10.49,12.2 1 0
lab3/communication/reminder_schedule.go:14.37,16.2 1 0
lab3/communication/reminder_schedule.go:18.52,20.2 1 0
lab3/communication/reminder_schedule.go:22.45,23.23 1 0
lab3/communication/reminder_schedule.go:23.23,25.3 1 0
lab3/communication/reminder_schedule.go:26.2,26.19 1 0
lab3/compliance/access_review.go:10.51,12.2 1 0
lab3/compliance/access_review.go:14.34,16.2 1 0
lab3/compliance/access_review.go:18.42,20.2 1 0
lab3/compliance/audit_log.go:10.43,12.2 1 0
lab3/compliance/audit_log.go:14.36,16.2 1 0
lab3/compliance/audit_log.go:18.38,19.25 1 0
lab3/compliance/audit_log.go:19.25,21.3 1 0
lab3/compliance/audit_log.go:22.2,22.36 1 0
lab3/compliance/incident_report.go:13.53,16.2 2 0
lab3/compliance/incident_report.go:18.47,20.2 1 0
lab3/compliance/policy_document.go:9.50,12.2 2 0
lab3/compliance/policy_document.go:14.35,16.2 1 0
lab3/compliance/policy_document.go:18.41,20.2 1 0
lab3/compliance/risk_assessment.go:10.65,12.2 1 0
lab3/compliance/risk_assessment.go:14.58,15.20 1 0
lab3/compliance/risk_assessment.go:15.20,17.3 1 0
lab3/compliance/risk_assessment.go:18.2,19.18 2 0
lab3/compliance/risk_assessment.go:22.43,24.2 1 0
lab3/finance/bank_account.go:13.47,14.17 1 0
lab3/finance/bank_account.go:14.17,16.3 1 0
lab3/finance/bank_account.go:17.2,17.21 1 0
lab3/finance/bank_account.go:20.53,21.17 1 0
lab3/finance/bank_account.go:21.17,23.3 1 0
lab3/finance/bank_account.go:24.2,24.39 1 0
lab3/finance/bank_account.go:24.39,26.3 1 0
lab3/finance/bank_account.go:27.2,28.13 2 0
lab3/finance/bank_account.go:31.34,33.2 1 0
lab3/finance/bank_account.go:35.52,37.2 1 0
lab3/finance/currency.go:13.49,15.2 1 0
lab3/finance/currency.go:17.44,19.2 1 0
lab3/finance/currency.go:21.57,23.33 2 0
lab3/finance/currency.go:23.33,25.3 1 0
lab3/finance/currency.go:26.2,27.36 2 0
lab3/finance/currency.go:30.54,33.2 2 0
lab3/finance/exchange_rate_table.go:9.60,11.2 1 0
lab3/finance/exchange_rate_table.go:13.64,14.20 1 0
lab3/finance/exchange_rate_table.go:14.20,16.3 1 0
lab3/finance/exchange_rate_table.go:17.2,17.22 1 0
lab3/finance/exchange_rate_table.go:20.75,22.22 2 0
lab3/finance/exchange_rate_table.go:22.22,24.3 1 0
lab3/finance/exchange_rate_table.go:25.2,25.22 1 0
lab3/finance/exchange_rate_table.go:28.54,31.2 2 0
lab3/finance/ledger_entry.go:11.46,13.2 1 0
lab3/finance/ledger_entry.go:15.38,17.2 1 0
lab3/finance/payment_instruction.go:15.115,17.2 1 0
lab3/finance/payment_instruction.go:19.40,20.31 1 0
lab3/finance/payment_instruction.go:20.31,22.3 1 0
lab3/finance/payment_instruction.go:25.41,26.32 1 0
lab3/finance/payment_instruction.go:26.32,28.3 1 0
lab3/finance/payment_instruction.go:31.44,33.2 1 0
lab3/finance/transaction_batch.go:10.56,12.2 1 0
lab3/finance/transaction_batch.go:14.43,16.30 2 0
lab3/finance/transaction_batch.go:16.30,18.3 1 0
lab3/finance/transaction_batch.go:19.2,19.17 1 0
lab3/finance/transaction_batch.go:22.36,24.2 1 0
lab3/finance/transaction_batch.go:26.45,28.2 1 0
lab3/hr/access_badge.go:11.39,13.2 1 0
lab3/hr/access_badge.go:15.56,16.15 1 0
lab3/hr/access_badge.go:16.15,18.3 1 0
lab3/hr/access_badge.go:19.2,21.17 3 0
lab3/hr/access_badge.go:24.52,26.2 1 0
lab3/hr/contract.go:12.44,14.2 1 0
lab3/hr/contract.go:16.39,18.2 1 0
lab3/hr/employee.go:15.31,17.2 1 0
lab3/hr/employee.go:19.54,21.2 1 1
lab3/hr/employee.go:23.48,25.18 2 0
lab3/hr/employee.go:25.18,27.3 1 0
lab3/hr/employee.go:30.33,32.2 1 0
lab3/hr/permission.go:9.30,11.2 1 0
lab3/hr/permission.go:13.31,15.2 1 0
lab3/hr/permission.go:17.50,19.2 1 0
lab3/hr/position.go:12.30,15.2 2 0
lab3/hr/position.go:17.35,19.2 1 0
lab3/hr/schedule.go:10.58,13.2 2 0
lab3/hr/schedule.go:15.37,17.2 1 0
lab3/hr/schedule.go:19.46,20.33 1 0
lab3/hr/schedule.go:20.33,21.20 1 0
lab3/hr/schedule.go:21.20,23.4 1 0
lab3/hr/schedule.go:25.2,25.14 1 0
lab3/payroll/bonus.go:9.44,11.2 1 0
lab3/payroll/bonus.go:13.33,15.2 1 0
lab3/payroll/bonus.go:17.32,19.2 1 0
lab3/payroll/deduction.go:9.54,11.19 2 0
lab3/payroll/deduction.go:11.19,13.3 1 0
lab3/payroll/deduction.go:14.2,14.14 1 0
lab3/payroll/deduction.go:17.42,19.2 1 0
lab3/payroll/overtime_policy.go:12.58,13.24 1 0
lab3/payroll/overtime_policy.go:13.24,15.3 1 0
lab3/payroll/overtime_policy.go:16.2,16.51 1 0
lab3/payroll/overtime_policy.go:19.43,21.2 1 0
lab3/payroll/overtime_policy.go:23.52,25.2 1 0
lab3/payroll/pay_calendar.go:11.37,13.2 1 0
lab3/payroll/pay_calendar.go:15.53,17.2 1 0
lab3/payroll/pay_component.go:10.53,12.2 1 0
lab3/payroll/pay_component.go:14.43,16.2 1 0
lab3/payroll/pay_component.go:18.38,20.2 1 0
lab3/payroll/paycheck.go:11.49,13.2 1 0
lab3/payroll/paycheck.go:15.45,17.2 1 0
lab3/payroll/paycheck.go:19.33,21.34 2 0
lab3/payroll/paycheck.go:21.34,23.3 1 0
lab3/payroll/paycheck.go:24.2,24.41 1 0
lab3/payroll/paycheck.go:24.41,26.3 1 0
lab3/payroll/paycheck.go:27.2,27.15 1 0
lab3/payroll/paycheck.go:27.15,29.3 1 0
lab3/payroll/paycheck.go:30.2,30.15 1 0
lab3/payroll/paycheck.go:33.46,35.34 2 0
lab3/payroll/paycheck.go:35.34,37.3 1 0
lab3/payroll/paycheck.go:38.2,38.41 1 0
lab3/payroll/paycheck.go:38.41,40.3 1 0
lab3/payroll/paycheck.go:41.2,41.14 1 0
lab3/payroll/payroll_run.go:13.49,15.2 1 0
lab3/payroll/payroll_run.go:17.51,19.2 1 0
lab3/payroll/payroll_run.go:21.44,23.32 2 0
lab3/payroll/payroll_run.go:23.32,25.37 2 0
lab3/payroll/payroll_run.go:25.37,27.4 1 0
lab3/payroll/payroll_run.go:28.3,28.18 1 0
lab3/payroll/payroll_run.go:30.2,30.14 1 0
lab3/payroll/payroll_run.go:33.41,35.2 1 0
lab3/payroll/salary_band.go:12.52,14.2 1 0
lab3/payroll/salary_band.go:16.44,19.2 2 0
lab3/performance/certification.go:10.36,12.2 1 1
lab3/performance/certification.go:14.45,17.2 2 1
lab3/performance/certification.go:19.48,21.2 1 1
lab3/performance/performance_goal.go:14.87,16.2 1 1
lab3/performance/performance_goal.go:18.55,20.28 2 1
lab3/performance/performance_goal.go:20.28,22.3 1 1
lab3/performance/performance_goal.go:25.47,26.19 1 1
lab3/performance/performance_goal.go:26.19,28.3 1 0
lab3/performance/performance_goal.go:29.2,29.30 1 1
lab3/performance/performance_review.go:13.56,15.2 1 1
lab3/performance/performance_review.go:17.45,19.2 1 1
lab3/performance/performance_review.go:21.58,23.2 1 1
lab3/performance/promotion_case.go:13.35,17.2 3 1
lab3/performance/promotion_case.go:19.45,22.2 2 1
lab3/performance/promotion_case.go:24.41,26.2 1 1
lab3/performance/training_course.go:12.50,15.2 2 1
lab3/performance/training_course.go:17.44,19.2 1 1
lab3/performance/training_course.go:21.45,23.2 1 1
lab3/reporting/benefits_report.go:9.51,12.2 2 0
lab3/reporting/benefits_report.go:14.47,15.22 1 0
lab3/reporting/benefits_report.go:15.22,17.3 1 0
lab3/reporting/benefits_report.go:18.2,18.46 1 0
lab3/reporting/compliance_report.go:9.61,12.2 2 0
lab3/reporting/compliance_report.go:14.42,16.2 1 0
lab3/reporting/headcount_report.go:8.43,10.2 1 0
lab3/reporting/headcount_report.go:12.65,13.31 1 0
lab3/reporting/headcount_report.go:13.31,15.3 1 0
lab3/reporting/headcount_report.go:16.2,17.28 2 0
lab3/reporting/headcount_report.go:20.38,22.2 1 0
lab3/reporting/headcount_report.go:24.59,26.2 1 0
lab3/reporting/payroll_report.go:10.49,12.2 1 0
lab3/reporting/payroll_report.go:14.40,16.31 2 0
lab3/reporting/payroll_report.go:16.31,18.3 1 0
lab3/reporting/payroll_report.go:19.2,19.17 1 0
lab3/reporting/payroll_report.go:22.39,24.2 1 0
lab3/timeoff/leave_accrual.go:9.37,11.2 1 0
lab3/timeoff/leave_accrual.go:13.32,15.2 1 0
lab3/timeoff/leave_accrual.go:17.65,19.2 1 0
lab3/timeoff/leave_approval.go:10.63,13.13 3 0
lab3/timeoff/leave_approval.go:13.13,15.3 1 0
lab3/timeoff/leave_approval.go:15.8,17.3 1 0
lab3/timeoff/leave_approval.go:20.39,22.2 1 0
lab3/timeoff/leave_balance.go:10.45,12.2 1 0
lab3/timeoff/leave_balance.go:14.48,15.24 1 0
lab3/timeoff/leave_balance.go:15.24,17.3 1 0
lab3/timeoff/leave_balance.go:18.2,20.13 3 0
lab3/timeoff/leave_balance.go:23.43,25.2 1 0
lab3/timeoff/leave_policy.go:12.41,14.2 1 0
lab3/timeoff/leave_policy.go:16.50,18.2 1 0
lab3/timeoff/leave_policy.go:20.47,22.2 1 0
lab3/timeoff/leave_request.go:15.99,17.2 1 0
lab3/timeoff/leave_request.go:19.34,21.2 1 0
lab3/timeoff/leave_request.go:23.33,25.2 1 0
lab3/timeoff/leave_request.go:27.41,29.2 1 0
